#
# There is insufficient memory for the Java Runtime Environment to continue.
# Native memory allocation (malloc) failed to allocate 1167616 bytes for Chunk::new
# Possible reasons:
#   The system is out of physical RAM or swap space
#   The process is running with CompressedOops enabled, and the Java Heap may be blocking the growth of the native heap
# Possible solutions:
#   Reduce memory load on the system
#   Increase physical memory or swap space
#   Check if swap backing store is full
#   Decrease Java heap size (-Xmx/-Xms)
#   Decrease number of Java threads
#   Decrease Java thread stack sizes (-Xss)
#   Set larger code cache with -XX:ReservedCodeCacheSize=
#   JVM is running with Unscaled Compressed Oops mode in which the Java heap is
#     placed in the first 4GB address space. The Java Heap base address is the
#     maximum limit for the native heap growth. Please use -XX:HeapBaseMinAddress
#     to set the Java Heap base and to place the Java Heap above 4GB virtual address.
# This output file may be truncated or incomplete.
#
#  Out of Memory Error (allocation.cpp:389), pid=868, tid=0x0000000000002904
#
# JRE version: OpenJDK Runtime Environment (8.0_232-b09) (build 1.8.0_232-b09)
# Java VM: OpenJDK 64-Bit Server VM (25.232-b09 mixed mode windows-amd64 compressed oops)
# Failed to write core dump. Minidumps are not enabled by default on client versions of Windows
#

---------------  T H R E A D  ---------------

Current thread (0x00000241afffa000):  JavaThread "C2 CompilerThread0" daemon [_thread_in_native, id=10500, stack(0x000000bb91a00000,0x000000bb91b00000)]

Stack: [0x000000bb91a00000,0x000000bb91b00000]
[error occurred during error reporting (printing stack bounds), id 0xc0000005]

Native frames: (J=compiled Java code, j=interpreted, Vv=VM code, C=native code)


Current CompileTask:
C2:  76571 4464       4       java.net.URLClassLoader$1::run (5 bytes)


---------------  P R O C E S S  ---------------

Java Threads: ( => current thread )
  0x00000241b1432000 JavaThread "[projeto-final-aula].http.requester.auto-generated-http-request-0.worker(8)" daemon [_thread_blocked, id=12300, stack(0x000000bb95c00000,0x000000bb95d00000)]
  0x00000241b1434800 JavaThread "[projeto-final-aula].http.requester.auto-generated-http-request-0.worker(7)" daemon [_thread_blocked, id=7668, stack(0x000000bb95b00000,0x000000bb95c00000)]
  0x00000241b142f000 JavaThread "[projeto-final-aula].http.requester.auto-generated-http-request-0.worker(6)" daemon [_thread_blocked, id=4836, stack(0x000000bb95a00000,0x000000bb95b00000)]
  0x00000241b1430000 JavaThread "[projeto-final-aula].http.requester.auto-generated-http-request-0.worker(5)" daemon [_thread_blocked, id=12640, stack(0x000000bb95900000,0x000000bb95a00000)]
  0x00000241b323d000 JavaThread "[projeto-final-aula].http.requester.auto-generated-http-request-0.worker(4)" daemon [_thread_blocked, id=3344, stack(0x000000bb95800000,0x000000bb95900000)]
  0x00000241b87f0800 JavaThread "[projeto-final-aula].http.requester.auto-generated-http-request-0.worker(3)" daemon [_thread_blocked, id=2920, stack(0x000000bb95700000,0x000000bb95800000)]
  0x00000241b87f0000 JavaThread "[projeto-final-aula].http.requester.auto-generated-http-request-0.worker(2)" daemon [_thread_blocked, id=6176, stack(0x000000bb95600000,0x000000bb95700000)]
  0x00000241b87ee800 JavaThread "[projeto-final-aula].http.requester.auto-generated-http-request-0.worker(1)" daemon [_thread_blocked, id=11096, stack(0x000000bb95500000,0x000000bb95600000)]
  0x00000241b87ed800 JavaThread "[projeto-final-aula].http.requester.auto-generated-http-request-0(4) SelectorRunner" daemon [_thread_in_native, id=5940, stack(0x000000bb95400000,0x000000bb95500000)]
  0x00000241b87ef000 JavaThread "[projeto-final-aula].http.requester.auto-generated-http-request-0(3) SelectorRunner" daemon [_thread_in_native, id=11324, stack(0x000000bb95300000,0x000000bb95400000)]
  0x00000241b87ed000 JavaThread "[projeto-final-aula].http.requester.auto-generated-http-request-0(2) SelectorRunner" daemon [_thread_in_native, id=6316, stack(0x000000bb95200000,0x000000bb95300000)]
  0x00000241b87f1800 JavaThread "[projeto-final-aula].http.requester.auto-generated-http-request-0(1) SelectorRunner" daemon [_thread_in_native, id=1696, stack(0x000000bb95100000,0x000000bb95200000)]
  0x00000241b87ec000 JavaThread "connection-pool-delays-thread-pool(1)" daemon [_thread_blocked, id=13164, stack(0x000000bb95000000,0x000000bb95100000)]
  0x00000241b87e4800 JavaThread "Grizzly-IdleTimeoutFilter-IdleCheck" daemon [_thread_blocked, id=7800, stack(0x000000bb94f00000,0x000000bb95000000)]
  0x00000241b87eb800 JavaThread "[projeto-final-aula].ScatterGatherWorkManager.02" daemon [_thread_blocked, id=4364, stack(0x000000bb90c00000,0x000000bb90d00000)]
  0x00000241b87ea800 JavaThread "[projeto-final-aula].ScatterGatherWorkManager.01" daemon [_thread_blocked, id=10384, stack(0x000000bb90b00000,0x000000bb90c00000)]
  0x00000241b87e3000 JavaThread "[projeto-final-aula].HTTP_Listener_Configuration.worker.03" daemon [_thread_blocked, id=10652, stack(0x000000bb94e00000,0x000000bb94f00000)]
  0x00000241b87ea000 JavaThread "[projeto-final-aula].HTTP_Listener_Configuration.worker.02" daemon [_thread_blocked, id=5580, stack(0x000000bb94d00000,0x000000bb94e00000)]
  0x00000241b87e6000 JavaThread "DestroyJavaVM" [_thread_blocked, id=4376, stack(0x000000bb90d00000,0x000000bb90e00000)]
  0x00000241b87e9000 JavaThread "Mule.app.deployer.monitor.1.thread.1" [_thread_blocked, id=8136, stack(0x000000bb94b00000,0x000000bb94c00000)]
  0x00000241b87e8800 JavaThread "agw-policy-watcher" [_thread_blocked, id=9360, stack(0x000000bb94a00000,0x000000bb94b00000)]
  0x00000241b87e2800 JavaThread "[projeto-final-aula].HTTP_Listener_Configuration.worker.01" daemon [_thread_blocked, id=1384, stack(0x000000bb94900000,0x000000bb94a00000)]
  0x00000241b87e7800 JavaThread "[projeto-final-aula].http.requester.HTTP_BrRobotics.worker(8)" daemon [_thread_blocked, id=8048, stack(0x000000bb94800000,0x000000bb94900000)]
  0x00000241b87e5800 JavaThread "[projeto-final-aula].http.requester.HTTP_BrRobotics.worker(7)" daemon [_thread_blocked, id=9924, stack(0x000000bb94700000,0x000000bb94800000)]
  0x00000241b87e7000 JavaThread "[projeto-final-aula].http.requester.HTTP_BrRobotics.worker(6)" daemon [_thread_blocked, id=704, stack(0x000000bb94600000,0x000000bb94700000)]
  0x00000241b87e4000 JavaThread "[projeto-final-aula].http.requester.HTTP_BrRobotics.worker(5)" daemon [_thread_blocked, id=2840, stack(0x000000bb94500000,0x000000bb94600000)]
  0x00000241b2bcd000 JavaThread "[projeto-final-aula].http.requester.HTTP_BrRobotics.worker(4)" daemon [_thread_blocked, id=8700, stack(0x000000bb94400000,0x000000bb94500000)]
  0x00000241b2bcb800 JavaThread "[projeto-final-aula].http.requester.HTTP_BrRobotics.worker(3)" daemon [_thread_blocked, id=4968, stack(0x000000bb94300000,0x000000bb94400000)]
  0x00000241b3242800 JavaThread "[projeto-final-aula].http.requester.HTTP_BrRobotics.worker(2)" daemon [_thread_blocked, id=9936, stack(0x000000bb94200000,0x000000bb94300000)]
  0x00000241b3246000 JavaThread "[projeto-final-aula].http.requester.HTTP_BrRobotics.worker(1)" daemon [_thread_blocked, id=5872, stack(0x000000bb94100000,0x000000bb94200000)]
  0x00000241b3245800 JavaThread "[projeto-final-aula].http.requester.HTTP_BrRobotics(4) SelectorRunner" daemon [_thread_in_native, id=12096, stack(0x000000bb94000000,0x000000bb94100000)]
  0x00000241b3241800 JavaThread "[projeto-final-aula].http.requester.HTTP_BrRobotics(3) SelectorRunner" daemon [_thread_in_native, id=5648, stack(0x000000bb93f00000,0x000000bb94000000)]
  0x00000241b3241000 JavaThread "[projeto-final-aula].http.requester.HTTP_BrRobotics(2) SelectorRunner" daemon [_thread_in_native, id=4900, stack(0x000000bb93e00000,0x000000bb93f00000)]
  0x00000241b3240000 JavaThread "[projeto-final-aula].http.requester.HTTP_BrRobotics(1) SelectorRunner" daemon [_thread_in_native, id=2380, stack(0x000000bb93d00000,0x000000bb93e00000)]
  0x00000241b3244800 JavaThread "connection-pool-delays-thread-pool(1)" daemon [_thread_blocked, id=11852, stack(0x000000bb93c00000,0x000000bb93d00000)]
  0x00000241b3244000 JavaThread "Grizzly-IdleTimeoutFilter-IdleCheck" daemon [_thread_blocked, id=4340, stack(0x000000bb93b00000,0x000000bb93c00000)]
  0x00000241b3243000 JavaThread "[projeto-final-aula].processing.time.monitor" daemon [_thread_blocked, id=8952, stack(0x000000bb93a00000,0x000000bb93b00000)]
  0x00000241b323f800 JavaThread "[projeto-final-aula].projeto-final-aulaFlow1.stage1.01" [_thread_blocked, id=9592, stack(0x000000bb93900000,0x000000bb93a00000)]
  0x00000241b3238000 JavaThread "[projeto-final-aula].projeto-final-aulaFlow.stage1.01" [_thread_blocked, id=5344, stack(0x000000bb93800000,0x000000bb93900000)]
  0x00000241b323e800 JavaThread "GC Daemon" daemon [_thread_blocked, id=12312, stack(0x000000bb93700000,0x000000bb93800000)]
  0x00000241b323b000 JavaThread "[projeto-final-aula].http.listener.HttpIdleConnectionCloser.01" [_thread_blocked, id=9680, stack(0x000000bb93500000,0x000000bb93600000)]
  0x00000241b323a000 JavaThread "[projeto-final-aula].http.listener.worker(8)" daemon [_thread_blocked, id=8016, stack(0x000000bb93400000,0x000000bb93500000)]
  0x00000241b323c800 JavaThread "[projeto-final-aula].http.listener.worker(7)" daemon [_thread_blocked, id=2980, stack(0x000000bb93300000,0x000000bb93400000)]
  0x00000241b3238800 JavaThread "[projeto-final-aula].http.listener.worker(6)" daemon [_thread_blocked, id=12944, stack(0x000000bb93200000,0x000000bb93300000)]
  0x00000241b323e000 JavaThread "[projeto-final-aula].http.listener.worker(5)" daemon [_thread_blocked, id=11524, stack(0x000000bb93100000,0x000000bb93200000)]
  0x00000241b3237000 JavaThread "[projeto-final-aula].http.listener.worker(4)" daemon [_thread_blocked, id=7688, stack(0x000000bb93000000,0x000000bb93100000)]
  0x00000241b3239800 JavaThread "[projeto-final-aula].http.listener.worker(3)" daemon [_thread_blocked, id=3272, stack(0x000000bb92f00000,0x000000bb93000000)]
  0x00000241b323b800 JavaThread "[projeto-final-aula].http.listener.worker(2)" daemon [_thread_blocked, id=8980, stack(0x000000bb92e00000,0x000000bb92f00000)]
  0x00000241b2bc9000 JavaThread "[projeto-final-aula].http.listener.worker(1)" daemon [_thread_blocked, id=1152, stack(0x000000bb92d00000,0x000000bb92e00000)]
  0x00000241b2bca000 JavaThread "[projeto-final-aula].http.listener(5) SelectorRunner" daemon [_thread_in_native, id=7812, stack(0x000000bb92c00000,0x000000bb92d00000)]
  0x00000241b2bca800 JavaThread "[projeto-final-aula].http.listener(4) SelectorRunner" daemon [_thread_in_native, id=12916, stack(0x000000bb92b00000,0x000000bb92c00000)]
  0x00000241b2bc8800 JavaThread "[projeto-final-aula].http.listener(3) SelectorRunner" daemon [_thread_in_native, id=5596, stack(0x000000bb92a00000,0x000000bb92b00000)]
  0x00000241b2bce800 JavaThread "[projeto-final-aula].http.listener(2) SelectorRunner" daemon [_thread_in_native, id=11476, stack(0x000000bb92900000,0x000000bb92a00000)]
  0x00000241b2bcd800 JavaThread "[projeto-final-aula].http.listener(1) SelectorRunner" daemon [_thread_in_native, id=12780, stack(0x000000bb92800000,0x000000bb92900000)]
  0x00000241b4cfc800 JavaThread "[projeto-final-aula].Mule.01" [_thread_blocked, id=11996, stack(0x000000bb92700000,0x000000bb92800000)]
  0x00000241b4ae5000 JavaThread "Log4j2-TF-1-AsyncLoggerConfig-3" daemon [_thread_blocked, id=8992, stack(0x000000bb92600000,0x000000bb92700000)]
  0x00000241b4014000 JavaThread "Log4j2-TF-1-AsyncLoggerConfig-2" daemon [_thread_blocked, id=4452, stack(0x000000bb92500000,0x000000bb92600000)]
  0x00000241b3b17000 JavaThread "pool-3-thread-1" [_thread_in_native, id=10864, stack(0x000000bb92400000,0x000000bb92500000)]
  0x00000241b3f0a800 JavaThread "Thread-1" [_thread_in_native, id=3748, stack(0x000000bb92300000,0x000000bb92400000)]
  0x00000241b2a00800 JavaThread "MapDB writer #2" daemon [_thread_blocked, id=3236, stack(0x000000bb92100000,0x000000bb92200000)]
  0x00000241b2a47000 JavaThread "MapDB writer #1" daemon [_thread_blocked, id=6012, stack(0x000000bb92000000,0x000000bb92100000)]
  0x00000241b34d3800 JavaThread "Log4j2-TF-1-AsyncLoggerConfig-1" daemon [_thread_blocked, id=10092, stack(0x000000bb91f00000,0x000000bb92000000)]
  0x00000241b0087000 JavaThread "Service Thread" daemon [_thread_blocked, id=4852, stack(0x000000bb91d00000,0x000000bb91e00000)]
  0x00000241b0002000 JavaThread "C1 CompilerThread2" daemon [_thread_blocked, id=3048, stack(0x000000bb91c00000,0x000000bb91d00000)]
  0x00000241b0000000 JavaThread "C2 CompilerThread1" daemon [_thread_in_native, id=4152, stack(0x000000bb91b00000,0x000000bb91c00000)]
=>0x00000241afffa000 JavaThread "C2 CompilerThread0" daemon [_thread_in_native, id=10500, stack(0x000000bb91a00000,0x000000bb91b00000)]
  0x00000241affea000 JavaThread "JDWP Command Reader" daemon [_thread_in_native, id=10404, stack(0x000000bb91900000,0x000000bb91a00000)]
  0x00000241affdf800 JavaThread "JDWP Event Helper Thread" daemon [_thread_blocked, id=6184, stack(0x000000bb91800000,0x000000bb91900000)]
  0x00000241affdb000 JavaThread "JDWP Transport Listener: dt_socket" daemon [_thread_blocked, id=11224, stack(0x000000bb91700000,0x000000bb91800000)]
  0x00000241affaf800 JavaThread "Attach Listener" daemon [_thread_blocked, id=9572, stack(0x000000bb91600000,0x000000bb91700000)]
  0x00000241affb6800 JavaThread "Signal Dispatcher" daemon [_thread_blocked, id=2552, stack(0x000000bb91500000,0x000000bb91600000)]
  0x00000241aff87800 JavaThread "Finalizer" daemon [_thread_blocked, id=10736, stack(0x000000bb91400000,0x000000bb91500000)]
  0x00000241aff81000 JavaThread "Reference Handler" daemon [_thread_blocked, id=1944, stack(0x000000bb91300000,0x000000bb91400000)]

Other Threads:
  0x00000241aff5f800 VMThread [stack: 0x000000bb91200000,0x000000bb91300000] [id=11368]
  0x00000241b008c000 WatcherThread [stack: 0x000000bb91e00000,0x000000bb91f00000] [id=11312]

VM state:not at safepoint (normal execution)

VM Mutex/Monitor currently owned by a thread: None

heap address: 0x0000000081400000, size: 2028 MB, Compressed Oops mode: 32-bit
Narrow klass base: 0x0000000000000000, Narrow klass shift: 3
Compressed class space size: 1073741824 Address: 0x0000000100000000

Heap:
 PSYoungGen      total 310272K, used 78296K [0x00000000d5c00000, 0x00000000ed400000, 0x0000000100000000)
  eden space 290816K, 26% used [0x00000000d5c00000,0x00000000da876330,0x00000000e7800000)
  from space 19456K, 0% used [0x00000000e7800000,0x00000000e7800000,0x00000000e8b00000)
  to   space 20992K, 0% used [0x00000000ebf80000,0x00000000ebf80000,0x00000000ed400000)
 ParOldGen       total 121344K, used 53797K [0x0000000081400000, 0x0000000088a80000, 0x00000000d5c00000)
  object space 121344K, 44% used [0x0000000081400000,0x00000000848897a8,0x0000000088a80000)
 Metaspace       used 60330K, capacity 61017K, committed 61440K, reserved 1101824K
  class space    used 7935K, capacity 8168K, committed 8192K, reserved 1048576K

Card table byte_map: [0x00000241aa970000,0x00000241aad70000] byte_map_base: 0x00000241aa566000

Marking Bits: (ParMarkBitMap*) 0x000000005e145f70
 Begin Bits: [0x00000241ab020000, 0x00000241acfd0000)
 End Bits:   [0x00000241acfd0000, 0x00000241aef80000)

Polling page: 0x0000024199ce0000

CodeCache: size=245760Kb used=13638Kb max_used=14266Kb free=232121Kb
 bounds [0x000002419b5b0000, 0x000002419c3b0000, 0x00000241aa5b0000]
 total_blobs=4344 nmethods=3782 adapters=482
 compilation: enabled

Compilation events (10 events):
Event: 76.344 Thread 0x00000241b0002000 4460       1       org.mule.DefaultMuleEvent::getMessage (5 bytes)
Event: 76.344 Thread 0x00000241b0002000 nmethod 4460 0x000002419b885fd0 code [0x000002419b886120, 0x000002419b886238]
Event: 76.345 Thread 0x00000241b0002000 4461   !   3       org.springframework.beans.factory.support.AbstractAutowireCapableBeanFactory::getNonSingletonFactoryBeanForTypeCheck (130 bytes)
Event: 76.347 Thread 0x00000241b0002000 nmethod 4461 0x000002419c234ad0 code [0x000002419c234d80, 0x000002419c2362f0]
Event: 76.394 Thread 0x00000241b0002000 4462       3       java.util.BitSet::set (58 bytes)
Event: 76.395 Thread 0x00000241b0002000 nmethod 4462 0x000002419c1cf610 code [0x000002419c1cf820, 0x000002419c1d0260]
Event: 76.395 Thread 0x00000241b0002000 4463       3       java.util.BitSet::expandTo (23 bytes)
Event: 76.395 Thread 0x00000241b0002000 nmethod 4463 0x000002419c1cf210 code [0x000002419c1cf380, 0x000002419c1cf570]
Event: 76.397 Thread 0x00000241afffa000 4464       4       java.net.URLClassLoader$1::run (5 bytes)
Event: 76.439 Thread 0x00000241b0000000 4465   !   4       java.net.URLClassLoader$1::run (63 bytes)

GC Heap History (10 events):
Event: 12.281 GC heap before
{Heap before GC invocations=12 (full 2):
 PSYoungGen      total 258048K, used 8182K [0x00000000d5c00000, 0x00000000e6e00000, 0x0000000100000000)
  eden space 241664K, 0% used [0x00000000d5c00000,0x00000000d5c00000,0x00000000e4800000)
  from space 16384K, 49% used [0x00000000e5e00000,0x00000000e65fda90,0x00000000e6e00000)
  to   space 19456K, 0% used [0x00000000e4800000,0x00000000e4800000,0x00000000e5b00000)
 ParOldGen       total 93184K, used 36081K [0x0000000081400000, 0x0000000086f00000, 0x00000000d5c00000)
  object space 93184K, 38% used [0x0000000081400000,0x000000008373c490,0x0000000086f00000)
 Metaspace       used 34994K, capacity 35311K, committed 35496K, reserved 1081344K
  class space    used 4475K, capacity 4575K, committed 4608K, reserved 1048576K
Event: 12.486 GC heap after
Heap after GC invocations=12 (full 2):
 PSYoungGen      total 258048K, used 0K [0x00000000d5c00000, 0x00000000e6e00000, 0x0000000100000000)
  eden space 241664K, 0% used [0x00000000d5c00000,0x00000000d5c00000,0x00000000e4800000)
  from space 16384K, 0% used [0x00000000e5e00000,0x00000000e5e00000,0x00000000e6e00000)
  to   space 19456K, 0% used [0x00000000e4800000,0x00000000e4800000,0x00000000e5b00000)
 ParOldGen       total 121344K, used 39359K [0x0000000081400000, 0x0000000088a80000, 0x00000000d5c00000)
  object space 121344K, 32% used [0x0000000081400000,0x0000000083a6fd20,0x0000000088a80000)
 Metaspace       used 34994K, capacity 35311K, committed 35496K, reserved 1081344K
  class space    used 4475K, capacity 4575K, committed 4608K, reserved 1048576K
}
Event: 14.771 GC heap before
{Heap before GC invocations=13 (full 2):
 PSYoungGen      total 258048K, used 241664K [0x00000000d5c00000, 0x00000000e6e00000, 0x0000000100000000)
  eden space 241664K, 100% used [0x00000000d5c00000,0x00000000e4800000,0x00000000e4800000)
  from space 16384K, 0% used [0x00000000e5e00000,0x00000000e5e00000,0x00000000e6e00000)
  to   space 19456K, 0% used [0x00000000e4800000,0x00000000e4800000,0x00000000e5b00000)
 ParOldGen       total 121344K, used 39359K [0x0000000081400000, 0x0000000088a80000, 0x00000000d5c00000)
  object space 121344K, 32% used [0x0000000081400000,0x0000000083a6fd20,0x0000000088a80000)
 Metaspace       used 43634K, capacity 44057K, committed 44288K, reserved 1087488K
  class space    used 5650K, capacity 5777K, committed 5888K, reserved 1048576K
Event: 14.782 GC heap after
Heap after GC invocations=13 (full 2):
 PSYoungGen      total 261120K, used 10331K [0x00000000d5c00000, 0x00000000ea300000, 0x0000000100000000)
  eden space 241664K, 0% used [0x00000000d5c00000,0x00000000d5c00000,0x00000000e4800000)
  from space 19456K, 53% used [0x00000000e4800000,0x00000000e5216d08,0x00000000e5b00000)
  to   space 18944K, 0% used [0x00000000e9080000,0x00000000e9080000,0x00000000ea300000)
 ParOldGen       total 121344K, used 39367K [0x0000000081400000, 0x0000000088a80000, 0x00000000d5c00000)
  object space 121344K, 32% used [0x0000000081400000,0x0000000083a71d20,0x0000000088a80000)
 Metaspace       used 43634K, capacity 44057K, committed 44288K, reserved 1087488K
  class space    used 5650K, capacity 5777K, committed 5888K, reserved 1048576K
}
Event: 73.823 GC heap before
{Heap before GC invocations=14 (full 2):
 PSYoungGen      total 261120K, used 251995K [0x00000000d5c00000, 0x00000000ea300000, 0x0000000100000000)
  eden space 241664K, 100% used [0x00000000d5c00000,0x00000000e4800000,0x00000000e4800000)
  from space 19456K, 53% used [0x00000000e4800000,0x00000000e5216d08,0x00000000e5b00000)
  to   space 18944K, 0% used [0x00000000e9080000,0x00000000e9080000,0x00000000ea300000)
 ParOldGen       total 121344K, used 39367K [0x0000000081400000, 0x0000000088a80000, 0x00000000d5c00000)
  object space 121344K, 32% used [0x0000000081400000,0x0000000083a71d20,0x0000000088a80000)
 Metaspace       used 52289K, capacity 52947K, committed 53248K, reserved 1095680K
  class space    used 6911K, capacity 7143K, committed 7168K, reserved 1048576K
Event: 73.843 GC heap after
Heap after GC invocations=14 (full 2):
 PSYoungGen      total 301568K, used 13432K [0x00000000d5c00000, 0x00000000e9e00000, 0x0000000100000000)
  eden space 287744K, 0% used [0x00000000d5c00000,0x00000000d5c00000,0x00000000e7500000)
  from space 13824K, 97% used [0x00000000e9080000,0x00000000e9d9e2d8,0x00000000e9e00000)
  to   space 19456K, 0% used [0x00000000e7800000,0x00000000e7800000,0x00000000e8b00000)
 ParOldGen       total 121344K, used 39375K [0x0000000081400000, 0x0000000088a80000, 0x00000000d5c00000)
  object space 121344K, 32% used [0x0000000081400000,0x0000000083a73d20,0x0000000088a80000)
 Metaspace       used 52289K, capacity 52947K, committed 53248K, reserved 1095680K
  class space    used 6911K, capacity 7143K, committed 7168K, reserved 1048576K
}
Event: 75.344 GC heap before
{Heap before GC invocations=15 (full 2):
 PSYoungGen      total 301568K, used 250406K [0x00000000d5c00000, 0x00000000e9e00000, 0x0000000100000000)
  eden space 287744K, 82% used [0x00000000d5c00000,0x00000000e436b558,0x00000000e7500000)
  from space 13824K, 97% used [0x00000000e9080000,0x00000000e9d9e2d8,0x00000000e9e00000)
  to   space 19456K, 0% used [0x00000000e7800000,0x00000000e7800000,0x00000000e8b00000)
 ParOldGen       total 121344K, used 39375K [0x0000000081400000, 0x0000000088a80000, 0x00000000d5c00000)
  object space 121344K, 32% used [0x0000000081400000,0x0000000083a73d20,0x0000000088a80000)
 Metaspace       used 58247K, capacity 58867K, committed 59136K, reserved 1099776K
  class space    used 7670K, capacity 7879K, committed 7936K, reserved 1048576K
Event: 75.370 GC heap after
Heap after GC invocations=15 (full 2):
 PSYoungGen      total 310272K, used 16758K [0x00000000d5c00000, 0x00000000ed400000, 0x0000000100000000)
  eden space 290816K, 0% used [0x00000000d5c00000,0x00000000d5c00000,0x00000000e7800000)
  from space 19456K, 86% used [0x00000000e7800000,0x00000000e885daa0,0x00000000e8b00000)
  to   space 20992K, 0% used [0x00000000ebf80000,0x00000000ebf80000,0x00000000ed400000)
 ParOldGen       total 121344K, used 39383K [0x0000000081400000, 0x0000000088a80000, 0x00000000d5c00000)
  object space 121344K, 32% used [0x0000000081400000,0x0000000083a75d20,0x0000000088a80000)
 Metaspace       used 58247K, capacity 58867K, committed 59136K, reserved 1099776K
  class space    used 7670K, capacity 7879K, committed 7936K, reserved 1048576K
}
Event: 75.370 GC heap before
{Heap before GC invocations=16 (full 3):
 PSYoungGen      total 310272K, used 16758K [0x00000000d5c00000, 0x00000000ed400000, 0x0000000100000000)
  eden space 290816K, 0% used [0x00000000d5c00000,0x00000000d5c00000,0x00000000e7800000)
  from space 19456K, 86% used [0x00000000e7800000,0x00000000e885daa0,0x00000000e8b00000)
  to   space 20992K, 0% used [0x00000000ebf80000,0x00000000ebf80000,0x00000000ed400000)
 ParOldGen       total 121344K, used 39383K [0x0000000081400000, 0x0000000088a80000, 0x00000000d5c00000)
  object space 121344K, 32% used [0x0000000081400000,0x0000000083a75d20,0x0000000088a80000)
 Metaspace       used 58247K, capacity 58867K, committed 59136K, reserved 1099776K
  class space    used 7670K, capacity 7879K, committed 7936K, reserved 1048576K
Event: 75.755 GC heap after
Heap after GC invocations=16 (full 3):
 PSYoungGen      total 310272K, used 0K [0x00000000d5c00000, 0x00000000ed400000, 0x0000000100000000)
  eden space 290816K, 0% used [0x00000000d5c00000,0x00000000d5c00000,0x00000000e7800000)
  from space 19456K, 0% used [0x00000000e7800000,0x00000000e7800000,0x00000000e8b00000)
  to   space 20992K, 0% used [0x00000000ebf80000,0x00000000ebf80000,0x00000000ed400000)
 ParOldGen       total 121344K, used 53797K [0x0000000081400000, 0x0000000088a80000, 0x00000000d5c00000)
  object space 121344K, 44% used [0x0000000081400000,0x00000000848897a8,0x0000000088a80000)
 Metaspace       used 58247K, capacity 58867K, committed 59136K, reserved 1099776K
  class space    used 7670K, capacity 7879K, committed 7936K, reserved 1048576K
}

Deoptimization events (10 events):
Event: 76.525 Thread 0x00000241b4ae5000 Uncommon trap: reason=unhandled action=none pc=0x000002419b8903c4 method=com.lmax.disruptor.TimeoutBlockingWaitStrategy.waitFor(JLcom/lmax/disruptor/Sequence;Lcom/lmax/disruptor/Sequence;Lcom/lmax/disruptor/SequenceBarrier;)J @ 69
Event: 76.535 Thread 0x00000241b4ae5000 Uncommon trap: reason=unhandled action=none pc=0x000002419b8903c4 method=com.lmax.disruptor.TimeoutBlockingWaitStrategy.waitFor(JLcom/lmax/disruptor/Sequence;Lcom/lmax/disruptor/Sequence;Lcom/lmax/disruptor/SequenceBarrier;)J @ 69
Event: 76.535 Thread 0x00000241b4014000 Uncommon trap: reason=unhandled action=none pc=0x000002419b8903c4 method=com.lmax.disruptor.TimeoutBlockingWaitStrategy.waitFor(JLcom/lmax/disruptor/Sequence;Lcom/lmax/disruptor/Sequence;Lcom/lmax/disruptor/SequenceBarrier;)J @ 69
Event: 76.535 Thread 0x00000241b34d3800 Uncommon trap: reason=unhandled action=none pc=0x000002419b8903c4 method=com.lmax.disruptor.TimeoutBlockingWaitStrategy.waitFor(JLcom/lmax/disruptor/Sequence;Lcom/lmax/disruptor/Sequence;Lcom/lmax/disruptor/SequenceBarrier;)J @ 69
Event: 76.546 Thread 0x00000241b34d3800 Uncommon trap: reason=unhandled action=none pc=0x000002419b8903c4 method=com.lmax.disruptor.TimeoutBlockingWaitStrategy.waitFor(JLcom/lmax/disruptor/Sequence;Lcom/lmax/disruptor/Sequence;Lcom/lmax/disruptor/SequenceBarrier;)J @ 69
Event: 76.546 Thread 0x00000241b4014000 Uncommon trap: reason=unhandled action=none pc=0x000002419b8903c4 method=com.lmax.disruptor.TimeoutBlockingWaitStrategy.waitFor(JLcom/lmax/disruptor/Sequence;Lcom/lmax/disruptor/Sequence;Lcom/lmax/disruptor/SequenceBarrier;)J @ 69
Event: 76.546 Thread 0x00000241b4ae5000 Uncommon trap: reason=unhandled action=none pc=0x000002419b8903c4 method=com.lmax.disruptor.TimeoutBlockingWaitStrategy.waitFor(JLcom/lmax/disruptor/Sequence;Lcom/lmax/disruptor/Sequence;Lcom/lmax/disruptor/SequenceBarrier;)J @ 69
Event: 76.564 Thread 0x00000241b4ae5000 Uncommon trap: reason=unhandled action=none pc=0x000002419b8903c4 method=com.lmax.disruptor.TimeoutBlockingWaitStrategy.waitFor(JLcom/lmax/disruptor/Sequence;Lcom/lmax/disruptor/Sequence;Lcom/lmax/disruptor/SequenceBarrier;)J @ 69
Event: 76.564 Thread 0x00000241b4014000 Uncommon trap: reason=unhandled action=none pc=0x000002419b8903c4 method=com.lmax.disruptor.TimeoutBlockingWaitStrategy.waitFor(JLcom/lmax/disruptor/Sequence;Lcom/lmax/disruptor/Sequence;Lcom/lmax/disruptor/SequenceBarrier;)J @ 69
Event: 76.564 Thread 0x00000241b34d3800 Uncommon trap: reason=unhandled action=none pc=0x000002419b8903c4 method=com.lmax.disruptor.TimeoutBlockingWaitStrategy.waitFor(JLcom/lmax/disruptor/Sequence;Lcom/lmax/disruptor/Sequence;Lcom/lmax/disruptor/SequenceBarrier;)J @ 69

Classes redefined (0 events):
No events

Internal exceptions (10 events):
Event: 75.983 Thread 0x00000241b87ea800 Exception <a 'java/lang/ArrayIndexOutOfBoundsException': 167> (0x00000000d8729908) thrown at [C:\cygwin64\tmp\openjdk-jdk8u-windows-x64-hotspot\workspace\build\src\hotspot\src\share\vm\interpreter\interpreterRuntime.cpp, line 368]
Event: 75.985 Thread 0x00000241b87ea800 Exception <a 'java/lang/ArrayIndexOutOfBoundsException': 166> (0x00000000d8755610) thrown at [C:\cygwin64\tmp\openjdk-jdk8u-windows-x64-hotspot\workspace\build\src\hotspot\src\share\vm\interpreter\interpreterRuntime.cpp, line 368]
Event: 75.989 Thread 0x00000241b87ea800 Exception <a 'java/lang/ArrayIndexOutOfBoundsException': 163> (0x00000000d877fd08) thrown at [C:\cygwin64\tmp\openjdk-jdk8u-windows-x64-hotspot\workspace\build\src\hotspot\src\share\vm\interpreter\interpreterRuntime.cpp, line 368]
Event: 75.991 Thread 0x00000241b87ea800 Exception <a 'java/lang/ArrayIndexOutOfBoundsException': 162> (0x00000000d87aa8f0) thrown at [C:\cygwin64\tmp\openjdk-jdk8u-windows-x64-hotspot\workspace\build\src\hotspot\src\share\vm\interpreter\interpreterRuntime.cpp, line 368]
Event: 75.993 Thread 0x00000241b87ea800 Exception <a 'java/lang/ArrayIndexOutOfBoundsException': 177> (0x00000000d87d5db0) thrown at [C:\cygwin64\tmp\openjdk-jdk8u-windows-x64-hotspot\workspace\build\src\hotspot\src\share\vm\interpreter\interpreterRuntime.cpp, line 368]
Event: 75.996 Thread 0x00000241b87ea800 Exception <a 'java/lang/ArrayIndexOutOfBoundsException': 175> (0x00000000d8800fc0) thrown at [C:\cygwin64\tmp\openjdk-jdk8u-windows-x64-hotspot\workspace\build\src\hotspot\src\share\vm\interpreter\interpreterRuntime.cpp, line 368]
Event: 76.253 Thread 0x00000241b87ea800 Exception <a 'java/io/FileNotFoundException'> (0x00000000d95a7310) thrown at [C:\cygwin64\tmp\openjdk-jdk8u-windows-x64-hotspot\workspace\build\src\hotspot\src\share\vm\prims\jni.cpp, line 710]
Event: 76.253 Thread 0x00000241b87ea800 Exception <a 'java/io/FileNotFoundException'> (0x00000000d95a83a0) thrown at [C:\cygwin64\tmp\openjdk-jdk8u-windows-x64-hotspot\workspace\build\src\hotspot\src\share\vm\prims\jni.cpp, line 710]
Event: 76.264 Thread 0x00000241b87ea800 Exception <a 'java/io/FileNotFoundException'> (0x00000000d960af28) thrown at [C:\cygwin64\tmp\openjdk-jdk8u-windows-x64-hotspot\workspace\build\src\hotspot\src\share\vm\prims\jni.cpp, line 710]
Event: 76.265 Thread 0x00000241b87ea800 Exception <a 'java/io/FileNotFoundException'> (0x00000000d960bf20) thrown at [C:\cygwin64\tmp\openjdk-jdk8u-windows-x64-hotspot\workspace\build\src\hotspot\src\share\vm\prims\jni.cpp, line 710]

Events (10 events):
Event: 76.546 Thread 0x00000241b4ae5000 DEOPT UNPACKING pc=0x000002419b5f5583 sp=0x000000bb926fee10 mode 2
Event: 76.564 Thread 0x00000241b4ae5000 Uncommon trap: trap_request=0xffffffa7 fr.pc=0x000002419b8903c4
Event: 76.564 Thread 0x00000241b4ae5000 DEOPT PACKING pc=0x000002419b8903c4 sp=0x000000bb926feeb0
Event: 76.564 Thread 0x00000241b4ae5000 DEOPT UNPACKING pc=0x000002419b5f5583 sp=0x000000bb926fee10 mode 2
Event: 76.564 Thread 0x00000241b4014000 Uncommon trap: trap_request=0xffffffa7 fr.pc=0x000002419b8903c4
Event: 76.564 Thread 0x00000241b4014000 DEOPT PACKING pc=0x000002419b8903c4 sp=0x000000bb925fedc0
Event: 76.564 Thread 0x00000241b4014000 DEOPT UNPACKING pc=0x000002419b5f5583 sp=0x000000bb925fed20 mode 2
Event: 76.564 Thread 0x00000241b34d3800 Uncommon trap: trap_request=0xffffffa7 fr.pc=0x000002419b8903c4
Event: 76.564 Thread 0x00000241b34d3800 DEOPT PACKING pc=0x000002419b8903c4 sp=0x000000bb91fff120
Event: 76.564 Thread 0x00000241b34d3800 DEOPT UNPACKING pc=0x000002419b5f5583 sp=0x000000bb91fff080 mode 2


Dynamic libraries:
0x00007ff6dffd0000 - 0x00007ff6e000a000 	C:\Program Files\AdoptOpenJDK\jdk-8.0.232.09-hotspot\bin\javaw.exe
0x00007ff997d60000 - 0x00007ff997f4d000 	C:\WINDOWS\SYSTEM32\ntdll.dll
0x00007ff9975e0000 - 0x00007ff997693000 	C:\WINDOWS\System32\KERNEL32.DLL
0x00007ff994c90000 - 0x00007ff994f23000 	C:\WINDOWS\System32\KERNELBASE.dll
0x00007ff9971d0000 - 0x00007ff997273000 	C:\WINDOWS\System32\ADVAPI32.dll
0x00007ff997c30000 - 0x00007ff997cce000 	C:\WINDOWS\System32\msvcrt.dll
0x00007ff997740000 - 0x00007ff9977de000 	C:\WINDOWS\System32\sechost.dll
0x00007ff9970a0000 - 0x00007ff9971c2000 	C:\WINDOWS\System32\RPCRT4.dll
0x00007ff997940000 - 0x00007ff997ad7000 	C:\WINDOWS\System32\USER32.dll
0x00007ff994f60000 - 0x00007ff994f80000 	C:\WINDOWS\System32\win32u.dll
0x00007ff997390000 - 0x00007ff9973b9000 	C:\WINDOWS\System32\GDI32.dll
0x00007ff993ec0000 - 0x00007ff994059000 	C:\WINDOWS\System32\gdi32full.dll
0x00007ff993e20000 - 0x00007ff993ec0000 	C:\WINDOWS\System32\msvcp_win.dll
0x00007ff994aa0000 - 0x00007ff994b9a000 	C:\WINDOWS\System32\ucrtbase.dll
0x00007ff986240000 - 0x00007ff9864b9000 	C:\WINDOWS\WinSxS\amd64_microsoft.windows.common-controls_6595b64144ccf1df_6.0.17763.864_none_05b3441807210760\COMCTL32.dll
0x00007ff994f90000 - 0x00007ff9952bc000 	C:\WINDOWS\System32\combase.dll
0x00007ff994ba0000 - 0x00007ff994c1e000 	C:\WINDOWS\System32\bcryptPrimitives.dll
0x00007ff996940000 - 0x00007ff99696e000 	C:\WINDOWS\System32\IMM32.DLL
0x00007ff960d60000 - 0x00007ff960e4f000 	C:\Program Files\AdoptOpenJDK\jdk-8.0.232.09-hotspot\jre\bin\msvcr120.dll
0x00007ff94a1c0000 - 0x00007ff94a266000 	C:\Program Files\AdoptOpenJDK\jdk-8.0.232.09-hotspot\jre\bin\msvcp120.dll
0x000000005d9c0000 - 0x000000005e1bf000 	C:\Program Files\AdoptOpenJDK\jdk-8.0.232.09-hotspot\jre\bin\server\jvm.dll
0x00007ff997ae0000 - 0x00007ff997ae8000 	C:\WINDOWS\System32\PSAPI.DLL
0x00007ff992860000 - 0x00007ff992869000 	C:\WINDOWS\SYSTEM32\WSOCK32.dll
0x00007ff9973c0000 - 0x00007ff99742d000 	C:\WINDOWS\System32\WS2_32.dll
0x00007ff991c00000 - 0x00007ff991c24000 	C:\WINDOWS\SYSTEM32\WINMM.dll
0x00007ff988ff0000 - 0x00007ff988ffa000 	C:\WINDOWS\SYSTEM32\VERSION.dll
0x00007ff991bd0000 - 0x00007ff991bfd000 	C:\WINDOWS\SYSTEM32\winmmbase.dll
0x00007ff994c20000 - 0x00007ff994c6a000 	C:\WINDOWS\System32\cfgmgr32.dll
0x00007ff982e00000 - 0x00007ff982e0f000 	C:\Program Files\AdoptOpenJDK\jdk-8.0.232.09-hotspot\jre\bin\verify.dll
0x00007ff97c880000 - 0x00007ff97c8a8000 	C:\Program Files\AdoptOpenJDK\jdk-8.0.232.09-hotspot\jre\bin\java.dll
0x00007ff986660000 - 0x00007ff986695000 	C:\Program Files\AdoptOpenJDK\jdk-8.0.232.09-hotspot\jre\bin\jdwp.dll
0x00007ff98f020000 - 0x00007ff98f028000 	C:\Program Files\AdoptOpenJDK\jdk-8.0.232.09-hotspot\jre\bin\npt.dll
0x00007ff97c860000 - 0x00007ff97c876000 	C:\Program Files\AdoptOpenJDK\jdk-8.0.232.09-hotspot\jre\bin\zip.dll
0x00007ff995440000 - 0x00007ff996934000 	C:\WINDOWS\System32\SHELL32.dll
0x00007ff997280000 - 0x00007ff997328000 	C:\WINDOWS\System32\shcore.dll
0x00007ff994240000 - 0x00007ff99498d000 	C:\WINDOWS\System32\windows.storage.dll
0x00007ff993d70000 - 0x00007ff993d94000 	C:\WINDOWS\System32\profapi.dll
0x00007ff993da0000 - 0x00007ff993dfd000 	C:\WINDOWS\System32\powrprof.dll
0x00007ff997af0000 - 0x00007ff997b42000 	C:\WINDOWS\System32\shlwapi.dll
0x00007ff993d50000 - 0x00007ff993d61000 	C:\WINDOWS\System32\kernel.appcore.dll
0x00007ff994c70000 - 0x00007ff994c87000 	C:\WINDOWS\System32\cryptsp.dll
0x00007ff98c590000 - 0x00007ff98c599000 	C:\Program Files\AdoptOpenJDK\jdk-8.0.232.09-hotspot\jre\bin\dt_socket.dll
0x00007ff96f870000 - 0x00007ff96f886000 	C:\WINDOWS\system32\napinsp.dll
0x00007ff96f890000 - 0x00007ff96f8aa000 	C:\WINDOWS\system32\pnrpnsp.dll
0x00007ff98fce0000 - 0x00007ff98fcfb000 	C:\WINDOWS\system32\NLAapi.dll
0x00007ff993240000 - 0x00007ff99327d000 	C:\WINDOWS\SYSTEM32\IPHLPAPI.DLL
0x00007ff993510000 - 0x00007ff993577000 	C:\WINDOWS\System32\mswsock.dll
0x00007ff993280000 - 0x00007ff993346000 	C:\WINDOWS\SYSTEM32\DNSAPI.dll
0x00007ff994f80000 - 0x00007ff994f88000 	C:\WINDOWS\System32\NSI.dll
0x00007ff96f9f0000 - 0x00007ff96f9fe000 	C:\WINDOWS\System32\winrnr.dll
0x00007ff98bf50000 - 0x00007ff98bf65000 	C:\WINDOWS\system32\wshbth.dll
0x00007ff98f3e0000 - 0x00007ff98f459000 	C:\WINDOWS\System32\fwpuclnt.dll
0x00007ff994f30000 - 0x00007ff994f56000 	C:\WINDOWS\System32\bcrypt.dll
0x00007ff98d7a0000 - 0x00007ff98d7aa000 	C:\Windows\System32\rasadhlp.dll
0x00007ff98ff00000 - 0x00007ff98ff0d000 	C:\Program Files\AdoptOpenJDK\jdk-8.0.232.09-hotspot\jre\bin\management.dll
0x00007ff9930a0000 - 0x00007ff9930d3000 	C:\WINDOWS\system32\rsaenh.dll
0x00007ff993c80000 - 0x00007ff993ca8000 	C:\WINDOWS\SYSTEM32\USERENV.dll
0x00007ff993690000 - 0x00007ff99369c000 	C:\WINDOWS\SYSTEM32\CRYPTBASE.dll
0x00007ff96cd30000 - 0x00007ff96cd4a000 	C:\Program Files\AdoptOpenJDK\jdk-8.0.232.09-hotspot\jre\bin\net.dll
0x00007ff98f0e0000 - 0x00007ff98f0f6000 	C:\WINDOWS\SYSTEM32\dhcpcsvc6.DLL
0x00007ff98ee20000 - 0x00007ff98ee3c000 	C:\WINDOWS\SYSTEM32\dhcpcsvc.DLL
0x00007ff96a420000 - 0x00007ff96a432000 	C:\Program Files\AdoptOpenJDK\jdk-8.0.232.09-hotspot\jre\bin\nio.dll
0x00007ff98aa30000 - 0x00007ff98aa3a000 	C:\Users\gabrielm\AppData\Local\Temp\jansi-64-7033379302960046807.dll
0x00007ff964010000 - 0x00007ff964033000 	C:\Program Files\AdoptOpenJDK\jdk-8.0.232.09-hotspot\jre\bin\sunec.dll
0x00007ff98fe40000 - 0x00007ff98fe4b000 	C:\Program Files\AdoptOpenJDK\jdk-8.0.232.09-hotspot\jre\bin\sunmscapi.dll
0x00007ff994060000 - 0x00007ff99423b000 	C:\WINDOWS\System32\CRYPT32.dll
0x00007ff993e00000 - 0x00007ff993e12000 	C:\WINDOWS\System32\MSASN1.dll

VM Arguments:
jvm_args: -agentlib:jdwp=transport=dt_socket,suspend=y,address=localhost:53620 -XX:PermSize=128M -XX:MaxPermSize=256M -Dmule.home=C:\Users\gabrielm\Documents\AnypointStudio\workspace\.mule -Djava.endorsed.dirs=C:\Users\gabrielm\Downloads\AnypointStudio\plugins\org.mule.tooling.server.3.9.3.ee_6.6.0.201908221657\mule\lib\endorsed -Djava.net.preferIPv4Stack=TRUE -Dmvel2.disable.jit=TRUE -Dosgi.dev=true -Dmule.verbose.exceptions=true -Dmule.plugins.dir=C:\Users\gabrielm\Downloads\AnypointStudio\plugins\org.mule.tooling.server.3.9.3.ee_6.6.0.201908221657\mule\plugins -Dmule.agent.enabled=false -Dmule.forceConsoleLog -Dlog4j.debug=true -Danypoint.platform.gatekeeper=false -Dosgi.instance.area=file:\C:\Users\gabrielm\Documents\AnypointStudio\workspace -Dmule.debug.enable=true -Dmule.timeout.disable=false -Dmule.debug.port=6666 -Dmule.debug.suspend=false -Dfile.encoding=UTF-8 
java_command: org.mule.tooling.server.application.ApplicationDeployer
java_class_path (initial): C:\Users\gabrielm\Downloads\AnypointStudio\plugins\org.mule.tooling.server.3.9.3.ee_6.6.0.201908221657\mule\tooling\tooling-support-3.9.3.jar;C:\Users\gabrielm\Downloads\AnypointStudio\plugins\org.mule.tooling.server.3.9.3.ee_6.6.0.201908221657\mule\lib\boot\commons-cli-1.2.jar;C:\Users\gabrielm\Downloads\AnypointStudio\plugins\org.mule.tooling.server.3.9.3.ee_6.6.0.201908221657\mule\lib\boot\commons-codec-1.9.jar;C:\Users\gabrielm\Downloads\AnypointStudio\plugins\org.mule.tooling.server.3.9.3.ee_6.6.0.201908221657\mule\lib\boot\disruptor-3.3.0.jar;C:\Users\gabrielm\Downloads\AnypointStudio\plugins\org.mule.tooling.server.3.9.3.ee_6.6.0.201908221657\mule\lib\boot\jackson-annotations-2.9.0.jar;C:\Users\gabrielm\Downloads\AnypointStudio\plugins\org.mule.tooling.server.3.9.3.ee_6.6.0.201908221657\mule\lib\boot\jackson-core-2.9.8.jar;C:\Users\gabrielm\Downloads\AnypointStudio\plugins\org.mule.tooling.server.3.9.3.ee_6.6.0.201908221657\mule\lib\boot\jackson-databind-2.9.8.jar;C:\Users\gabrielm\Downloads\AnypointStudio\plugins\org.mule.tooling.server.3.9.3.ee_6.6.0.201908221657\mule\lib\boot\jcl-over-slf4j-1.7.24.jar;C:\Users\gabrielm\Downloads\AnypointStudio\plugins\org.mule.tooling.server.3.9.3.ee_6.6.0.201908221657\mule\lib\boot\license-utils-gw-3.9.3.jar;C:\Users\gabrielm\Downloads\AnypointStudio\plugins\org.mule.tooling.server.3.9.3.ee_6.6.0.201908221657\mule\lib\boot\licm-studio-1.1.4.jar;C:\Users\gabrielm\Downloads\AnypointStudio\plugins\org.mule.tooling.server.3.9.3.ee_6.6.0.201908221657\mule\lib\boot\log4j-1.2-api-2.8.2.jar;C:\Users\gabrielm\Downloads\AnypointStudio\plugins\org.mule.tooling.server.3.9.3.ee_6.6.0.201908221657\mule\lib\boot\log4j-api-2.8.2.jar;C:\Users\gabrielm\Downloads\AnypointStudio\plugins\org.mule.tooling.server.3.9.3.ee_6.6.0.201908221657\mule\lib\boot\log4j-core-2.8.2.jar;C:\Users\gabrielm\Downloads\AnypointStudio\plugins\org.mule.tooling.server.3.9.3.ee_6.6.0.201908221657\mule\lib\boot\log4j-jcl-2.8.2.jar;C:\Use
Launcher Type: SUN_STANDARD

Environment Variables:
JAVA_HOME=C:\Program Files\AdoptOpenJDK\jdk-8.0.232.09-hotspot\
PATH=C:\Program Files\AdoptOpenJDK\jdk-8.0.232.09-hotspot\jre\bin;C:/Program Files/AdoptOpenJDK/jdk-8.0.232.09-hotspot/bin/../jre/bin/server;C:/Program Files/AdoptOpenJDK/jdk-8.0.232.09-hotspot/bin/../jre/bin;C:/Program Files/AdoptOpenJDK/jdk-8.0.232.09-hotspot/bin/../jre/lib/amd64;C:\ProgramData\DockerDesktop\version-bin;C:\Program Files\Docker\Docker\Resources\bin;C:\Program Files\AdoptOpenJDK\jdk-8.0.232.09-hotspot\bin;C:\Program Files (x86)\Common Files\Oracle\Java\javapath;C:\WINDOWS\system32;C:\WINDOWS;C:\WINDOWS\System32\Wbem;C:\WINDOWS\System32\WindowsPowerShell\v1.0\;C:\WINDOWS\System32\OpenSSH\;C:\Program Files\Git\cmd;C:\Program Files\TortoiseHg\;C:\Program Files\dotnet\;C:\Program Files\Microsoft SQL Server\130\Tools\Binn\;C:\Program Files\Microsoft SQL Server\Client SDK\ODBC\170\Tools\Binn\;C:\Program Files\Microsoft VS Code\bin;C:\Program Files (x86)\Microsoft SQL Server\150\DTS\Binn\;C:\Program Files (x86)\Microsoft SQL Server\140\Tools\Binn\;C:\Program Files\Microsoft SQL Server\140\Tools\Binn\;C:\Program Files (x86)\Microsoft SQL Server\140\DTS\Binn\;C:\Program Files\Microsoft SQL Server\140\DTS\Binn\;C:\Program Files\Microsoft SQL Server\Client SDK\ODBC\130\Tools\Binn\;C:\Program Files\Microsoft\Web Platform Installer\;C:\Users\gabrielm\AppData\Local\Microsoft\WindowsApps;C:\Users\gabrielm\.dotnet\tools;C:\WINDOWS\system32;
USERNAME=gabrielm
OS=Windows_NT
PROCESSOR_IDENTIFIER=Intel64 Family 6 Model 61 Stepping 4, GenuineIntel



---------------  S Y S T E M  ---------------

OS: Windows 10.0 , 64 bit Build 17763 (10.0.17763.475)

CPU:total 4 (initial active 4) (2 cores per cpu, 2 threads per core) family 6 model 61 stepping 4, cmov, cx8, fxsr, mmx, sse, sse2, sse3, ssse3, sse4.1, sse4.2, popcnt, avx, avx2, aes, clmul, erms, 3dnowpref, lzcnt, ht, tsc, tscinvbit, bmi1, bmi2, adx

Memory: 4k page, physical 8301904k(557036k free), swap 10399056k(12412k free)

vm_info: OpenJDK 64-Bit Server VM (25.232-b09) for windows-amd64 JRE (1.8.0_232-b09), built on Oct 18 2019 15:06:13 by "jenkins" with MS VC++ 12.0 (VS2013)

time: Thu Dec 05 16:12:39 2019
timezone: E. South America Standard Time
elapsed time: 76 seconds (0d 0h 1m 16s)

