#
# There is insufficient memory for the Java Runtime Environment to continue.
# Native memory allocation (malloc) failed to allocate 78416 bytes for Chunk::new
# Possible reasons:
#   The system is out of physical RAM or swap space
#   The process is running with CompressedOops enabled, and the Java Heap may be blocking the growth of the native heap
# Possible solutions:
#   Reduce memory load on the system
#   Increase physical memory or swap space
#   Check if swap backing store is full
#   Decrease Java heap size (-Xmx/-Xms)
#   Decrease number of Java threads
#   Decrease Java thread stack sizes (-Xss)
#   Set larger code cache with -XX:ReservedCodeCacheSize=
#   JVM is running with Unscaled Compressed Oops mode in which the Java heap is
#     placed in the first 4GB address space. The Java Heap base address is the
#     maximum limit for the native heap growth. Please use -XX:HeapBaseMinAddress
#     to set the Java Heap base and to place the Java Heap above 4GB virtual address.
# This output file may be truncated or incomplete.
#
#  Out of Memory Error (allocation.cpp:389), pid=11864, tid=0x0000000000002218
#
# JRE version: OpenJDK Runtime Environment (8.0_232-b09) (build 1.8.0_232-b09)
# Java VM: OpenJDK 64-Bit Server VM (25.232-b09 mixed mode windows-amd64 compressed oops)
# Failed to write core dump. Minidumps are not enabled by default on client versions of Windows
#

---------------  T H R E A D  ---------------

Current thread (0x0000022b43728800):  JavaThread "C2 CompilerThread0" daemon [_thread_in_native, id=8728, stack(0x000000f8fab00000,0x000000f8fac00000)]

Stack: [0x000000f8fab00000,0x000000f8fac00000]
[error occurred during error reporting (printing stack bounds), id 0xc0000005]

Native frames: (J=compiled Java code, j=interpreted, Vv=VM code, C=native code)


Current CompileTask:
C2:  20160 4117       4       sun.nio.cs.UTF_8$Decoder::decode (779 bytes)


---------------  P R O C E S S  ---------------

Java Threads: ( => current thread )
  0x0000022b46eed000 JavaThread "[projeto-final-aula].ScatterGatherWorkManager.02" daemon [_thread_blocked, id=1112, stack(0x000000f8fdc00000,0x000000f8fdd00000)]
  0x0000022b46ef3000 JavaThread "[projeto-final-aula].ScatterGatherWorkManager.01" daemon [_thread_in_vm, id=11608, stack(0x000000f8fdb00000,0x000000f8fdc00000)]
  0x0000022b46ef1800 JavaThread "[projeto-final-aula].HTTP_Listener_Configuration.worker.01" daemon [_thread_blocked, id=12876, stack(0x000000f8fda00000,0x000000f8fdb00000)]
  0x0000022b46eee000 JavaThread "DestroyJavaVM" [_thread_blocked, id=892, stack(0x000000f8fa100000,0x000000f8fa200000)]
  0x0000022b46ef4000 JavaThread "Mule.app.deployer.monitor.1.thread.1" [_thread_blocked, id=11148, stack(0x000000f8fd900000,0x000000f8fda00000)]
  0x0000022b46ef2800 JavaThread "agw-policy-watcher" [_thread_blocked, id=9780, stack(0x000000f8fd800000,0x000000f8fd900000)]
  0x0000022b46ef1000 JavaThread "[projeto-final-aula].http.requester.HTTP_BrRobotics.worker(8)" daemon [_thread_blocked, id=13092, stack(0x000000f8fd700000,0x000000f8fd800000)]
  0x0000022b46eef800 JavaThread "[projeto-final-aula].http.requester.HTTP_BrRobotics.worker(7)" daemon [_thread_blocked, id=7804, stack(0x000000f8fd600000,0x000000f8fd700000)]
  0x0000022b49fe1800 JavaThread "[projeto-final-aula].http.requester.HTTP_BrRobotics.worker(6)" daemon [_thread_blocked, id=9088, stack(0x000000f8fd500000,0x000000f8fd600000)]
  0x0000022b49fe0000 JavaThread "[projeto-final-aula].http.requester.HTTP_BrRobotics.worker(5)" daemon [_thread_blocked, id=9540, stack(0x000000f8fd400000,0x000000f8fd500000)]
  0x0000022b49fdf000 JavaThread "[projeto-final-aula].http.requester.HTTP_BrRobotics.worker(4)" daemon [_thread_blocked, id=1160, stack(0x000000f8fd300000,0x000000f8fd400000)]
  0x0000022b49fe0800 JavaThread "[projeto-final-aula].http.requester.HTTP_BrRobotics.worker(3)" daemon [_thread_blocked, id=12600, stack(0x000000f8fd200000,0x000000f8fd300000)]
  0x0000022b49fde800 JavaThread "[projeto-final-aula].http.requester.HTTP_BrRobotics.worker(2)" daemon [_thread_blocked, id=6104, stack(0x000000f8fd100000,0x000000f8fd200000)]
  0x0000022b49fd7000 JavaThread "[projeto-final-aula].http.requester.HTTP_BrRobotics.worker(1)" daemon [_thread_blocked, id=784, stack(0x000000f8fd000000,0x000000f8fd100000)]
  0x0000022b49fdd800 JavaThread "[projeto-final-aula].http.requester.HTTP_BrRobotics(4) SelectorRunner" daemon [_thread_in_native, id=12908, stack(0x000000f8fcf00000,0x000000f8fd000000)]
  0x0000022b49fd6000 JavaThread "[projeto-final-aula].http.requester.HTTP_BrRobotics(3) SelectorRunner" daemon [_thread_in_native, id=9328, stack(0x000000f8fce00000,0x000000f8fcf00000)]
  0x0000022b49fdd000 JavaThread "[projeto-final-aula].http.requester.HTTP_BrRobotics(2) SelectorRunner" daemon [_thread_in_native, id=10720, stack(0x000000f8fcd00000,0x000000f8fce00000)]
  0x0000022b49fd5800 JavaThread "[projeto-final-aula].http.requester.HTTP_BrRobotics(1) SelectorRunner" daemon [_thread_in_native, id=9920, stack(0x000000f8fcc00000,0x000000f8fcd00000)]
  0x0000022b49fdc000 JavaThread "connection-pool-delays-thread-pool(1)" daemon [_thread_blocked, id=10652, stack(0x000000f8fcb00000,0x000000f8fcc00000)]
  0x0000022b49fd4800 JavaThread "Grizzly-IdleTimeoutFilter-IdleCheck" daemon [_thread_blocked, id=10776, stack(0x000000f8fca00000,0x000000f8fcb00000)]
  0x0000022b49fdb800 JavaThread "[projeto-final-aula].processing.time.monitor" daemon [_thread_blocked, id=13112, stack(0x000000f8fc900000,0x000000f8fca00000)]
  0x0000022b49fd4000 JavaThread "[projeto-final-aula].projeto-final-aulaFlow1.stage1.01" [_thread_blocked, id=13064, stack(0x000000f8fc800000,0x000000f8fc900000)]
  0x0000022b49fda800 JavaThread "[projeto-final-aula].projeto-final-aulaFlow.stage1.01" [_thread_blocked, id=8016, stack(0x000000f8fc700000,0x000000f8fc800000)]
  0x0000022b49fd8800 JavaThread "GC Daemon" daemon [_thread_blocked, id=12428, stack(0x000000f8fc600000,0x000000f8fc700000)]
  0x0000022b49fda000 JavaThread "Keep-Alive-Timer" daemon [_thread_blocked, id=2632, stack(0x000000f8fc500000,0x000000f8fc600000)]
  0x0000022b49fd2800 JavaThread "[projeto-final-aula].http.listener.HttpIdleConnectionCloser.01" [_thread_blocked, id=2944, stack(0x000000f8fc400000,0x000000f8fc500000)]
  0x0000022b49fd7800 JavaThread "[projeto-final-aula].http.listener.worker(8)" daemon [_thread_blocked, id=1980, stack(0x000000f8fc300000,0x000000f8fc400000)]
  0x0000022b49fd3000 JavaThread "[projeto-final-aula].http.listener.worker(7)" daemon [_thread_blocked, id=484, stack(0x000000f8fc200000,0x000000f8fc300000)]
  0x0000022b49fd9000 JavaThread "[projeto-final-aula].http.listener.worker(6)" daemon [_thread_blocked, id=10876, stack(0x000000f8fc100000,0x000000f8fc200000)]
  0x0000022b46205800 JavaThread "[projeto-final-aula].http.listener.worker(5)" daemon [_thread_blocked, id=6496, stack(0x000000f8fc000000,0x000000f8fc100000)]
  0x0000022b4620c000 JavaThread "[projeto-final-aula].http.listener.worker(4)" daemon [_thread_blocked, id=12348, stack(0x000000f8fbf00000,0x000000f8fc000000)]
  0x0000022b4620a800 JavaThread "[projeto-final-aula].http.listener.worker(3)" daemon [_thread_blocked, id=12684, stack(0x000000f8fbe00000,0x000000f8fbf00000)]
  0x0000022b46209000 JavaThread "[projeto-final-aula].http.listener.worker(2)" daemon [_thread_blocked, id=3732, stack(0x000000f8fbd00000,0x000000f8fbe00000)]
  0x0000022b46207000 JavaThread "[projeto-final-aula].http.listener.worker(1)" daemon [_thread_blocked, id=12736, stack(0x000000f8fbc00000,0x000000f8fbd00000)]
  0x0000022b4620a000 JavaThread "[projeto-final-aula].http.listener(5) SelectorRunner" daemon [_thread_in_native, id=9720, stack(0x000000f8fbb00000,0x000000f8fbc00000)]
  0x0000022b4620b800 JavaThread "[projeto-final-aula].http.listener(4) SelectorRunner" daemon [_thread_in_native, id=10836, stack(0x000000f8fba00000,0x000000f8fbb00000)]
  0x0000022b46208800 JavaThread "[projeto-final-aula].http.listener(3) SelectorRunner" daemon [_thread_in_native, id=4976, stack(0x000000f8fb900000,0x000000f8fba00000)]
  0x0000022b44ad9800 JavaThread "[projeto-final-aula].http.listener(2) SelectorRunner" daemon [_thread_in_native, id=8348, stack(0x000000f8fb800000,0x000000f8fb900000)]
  0x0000022b44b77000 JavaThread "[projeto-final-aula].http.listener(1) SelectorRunner" daemon [_thread_in_native, id=9464, stack(0x000000f8fb700000,0x000000f8fb800000)]
  0x0000022b46d97800 JavaThread "[projeto-final-aula].Mule.01" [_thread_blocked, id=7556, stack(0x000000f8fb600000,0x000000f8fb700000)]
  0x0000022b471aa000 JavaThread "Log4j2-TF-1-AsyncLoggerConfig-3" daemon [_thread_blocked, id=10252, stack(0x000000f8fb500000,0x000000f8fb600000)]
  0x0000022b47093800 JavaThread "Log4j2-TF-1-AsyncLoggerConfig-2" daemon [_thread_blocked, id=3376, stack(0x000000f8fb400000,0x000000f8fb500000)]
  0x0000022b448f6000 JavaThread "MapDB writer #2" daemon [_thread_blocked, id=12620, stack(0x000000f8fb200000,0x000000f8fb300000)]
  0x0000022b46221800 JavaThread "MapDB writer #1" daemon [_thread_blocked, id=13192, stack(0x000000f8fb100000,0x000000f8fb200000)]
  0x0000022b468c8800 JavaThread "Log4j2-TF-1-AsyncLoggerConfig-1" daemon [_thread_blocked, id=1224, stack(0x000000f8fb000000,0x000000f8fb100000)]
  0x0000022b437b2000 JavaThread "Service Thread" daemon [_thread_blocked, id=3720, stack(0x000000f8fae00000,0x000000f8faf00000)]
  0x0000022b43739000 JavaThread "C1 CompilerThread2" daemon [_thread_blocked, id=7144, stack(0x000000f8fad00000,0x000000f8fae00000)]
  0x0000022b43730000 JavaThread "C2 CompilerThread1" daemon [_thread_blocked, id=10784, stack(0x000000f8fac00000,0x000000f8fad00000)]
=>0x0000022b43728800 JavaThread "C2 CompilerThread0" daemon [_thread_in_native, id=8728, stack(0x000000f8fab00000,0x000000f8fac00000)]
  0x0000022b43724800 JavaThread "Attach Listener" daemon [_thread_blocked, id=11680, stack(0x000000f8faa00000,0x000000f8fab00000)]
  0x0000022b43723000 JavaThread "Signal Dispatcher" daemon [_thread_blocked, id=9408, stack(0x000000f8fa900000,0x000000f8faa00000)]
  0x0000022b436f9800 JavaThread "Finalizer" daemon [_thread_blocked, id=8988, stack(0x000000f8fa800000,0x000000f8fa900000)]
  0x0000022b2d45e000 JavaThread "Reference Handler" daemon [_thread_blocked, id=6424, stack(0x000000f8fa700000,0x000000f8fa800000)]

Other Threads:
  0x0000022b436ce800 VMThread [stack: 0x000000f8fa600000,0x000000f8fa700000] [id=76]
  0x0000022b437d3000 WatcherThread [stack: 0x000000f8faf00000,0x000000f8fb000000] [id=5332]

VM state:not at safepoint (normal execution)

VM Mutex/Monitor currently owned by a thread: None

heap address: 0x0000000081400000, size: 2028 MB, Compressed Oops mode: 32-bit
Narrow klass base: 0x0000000000000000, Narrow klass shift: 3
Compressed class space size: 1073741824 Address: 0x0000000100000000

Heap:
 PSYoungGen      total 382464K, used 150142K [0x00000000d5c00000, 0x00000000f7500000, 0x0000000100000000)
  eden space 363008K, 37% used [0x00000000d5c00000,0x00000000ddf2fb58,0x00000000ebe80000)
  from space 19456K, 81% used [0x00000000ebe80000,0x00000000ecdf0048,0x00000000ed180000)
  to   space 20480K, 0% used [0x00000000f6100000,0x00000000f6100000,0x00000000f7500000)
 ParOldGen       total 98816K, used 39812K [0x0000000081400000, 0x0000000087480000, 0x00000000d5c00000)
  object space 98816K, 40% used [0x0000000081400000,0x0000000083ae12c8,0x0000000087480000)
 Metaspace       used 52068K, capacity 52607K, committed 52992K, reserved 1095680K
  class space    used 6964K, capacity 7117K, committed 7168K, reserved 1048576K

Card table byte_map: [0x0000022b3e0e0000,0x0000022b3e4e0000] byte_map_base: 0x0000022b3dcd6000

Marking Bits: (ParMarkBitMap*) 0x000000005e145f70
 Begin Bits: [0x0000022b3e790000, 0x0000022b40740000)
 End Bits:   [0x0000022b40740000, 0x0000022b426f0000)

Polling page: 0x0000022b2d530000

CodeCache: size=245760Kb used=12737Kb max_used=13222Kb free=233022Kb
 bounds [0x0000022b2ed20000, 0x0000022b2fa30000, 0x0000022b3dd20000]
 total_blobs=4066 nmethods=3521 adapters=457
 compilation: enabled

Compilation events (10 events):
Event: 20.151 Thread 0x0000022b43739000 4141       3       scala.Product$class::$init$ (1 bytes)
Event: 20.151 Thread 0x0000022b43739000 nmethod 4141 0x0000022b2f047790 code [0x0000022b2f0478e0, 0x0000022b2f047a18]
Event: 20.151 Thread 0x0000022b43739000 4139       1       scala.collection.immutable.$colon$colon::head (5 bytes)
Event: 20.152 Thread 0x0000022b43739000 nmethod 4139 0x0000022b2f0474d0 code [0x0000022b2f047620, 0x0000022b2f047738]
Event: 20.152 Thread 0x0000022b43739000 4140       1       scala.collection.immutable.$colon$colon::tl (5 bytes)
Event: 20.152 Thread 0x0000022b43739000 nmethod 4140 0x0000022b2f153110 code [0x0000022b2f153260, 0x0000022b2f153378]
Event: 20.152 Thread 0x0000022b43739000 4142       3       scala.math.Numeric$CharIsIntegral$::fromInt (9 bytes)
Event: 20.152 Thread 0x0000022b43739000 nmethod 4142 0x0000022b2f6a8f10 code [0x0000022b2f6a90a0, 0x0000022b2f6a9518]
Event: 20.154 Thread 0x0000022b43739000 4143       3       scala.collection.Parallelizable$class::$init$ (1 bytes)
Event: 20.154 Thread 0x0000022b43739000 nmethod 4143 0x0000022b2f152e10 code [0x0000022b2f152f60, 0x0000022b2f153098]

GC Heap History (10 events):
Event: 6.926 GC heap before
{Heap before GC invocations=9 (full 1):
 PSYoungGen      total 153088K, used 130560K [0x00000000d5c00000, 0x00000000e8500000, 0x0000000100000000)
  eden space 130560K, 100% used [0x00000000d5c00000,0x00000000ddb80000,0x00000000ddb80000)
  from space 22528K, 0% used [0x00000000ddb80000,0x00000000ddb80000,0x00000000df180000)
  to   space 21504K, 0% used [0x00000000e7000000,0x00000000e7000000,0x00000000e8500000)
 ParOldGen       total 81920K, used 31549K [0x0000000081400000, 0x0000000086400000, 0x00000000d5c00000)
  object space 81920K, 38% used [0x0000000081400000,0x00000000832cf6f0,0x0000000086400000)
 Metaspace       used 25981K, capacity 26198K, committed 26496K, reserved 1073152K
  class space    used 3322K, capacity 3418K, committed 3456K, reserved 1048576K
Event: 6.939 GC heap after
Heap after GC invocations=9 (full 1):
 PSYoungGen      total 249856K, used 6744K [0x00000000d5c00000, 0x00000000e7700000, 0x0000000100000000)
  eden space 242688K, 0% used [0x00000000d5c00000,0x00000000d5c00000,0x00000000e4900000)
  from space 7168K, 94% used [0x00000000e7000000,0x00000000e76962c0,0x00000000e7700000)
  to   space 20992K, 0% used [0x00000000e4e00000,0x00000000e4e00000,0x00000000e6280000)
 ParOldGen       total 81920K, used 31557K [0x0000000081400000, 0x0000000086400000, 0x00000000d5c00000)
  object space 81920K, 38% used [0x0000000081400000,0x00000000832d16f0,0x0000000086400000)
 Metaspace       used 25981K, capacity 26198K, committed 26496K, reserved 1073152K
  class space    used 3322K, capacity 3418K, committed 3456K, reserved 1048576K
}
Event: 8.920 GC heap before
{Heap before GC invocations=10 (full 1):
 PSYoungGen      total 249856K, used 249432K [0x00000000d5c00000, 0x00000000e7700000, 0x0000000100000000)
  eden space 242688K, 100% used [0x00000000d5c00000,0x00000000e4900000,0x00000000e4900000)
  from space 7168K, 94% used [0x00000000e7000000,0x00000000e76962c0,0x00000000e7700000)
  to   space 20992K, 0% used [0x00000000e4e00000,0x00000000e4e00000,0x00000000e6280000)
 ParOldGen       total 81920K, used 31557K [0x0000000081400000, 0x0000000086400000, 0x00000000d5c00000)
  object space 81920K, 38% used [0x0000000081400000,0x00000000832d16f0,0x0000000086400000)
 Metaspace       used 32262K, capacity 32583K, committed 33024K, reserved 1077248K
  class space    used 4159K, capacity 4299K, committed 4352K, reserved 1048576K
Event: 8.931 GC heap after
Heap after GC invocations=10 (full 1):
 PSYoungGen      total 268800K, used 10047K [0x00000000d5c00000, 0x00000000ee500000, 0x0000000100000000)
  eden space 247808K, 0% used [0x00000000d5c00000,0x00000000d5c00000,0x00000000e4e00000)
  from space 20992K, 47% used [0x00000000e4e00000,0x00000000e57cfda0,0x00000000e6280000)
  to   space 19968K, 0% used [0x00000000ed180000,0x00000000ed180000,0x00000000ee500000)
 ParOldGen       total 81920K, used 31565K [0x0000000081400000, 0x0000000086400000, 0x00000000d5c00000)
  object space 81920K, 38% used [0x0000000081400000,0x00000000832d36f0,0x0000000086400000)
 Metaspace       used 32262K, capacity 32583K, committed 33024K, reserved 1077248K
  class space    used 4159K, capacity 4299K, committed 4352K, reserved 1048576K
}
Event: 9.927 GC heap before
{Heap before GC invocations=11 (full 1):
 PSYoungGen      total 268800K, used 146089K [0x00000000d5c00000, 0x00000000ee500000, 0x0000000100000000)
  eden space 247808K, 54% used [0x00000000d5c00000,0x00000000de0da9b8,0x00000000e4e00000)
  from space 20992K, 47% used [0x00000000e4e00000,0x00000000e57cfda0,0x00000000e6280000)
  to   space 19968K, 0% used [0x00000000ed180000,0x00000000ed180000,0x00000000ee500000)
 ParOldGen       total 81920K, used 31565K [0x0000000081400000, 0x0000000086400000, 0x00000000d5c00000)
  object space 81920K, 38% used [0x0000000081400000,0x00000000832d36f0,0x0000000086400000)
 Metaspace       used 34751K, capacity 35057K, committed 35456K, reserved 1079296K
  class space    used 4492K, capacity 4628K, committed 4736K, reserved 1048576K
Event: 9.937 GC heap after
Heap after GC invocations=11 (full 1):
 PSYoungGen      total 382976K, used 7680K [0x00000000d5c00000, 0x00000000ee500000, 0x0000000100000000)
  eden space 363008K, 0% used [0x00000000d5c00000,0x00000000d5c00000,0x00000000ebe80000)
  from space 19968K, 38% used [0x00000000ed180000,0x00000000ed900070,0x00000000ee500000)
  to   space 19456K, 0% used [0x00000000ebe80000,0x00000000ebe80000,0x00000000ed180000)
 ParOldGen       total 81920K, used 32662K [0x0000000081400000, 0x0000000086400000, 0x00000000d5c00000)
  object space 81920K, 39% used [0x0000000081400000,0x00000000833e5a90,0x0000000086400000)
 Metaspace       used 34751K, capacity 35057K, committed 35456K, reserved 1079296K
  class space    used 4492K, capacity 4628K, committed 4736K, reserved 1048576K
}
Event: 9.937 GC heap before
{Heap before GC invocations=12 (full 2):
 PSYoungGen      total 382976K, used 7680K [0x00000000d5c00000, 0x00000000ee500000, 0x0000000100000000)
  eden space 363008K, 0% used [0x00000000d5c00000,0x00000000d5c00000,0x00000000ebe80000)
  from space 19968K, 38% used [0x00000000ed180000,0x00000000ed900070,0x00000000ee500000)
  to   space 19456K, 0% used [0x00000000ebe80000,0x00000000ebe80000,0x00000000ed180000)
 ParOldGen       total 81920K, used 32662K [0x0000000081400000, 0x0000000086400000, 0x00000000d5c00000)
  object space 81920K, 39% used [0x0000000081400000,0x00000000833e5a90,0x0000000086400000)
 Metaspace       used 34751K, capacity 35057K, committed 35456K, reserved 1079296K
  class space    used 4492K, capacity 4628K, committed 4736K, reserved 1048576K
Event: 10.185 GC heap after
Heap after GC invocations=12 (full 2):
 PSYoungGen      total 382976K, used 0K [0x00000000d5c00000, 0x00000000ee500000, 0x0000000100000000)
  eden space 363008K, 0% used [0x00000000d5c00000,0x00000000d5c00000,0x00000000ebe80000)
  from space 19968K, 0% used [0x00000000ed180000,0x00000000ed180000,0x00000000ee500000)
  to   space 19456K, 0% used [0x00000000ebe80000,0x00000000ebe80000,0x00000000ed180000)
 ParOldGen       total 98816K, used 39804K [0x0000000081400000, 0x0000000087480000, 0x00000000d5c00000)
  object space 98816K, 40% used [0x0000000081400000,0x0000000083adf2c8,0x0000000087480000)
 Metaspace       used 34751K, capacity 35057K, committed 35456K, reserved 1079296K
  class space    used 4492K, capacity 4628K, committed 4736K, reserved 1048576K
}
Event: 19.266 GC heap before
{Heap before GC invocations=13 (full 2):
 PSYoungGen      total 382976K, used 363008K [0x00000000d5c00000, 0x00000000ee500000, 0x0000000100000000)
  eden space 363008K, 100% used [0x00000000d5c00000,0x00000000ebe80000,0x00000000ebe80000)
  from space 19968K, 0% used [0x00000000ed180000,0x00000000ed180000,0x00000000ee500000)
  to   space 19456K, 0% used [0x00000000ebe80000,0x00000000ebe80000,0x00000000ed180000)
 ParOldGen       total 98816K, used 39804K [0x0000000081400000, 0x0000000087480000, 0x00000000d5c00000)
  object space 98816K, 40% used [0x0000000081400000,0x0000000083adf2c8,0x0000000087480000)
 Metaspace       used 47909K, capacity 48445K, committed 48896K, reserved 1091584K
  class space    used 6196K, capacity 6347K, committed 6400K, reserved 1048576K
Event: 19.287 GC heap after
Heap after GC invocations=13 (full 2):
 PSYoungGen      total 382464K, used 15808K [0x00000000d5c00000, 0x00000000f7500000, 0x0000000100000000)
  eden space 363008K, 0% used [0x00000000d5c00000,0x00000000d5c00000,0x00000000ebe80000)
  from space 19456K, 81% used [0x00000000ebe80000,0x00000000ecdf0048,0x00000000ed180000)
  to   space 20480K, 0% used [0x00000000f6100000,0x00000000f6100000,0x00000000f7500000)
 ParOldGen       total 98816K, used 39812K [0x0000000081400000, 0x0000000087480000, 0x00000000d5c00000)
  object space 98816K, 40% used [0x0000000081400000,0x0000000083ae12c8,0x0000000087480000)
 Metaspace       used 47909K, capacity 48445K, committed 48896K, reserved 1091584K
  class space    used 6196K, capacity 6347K, committed 6400K, reserved 1048576K
}

Deoptimization events (10 events):
Event: 11.393 Thread 0x0000022b2d392800 Uncommon trap: reason=bimorphic action=maybe_recompile pc=0x0000022b2f2af344 method=java.util.HashMap.putVal(ILjava/lang/Object;Ljava/lang/Object;ZZ)Ljava/lang/Object; @ 203
Event: 11.447 Thread 0x0000022b2d392800 Uncommon trap: reason=unstable_if action=reinterpret pc=0x0000022b2f7b7ba8 method=java.io.WinNTFileSystem.normalize(Ljava/lang/String;)Ljava/lang/String; @ 49
Event: 11.874 Thread 0x0000022b2d392800 Uncommon trap: reason=unstable_if action=reinterpret pc=0x0000022b2f9198c8 method=sun.reflect.annotation.AnnotationInvocationHandler.invoke(Ljava/lang/Object;Ljava/lang/reflect/Method;[Ljava/lang/Object;)Ljava/lang/Object; @ 263
Event: 12.008 Thread 0x0000022b2d392800 Uncommon trap: reason=bimorphic action=maybe_recompile pc=0x0000022b2f069ea0 method=java.util.HashMap.putVal(ILjava/lang/Object;Ljava/lang/Object;ZZ)Ljava/lang/Object; @ 253
Event: 12.856 Thread 0x0000022b2d392800 Uncommon trap: reason=unstable_if action=reinterpret pc=0x0000022b2f069e88 method=java.util.HashMap.putVal(ILjava/lang/Object;Ljava/lang/Object;ZZ)Ljava/lang/Object; @ 236
Event: 17.590 Thread 0x0000022b2d392800 Uncommon trap: reason=predicate action=maybe_recompile pc=0x0000022b2f9ef9fc method=java.util.AbstractCollection.toArray([Ljava/lang/Object;)[Ljava/lang/Object; @ 49
Event: 17.623 Thread 0x0000022b2d392800 Uncommon trap: reason=speculate_class_check action=maybe_recompile pc=0x0000022b2f93f270 method=java.util.AbstractList.listIterator()Ljava/util/ListIterator; @ 2
Event: 19.317 Thread 0x0000022b46ef1800 Uncommon trap: reason=unstable_if action=reinterpret pc=0x0000022b2ef17c7c method=sun.nio.cs.UTF_8$Decoder.decode([BII[C)I @ 30
Event: 19.378 Thread 0x0000022b46ef1800 Uncommon trap: reason=unstable_if action=reinterpret pc=0x0000022b2f99bfa4 method=sun.misc.URLClassPath$FileLoader.getResource(Ljava/lang/String;Z)Lsun/misc/Resource; @ 139
Event: 19.708 Thread 0x0000022b46eed000 Uncommon trap: reason=unstable_if action=reinterpret pc=0x0000022b2f86d4b0 method=java.util.concurrent.ConcurrentHashMap.putVal(Ljava/lang/Object;Ljava/lang/Object;Z)Ljava/lang/Object; @ 98

Classes redefined (0 events):
No events

Internal exceptions (10 events):
Event: 13.039 Thread 0x0000022b2d392800 Exception <a 'java/lang/ClassNotFoundException': org/mule/modules/cors/manager/CorsManagerBeanInfo> (0x00000000ea4c7a18) thrown at [C:\cygwin64\tmp\openjdk-jdk8u-windows-x64-hotspot\workspace\build\src\hotspot\src\share\vm\classfile\systemDictionary.cpp, 
Event: 13.040 Thread 0x0000022b2d392800 Exception <a 'java/lang/ClassNotFoundException': org/mule/modules/cors/manager/CorsManagerCustomizer> (0x00000000ea527440) thrown at [C:\cygwin64\tmp\openjdk-jdk8u-windows-x64-hotspot\workspace\build\src\hotspot\src\share\vm\classfile\systemDictionary.cpp
Event: 13.050 Thread 0x0000022b2d392800 Exception <a 'java/lang/ClassNotFoundException': org/mule/module/management/agent/WrapperManagerAgentBeanInfo> (0x00000000ea60a7a0) thrown at [C:\cygwin64\tmp\openjdk-jdk8u-windows-x64-hotspot\workspace\build\src\hotspot\src\share\vm\classfile\systemDicti
Event: 13.052 Thread 0x0000022b2d392800 Exception <a 'java/lang/ClassNotFoundException': org/mule/module/management/agent/WrapperManagerAgentCustomizer> (0x00000000eaa01800) thrown at [C:\cygwin64\tmp\openjdk-jdk8u-windows-x64-hotspot\workspace\build\src\hotspot\src\share\vm\classfile\systemDic
Event: 19.380 Thread 0x0000022b46ef1800 Exception <a 'java/lang/ClassNotFoundException': br/ufsc/das/TratamentoBeanInfo> (0x00000000d69bd928) thrown at [C:\cygwin64\tmp\openjdk-jdk8u-windows-x64-hotspot\workspace\build\src\hotspot\src\share\vm\classfile\systemDictionary.cpp, line 210]
Event: 19.382 Thread 0x0000022b46ef1800 Exception <a 'java/lang/ClassNotFoundException': br/ufsc/das/TratamentoCustomizer> (0x00000000d6a0a750) thrown at [C:\cygwin64\tmp\openjdk-jdk8u-windows-x64-hotspot\workspace\build\src\hotspot\src\share\vm\classfile\systemDictionary.cpp, line 210]
Event: 19.414 Thread 0x0000022b46eed000 Exception <a 'java/lang/ClassNotFoundException': br/ufsc/das/TratarPedidoRoboBeanInfo> (0x00000000d6db05f8) thrown at [C:\cygwin64\tmp\openjdk-jdk8u-windows-x64-hotspot\workspace\build\src\hotspot\src\share\vm\classfile\systemDictionary.cpp, line 210]
Event: 19.414 Thread 0x0000022b46ef3000 Exception <a 'java/lang/ClassNotFoundException': br/ufsc/das/TratarPedidoReatorBeanInfo> (0x00000000d6db2950) thrown at [C:\cygwin64\tmp\openjdk-jdk8u-windows-x64-hotspot\workspace\build\src\hotspot\src\share\vm\classfile\systemDictionary.cpp, line 210]
Event: 19.416 Thread 0x0000022b46eed000 Exception <a 'java/lang/ClassNotFoundException': br/ufsc/das/TratarPedidoRoboCustomizer> (0x00000000d6e8be28) thrown at [C:\cygwin64\tmp\openjdk-jdk8u-windows-x64-hotspot\workspace\build\src\hotspot\src\share\vm\classfile\systemDictionary.cpp, line 210]
Event: 19.416 Thread 0x0000022b46ef3000 Exception <a 'java/lang/ClassNotFoundException': br/ufsc/das/TratarPedidoReatorCustomizer> (0x00000000d6e05ee8) thrown at [C:\cygwin64\tmp\openjdk-jdk8u-windows-x64-hotspot\workspace\build\src\hotspot\src\share\vm\classfile\systemDictionary.cpp, line 210]

Events (10 events):
Event: 20.152 loading class scala/collection/immutable/WrappedString
Event: 20.152 loading class scala/collection/immutable/WrappedString done
Event: 20.155 loading class com/mulesoft/weave/grammar/location/PositionTracking$class
Event: 20.155 loading class com/mulesoft/weave/grammar/location/PositionTracking$class done
Event: 20.155 loading class com/mulesoft/weave/grammar/location/PositionTracking$class
Event: 20.155 loading class com/mulesoft/weave/grammar/location/PositionTracking$class done
Event: 20.156 loading class com/mulesoft/weave/grammar/Tokens$class
Event: 20.156 loading class com/mulesoft/weave/grammar/Tokens$class done
Event: 20.156 loading class com/mulesoft/weave/grammar/Tokens$class
Event: 20.156 loading class com/mulesoft/weave/grammar/Tokens$class done


Dynamic libraries:
0x00007ff6dffd0000 - 0x00007ff6e000a000 	C:\Program Files\AdoptOpenJDK\jdk-8.0.232.09-hotspot\bin\javaw.exe
0x00007ff997d60000 - 0x00007ff997f4d000 	C:\WINDOWS\SYSTEM32\ntdll.dll
0x00007ff9975e0000 - 0x00007ff997693000 	C:\WINDOWS\System32\KERNEL32.DLL
0x00007ff994c90000 - 0x00007ff994f23000 	C:\WINDOWS\System32\KERNELBASE.dll
0x00007ff9971d0000 - 0x00007ff997273000 	C:\WINDOWS\System32\ADVAPI32.dll
0x00007ff997c30000 - 0x00007ff997cce000 	C:\WINDOWS\System32\msvcrt.dll
0x00007ff997740000 - 0x00007ff9977de000 	C:\WINDOWS\System32\sechost.dll
0x00007ff9970a0000 - 0x00007ff9971c2000 	C:\WINDOWS\System32\RPCRT4.dll
0x00007ff997940000 - 0x00007ff997ad7000 	C:\WINDOWS\System32\USER32.dll
0x00007ff994f60000 - 0x00007ff994f80000 	C:\WINDOWS\System32\win32u.dll
0x00007ff997390000 - 0x00007ff9973b9000 	C:\WINDOWS\System32\GDI32.dll
0x00007ff993ec0000 - 0x00007ff994059000 	C:\WINDOWS\System32\gdi32full.dll
0x00007ff993e20000 - 0x00007ff993ec0000 	C:\WINDOWS\System32\msvcp_win.dll
0x00007ff994aa0000 - 0x00007ff994b9a000 	C:\WINDOWS\System32\ucrtbase.dll
0x00007ff986240000 - 0x00007ff9864b9000 	C:\WINDOWS\WinSxS\amd64_microsoft.windows.common-controls_6595b64144ccf1df_6.0.17763.864_none_05b3441807210760\COMCTL32.dll
0x00007ff994f90000 - 0x00007ff9952bc000 	C:\WINDOWS\System32\combase.dll
0x00007ff994ba0000 - 0x00007ff994c1e000 	C:\WINDOWS\System32\bcryptPrimitives.dll
0x00007ff996940000 - 0x00007ff99696e000 	C:\WINDOWS\System32\IMM32.DLL
0x00007ff984220000 - 0x00007ff98430f000 	C:\Program Files\AdoptOpenJDK\jdk-8.0.232.09-hotspot\jre\bin\msvcr120.dll
0x00007ff971140000 - 0x00007ff9711e6000 	C:\Program Files\AdoptOpenJDK\jdk-8.0.232.09-hotspot\jre\bin\msvcp120.dll
0x000000005d9c0000 - 0x000000005e1bf000 	C:\Program Files\AdoptOpenJDK\jdk-8.0.232.09-hotspot\jre\bin\server\jvm.dll
0x00007ff997ae0000 - 0x00007ff997ae8000 	C:\WINDOWS\System32\PSAPI.DLL
0x00007ff992860000 - 0x00007ff992869000 	C:\WINDOWS\SYSTEM32\WSOCK32.dll
0x00007ff9973c0000 - 0x00007ff99742d000 	C:\WINDOWS\System32\WS2_32.dll
0x00007ff991c00000 - 0x00007ff991c24000 	C:\WINDOWS\SYSTEM32\WINMM.dll
0x00007ff988ff0000 - 0x00007ff988ffa000 	C:\WINDOWS\SYSTEM32\VERSION.dll
0x00007ff991bd0000 - 0x00007ff991bfd000 	C:\WINDOWS\SYSTEM32\WINMMBASE.dll
0x00007ff994c20000 - 0x00007ff994c6a000 	C:\WINDOWS\System32\cfgmgr32.dll
0x00007ff98ff00000 - 0x00007ff98ff0f000 	C:\Program Files\AdoptOpenJDK\jdk-8.0.232.09-hotspot\jre\bin\verify.dll
0x00007ff98a920000 - 0x00007ff98a948000 	C:\Program Files\AdoptOpenJDK\jdk-8.0.232.09-hotspot\jre\bin\java.dll
0x00007ff98c4f0000 - 0x00007ff98c506000 	C:\Program Files\AdoptOpenJDK\jdk-8.0.232.09-hotspot\jre\bin\zip.dll
0x00007ff995440000 - 0x00007ff996934000 	C:\WINDOWS\System32\SHELL32.dll
0x00007ff997280000 - 0x00007ff997328000 	C:\WINDOWS\System32\shcore.dll
0x00007ff994240000 - 0x00007ff99498d000 	C:\WINDOWS\System32\windows.storage.dll
0x00007ff993d70000 - 0x00007ff993d94000 	C:\WINDOWS\System32\profapi.dll
0x00007ff993da0000 - 0x00007ff993dfd000 	C:\WINDOWS\System32\powrprof.dll
0x00007ff997af0000 - 0x00007ff997b42000 	C:\WINDOWS\System32\shlwapi.dll
0x00007ff993d50000 - 0x00007ff993d61000 	C:\WINDOWS\System32\kernel.appcore.dll
0x00007ff994c70000 - 0x00007ff994c87000 	C:\WINDOWS\System32\cryptsp.dll
0x00007ff98f090000 - 0x00007ff98f09d000 	C:\Program Files\AdoptOpenJDK\jdk-8.0.232.09-hotspot\jre\bin\management.dll
0x00007ff9930a0000 - 0x00007ff9930d3000 	C:\WINDOWS\system32\rsaenh.dll
0x00007ff994f30000 - 0x00007ff994f56000 	C:\WINDOWS\System32\bcrypt.dll
0x00007ff993c80000 - 0x00007ff993ca8000 	C:\WINDOWS\SYSTEM32\USERENV.dll
0x00007ff993690000 - 0x00007ff99369c000 	C:\WINDOWS\SYSTEM32\CRYPTBASE.dll
0x00007ff98a810000 - 0x00007ff98a82a000 	C:\Program Files\AdoptOpenJDK\jdk-8.0.232.09-hotspot\jre\bin\net.dll
0x00007ff993510000 - 0x00007ff993577000 	C:\WINDOWS\system32\mswsock.dll
0x00007ff993240000 - 0x00007ff99327d000 	C:\WINDOWS\SYSTEM32\IPHLPAPI.DLL
0x00007ff994f80000 - 0x00007ff994f88000 	C:\WINDOWS\System32\NSI.dll
0x00007ff98f0e0000 - 0x00007ff98f0f6000 	C:\WINDOWS\SYSTEM32\dhcpcsvc6.DLL
0x00007ff98ee20000 - 0x00007ff98ee3c000 	C:\WINDOWS\SYSTEM32\dhcpcsvc.DLL
0x00007ff993280000 - 0x00007ff993346000 	C:\WINDOWS\SYSTEM32\DNSAPI.dll
0x00007ff98a130000 - 0x00007ff98a142000 	C:\Program Files\AdoptOpenJDK\jdk-8.0.232.09-hotspot\jre\bin\nio.dll
0x00007ff991d20000 - 0x00007ff991d2a000 	C:\Users\gabrielm\AppData\Local\Temp\jansi-64-7014452432711675759.dll
0x00007ff96f870000 - 0x00007ff96f886000 	C:\WINDOWS\system32\napinsp.dll
0x00007ff96f890000 - 0x00007ff96f8aa000 	C:\WINDOWS\system32\pnrpnsp.dll
0x00007ff98fce0000 - 0x00007ff98fcfb000 	C:\WINDOWS\system32\NLAapi.dll
0x00007ff96f9f0000 - 0x00007ff96f9fe000 	C:\WINDOWS\System32\winrnr.dll
0x00007ff98bf50000 - 0x00007ff98bf65000 	C:\WINDOWS\system32\wshbth.dll
0x00007ff98f3e0000 - 0x00007ff98f459000 	C:\WINDOWS\System32\fwpuclnt.dll
0x00007ff98d7a0000 - 0x00007ff98d7aa000 	C:\Windows\System32\rasadhlp.dll
0x00007ff9847d0000 - 0x00007ff9847f3000 	C:\Program Files\AdoptOpenJDK\jdk-8.0.232.09-hotspot\jre\bin\sunec.dll
0x00007ff98e580000 - 0x00007ff98e58b000 	C:\Program Files\AdoptOpenJDK\jdk-8.0.232.09-hotspot\jre\bin\sunmscapi.dll
0x00007ff994060000 - 0x00007ff99423b000 	C:\WINDOWS\System32\CRYPT32.dll
0x00007ff993e00000 - 0x00007ff993e12000 	C:\WINDOWS\System32\MSASN1.dll

VM Arguments:
jvm_args: -XX:PermSize=128M -XX:MaxPermSize=256M -Dmule.home=C:\Users\gabrielm\Documents\AnypointStudio\workspace\.mule -Djava.endorsed.dirs=C:\Users\gabrielm\Downloads\AnypointStudio\plugins\org.mule.tooling.server.3.9.3.ee_6.6.0.201908221657\mule\lib\endorsed -Djava.net.preferIPv4Stack=TRUE -Dmvel2.disable.jit=TRUE -Dosgi.dev=true -Dmule.verbose.exceptions=true -Dmule.plugins.dir=C:\Users\gabrielm\Downloads\AnypointStudio\plugins\org.mule.tooling.server.3.9.3.ee_6.6.0.201908221657\mule\plugins -Dmule.agent.enabled=false -Dmule.forceConsoleLog -Dlog4j.debug=true -Danypoint.platform.gatekeeper=false -Dosgi.instance.area=file:\C:\Users\gabrielm\Documents\AnypointStudio\workspace -Dfile.encoding=UTF-8 
java_command: org.mule.tooling.server.application.ApplicationDeployer
java_class_path (initial): C:\Users\gabrielm\Downloads\AnypointStudio\plugins\org.mule.tooling.server.3.9.3.ee_6.6.0.201908221657\mule\tooling\tooling-support-3.9.3.jar;C:\Users\gabrielm\Downloads\AnypointStudio\plugins\org.mule.tooling.server.3.9.3.ee_6.6.0.201908221657\mule\lib\boot\commons-cli-1.2.jar;C:\Users\gabrielm\Downloads\AnypointStudio\plugins\org.mule.tooling.server.3.9.3.ee_6.6.0.201908221657\mule\lib\boot\commons-codec-1.9.jar;C:\Users\gabrielm\Downloads\AnypointStudio\plugins\org.mule.tooling.server.3.9.3.ee_6.6.0.201908221657\mule\lib\boot\disruptor-3.3.0.jar;C:\Users\gabrielm\Downloads\AnypointStudio\plugins\org.mule.tooling.server.3.9.3.ee_6.6.0.201908221657\mule\lib\boot\jackson-annotations-2.9.0.jar;C:\Users\gabrielm\Downloads\AnypointStudio\plugins\org.mule.tooling.server.3.9.3.ee_6.6.0.201908221657\mule\lib\boot\jackson-core-2.9.8.jar;C:\Users\gabrielm\Downloads\AnypointStudio\plugins\org.mule.tooling.server.3.9.3.ee_6.6.0.201908221657\mule\lib\boot\jackson-databind-2.9.8.jar;C:\Users\gabrielm\Downloads\AnypointStudio\plugins\org.mule.tooling.server.3.9.3.ee_6.6.0.201908221657\mule\lib\boot\jcl-over-slf4j-1.7.24.jar;C:\Users\gabrielm\Downloads\AnypointStudio\plugins\org.mule.tooling.server.3.9.3.ee_6.6.0.201908221657\mule\lib\boot\license-utils-gw-3.9.3.jar;C:\Users\gabrielm\Downloads\AnypointStudio\plugins\org.mule.tooling.server.3.9.3.ee_6.6.0.201908221657\mule\lib\boot\licm-studio-1.1.4.jar;C:\Users\gabrielm\Downloads\AnypointStudio\plugins\org.mule.tooling.server.3.9.3.ee_6.6.0.201908221657\mule\lib\boot\log4j-1.2-api-2.8.2.jar;C:\Users\gabrielm\Downloads\AnypointStudio\plugins\org.mule.tooling.server.3.9.3.ee_6.6.0.201908221657\mule\lib\boot\log4j-api-2.8.2.jar;C:\Users\gabrielm\Downloads\AnypointStudio\plugins\org.mule.tooling.server.3.9.3.ee_6.6.0.201908221657\mule\lib\boot\log4j-core-2.8.2.jar;C:\Users\gabrielm\Downloads\AnypointStudio\plugins\org.mule.tooling.server.3.9.3.ee_6.6.0.201908221657\mule\lib\boot\log4j-jcl-2.8.2.jar;C:\Use
Launcher Type: SUN_STANDARD

Environment Variables:
JAVA_HOME=C:\Program Files\AdoptOpenJDK\jdk-8.0.232.09-hotspot\
PATH=C:/Program Files/AdoptOpenJDK/jdk-8.0.232.09-hotspot/bin/../jre/bin/server;C:/Program Files/AdoptOpenJDK/jdk-8.0.232.09-hotspot/bin/../jre/bin;C:/Program Files/AdoptOpenJDK/jdk-8.0.232.09-hotspot/bin/../jre/lib/amd64;C:\ProgramData\DockerDesktop\version-bin;C:\Program Files\Docker\Docker\Resources\bin;C:\Program Files\AdoptOpenJDK\jdk-8.0.232.09-hotspot\bin;C:\Program Files (x86)\Common Files\Oracle\Java\javapath;C:\WINDOWS\system32;C:\WINDOWS;C:\WINDOWS\System32\Wbem;C:\WINDOWS\System32\WindowsPowerShell\v1.0\;C:\WINDOWS\System32\OpenSSH\;C:\Program Files\Git\cmd;C:\Program Files\TortoiseHg\;C:\Program Files\dotnet\;C:\Program Files\Microsoft SQL Server\130\Tools\Binn\;C:\Program Files\Microsoft SQL Server\Client SDK\ODBC\170\Tools\Binn\;C:\Program Files\Microsoft VS Code\bin;C:\Program Files (x86)\Microsoft SQL Server\150\DTS\Binn\;C:\Program Files (x86)\Microsoft SQL Server\140\Tools\Binn\;C:\Program Files\Microsoft SQL Server\140\Tools\Binn\;C:\Program Files (x86)\Microsoft SQL Server\140\DTS\Binn\;C:\Program Files\Microsoft SQL Server\140\DTS\Binn\;C:\Program Files\Microsoft SQL Server\Client SDK\ODBC\130\Tools\Binn\;C:\Program Files\Microsoft\Web Platform Installer\;C:\Users\gabrielm\AppData\Local\Microsoft\WindowsApps;C:\Users\gabrielm\.dotnet\tools;C:\WINDOWS\system32;
USERNAME=gabrielm
OS=Windows_NT
PROCESSOR_IDENTIFIER=Intel64 Family 6 Model 61 Stepping 4, GenuineIntel



---------------  S Y S T E M  ---------------

OS: Windows 10.0 , 64 bit Build 17763 (10.0.17763.475)

CPU:total 4 (initial active 4) (2 cores per cpu, 2 threads per core) family 6 model 61 stepping 4, cmov, cx8, fxsr, mmx, sse, sse2, sse3, ssse3, sse4.1, sse4.2, popcnt, avx, avx2, aes, clmul, erms, 3dnowpref, lzcnt, ht, tsc, tscinvbit, bmi1, bmi2, adx

Memory: 4k page, physical 8301904k(781680k free), swap 10399056k(4132k free)

vm_info: OpenJDK 64-Bit Server VM (25.232-b09) for windows-amd64 JRE (1.8.0_232-b09), built on Oct 18 2019 15:06:13 by "jenkins" with MS VC++ 12.0 (VS2013)

time: Thu Dec 05 17:40:59 2019
timezone: E. South America Standard Time
elapsed time: 20 seconds (0d 0h 0m 20s)

