#
# There is insufficient memory for the Java Runtime Environment to continue.
# Native memory allocation (malloc) failed to allocate 2287056 bytes for Chunk::new
# Possible reasons:
#   The system is out of physical RAM or swap space
#   The process is running with CompressedOops enabled, and the Java Heap may be blocking the growth of the native heap
# Possible solutions:
#   Reduce memory load on the system
#   Increase physical memory or swap space
#   Check if swap backing store is full
#   Decrease Java heap size (-Xmx/-Xms)
#   Decrease number of Java threads
#   Decrease Java thread stack sizes (-Xss)
#   Set larger code cache with -XX:ReservedCodeCacheSize=
#   JVM is running with Unscaled Compressed Oops mode in which the Java heap is
#     placed in the first 4GB address space. The Java Heap base address is the
#     maximum limit for the native heap growth. Please use -XX:HeapBaseMinAddress
#     to set the Java Heap base and to place the Java Heap above 4GB virtual address.
# This output file may be truncated or incomplete.
#
#  Out of Memory Error (allocation.cpp:389), pid=2344, tid=0x00000000000000d4
#
# JRE version: OpenJDK Runtime Environment (8.0_232-b09) (build 1.8.0_232-b09)
# Java VM: OpenJDK 64-Bit Server VM (25.232-b09 mixed mode windows-amd64 compressed oops)
# Failed to write core dump. Minidumps are not enabled by default on client versions of Windows
#

---------------  T H R E A D  ---------------

Current thread (0x00000245474d9800):  JavaThread "C2 CompilerThread1" daemon [_thread_in_native, id=212, stack(0x000000f393400000,0x000000f393500000)]

Stack: [0x000000f393400000,0x000000f393500000]
[error occurred during error reporting (printing stack bounds), id 0xc0000005]

Native frames: (J=compiled Java code, j=interpreted, Vv=VM code, C=native code)


Current CompileTask:
C2:  61266 4608       4       java.net.URLClassLoader$1::run (5 bytes)


---------------  P R O C E S S  ---------------

Java Threads: ( => current thread )
  0x000002454e67c000 JavaThread "[projeto-final-aula].HTTP_Listener_Configuration.worker.03" daemon [_thread_blocked, id=5368, stack(0x000000f397500000,0x000000f397600000)]
  0x000002454e682800 JavaThread "[projeto-final-aula].HTTP_Listener_Configuration.worker.02" daemon [_thread_blocked, id=3108, stack(0x000000f397400000,0x000000f397500000)]
  0x000002454e681000 JavaThread "[projeto-final-aula].http.requester.auto-generated-http-request-0.worker(8)" daemon [_thread_blocked, id=3504, stack(0x000000f397300000,0x000000f397400000)]
  0x000002454e67f000 JavaThread "[projeto-final-aula].http.requester.auto-generated-http-request-0.worker(7)" daemon [_thread_blocked, id=7016, stack(0x000000f397200000,0x000000f397300000)]
  0x000002454e67d800 JavaThread "[projeto-final-aula].http.requester.auto-generated-http-request-0.worker(6)" daemon [_thread_blocked, id=11584, stack(0x000000f397100000,0x000000f397200000)]
  0x000002454e67a000 JavaThread "[projeto-final-aula].http.requester.auto-generated-http-request-0.worker(5)" daemon [_thread_blocked, id=928, stack(0x000000f397000000,0x000000f397100000)]
  0x000002454e67b000 JavaThread "[projeto-final-aula].http.requester.auto-generated-http-request-0.worker(4)" daemon [_thread_blocked, id=6796, stack(0x000000f396f00000,0x000000f397000000)]
  0x00000245490f9800 JavaThread "[projeto-final-aula].http.requester.auto-generated-http-request-0.worker(3)" daemon [_thread_blocked, id=3692, stack(0x000000f396e00000,0x000000f396f00000)]
  0x000002454b36a000 JavaThread "[projeto-final-aula].http.requester.auto-generated-http-request-0.worker(2)" daemon [_thread_blocked, id=12460, stack(0x000000f396d00000,0x000000f396e00000)]
  0x000002454b36b800 JavaThread "[projeto-final-aula].http.requester.auto-generated-http-request-0.worker(1)" daemon [_thread_blocked, id=1892, stack(0x000000f396c00000,0x000000f396d00000)]
  0x000002454b368800 JavaThread "[projeto-final-aula].http.requester.auto-generated-http-request-0(4) SelectorRunner" daemon [_thread_in_native, id=8972, stack(0x000000f396b00000,0x000000f396c00000)]
  0x000002454b369000 JavaThread "[projeto-final-aula].http.requester.auto-generated-http-request-0(3) SelectorRunner" daemon [_thread_in_native, id=11340, stack(0x000000f396a00000,0x000000f396b00000)]
  0x000002454b367800 JavaThread "[projeto-final-aula].http.requester.auto-generated-http-request-0(2) SelectorRunner" daemon [_thread_in_native, id=684, stack(0x000000f396900000,0x000000f396a00000)]
  0x000002454b367000 JavaThread "[projeto-final-aula].http.requester.auto-generated-http-request-0(1) SelectorRunner" daemon [_thread_in_native, id=7824, stack(0x000000f396800000,0x000000f396900000)]
  0x000002454b36a800 JavaThread "connection-pool-delays-thread-pool(1)" daemon [_thread_blocked, id=10572, stack(0x000000f392500000,0x000000f392600000)]
  0x000002454b35f800 JavaThread "Grizzly-IdleTimeoutFilter-IdleCheck" daemon [_thread_blocked, id=8012, stack(0x000000f392400000,0x000000f392500000)]
  0x000002454b366000 JavaThread "[projeto-final-aula].ScatterGatherWorkManager.02" daemon [_thread_blocked, id=2200, stack(0x000000f396700000,0x000000f396800000)]
  0x000002454b35e800 JavaThread "[projeto-final-aula].ScatterGatherWorkManager.01" daemon [_thread_blocked, id=9584, stack(0x000000f396600000,0x000000f396700000)]
  0x000002454b364800 JavaThread "[projeto-final-aula].HTTP_Listener_Configuration.worker.01" daemon [_thread_blocked, id=8776, stack(0x000000f396500000,0x000000f396600000)]
  0x000002454b365800 JavaThread "DestroyJavaVM" [_thread_blocked, id=13176, stack(0x000000f392600000,0x000000f392700000)]
  0x000002454b364000 JavaThread "Mule.app.deployer.monitor.1.thread.1" [_thread_blocked, id=4984, stack(0x000000f396200000,0x000000f396300000)]
  0x000002454b35c800 JavaThread "agw-policy-watcher" [_thread_blocked, id=11480, stack(0x000000f394f00000,0x000000f395000000)]
  0x000002454b361000 JavaThread "[projeto-final-aula].http.requester.HTTP_BrRobotics.worker(8)" daemon [_thread_blocked, id=2820, stack(0x000000f396100000,0x000000f396200000)]
  0x000002454b363000 JavaThread "[projeto-final-aula].http.requester.HTTP_BrRobotics.worker(7)" daemon [_thread_blocked, id=9164, stack(0x000000f396000000,0x000000f396100000)]
  0x000002454b35d000 JavaThread "[projeto-final-aula].http.requester.HTTP_BrRobotics.worker(6)" daemon [_thread_blocked, id=12064, stack(0x000000f395f00000,0x000000f396000000)]
  0x000002454b362800 JavaThread "[projeto-final-aula].http.requester.HTTP_BrRobotics.worker(5)" daemon [_thread_blocked, id=7576, stack(0x000000f395e00000,0x000000f395f00000)]
  0x000002454b35e000 JavaThread "[projeto-final-aula].http.requester.HTTP_BrRobotics.worker(4)" daemon [_thread_blocked, id=1668, stack(0x000000f395d00000,0x000000f395e00000)]
  0x000002454b360000 JavaThread "[projeto-final-aula].http.requester.HTTP_BrRobotics.worker(3)" daemon [_thread_blocked, id=10556, stack(0x000000f395c00000,0x000000f395d00000)]
  0x000002454b014800 JavaThread "[projeto-final-aula].http.requester.HTTP_BrRobotics.worker(2)" daemon [_thread_blocked, id=12136, stack(0x000000f395b00000,0x000000f395c00000)]
  0x000002454b013000 JavaThread "[projeto-final-aula].http.requester.HTTP_BrRobotics.worker(1)" daemon [_thread_blocked, id=5956, stack(0x000000f395a00000,0x000000f395b00000)]
  0x0000024549105000 JavaThread "[projeto-final-aula].http.requester.HTTP_BrRobotics(4) SelectorRunner" daemon [_thread_in_native, id=3508, stack(0x000000f395900000,0x000000f395a00000)]
  0x0000024549101000 JavaThread "[projeto-final-aula].http.requester.HTTP_BrRobotics(3) SelectorRunner" daemon [_thread_in_native, id=5344, stack(0x000000f395800000,0x000000f395900000)]
  0x0000024549102000 JavaThread "[projeto-final-aula].http.requester.HTTP_BrRobotics(2) SelectorRunner" daemon [_thread_in_native, id=5780, stack(0x000000f395700000,0x000000f395800000)]
  0x0000024549104000 JavaThread "[projeto-final-aula].http.requester.HTTP_BrRobotics(1) SelectorRunner" daemon [_thread_in_native, id=10076, stack(0x000000f395600000,0x000000f395700000)]
  0x0000024549108000 JavaThread "connection-pool-delays-thread-pool(1)" daemon [_thread_blocked, id=13256, stack(0x000000f395500000,0x000000f395600000)]
  0x0000024549107000 JavaThread "Grizzly-IdleTimeoutFilter-IdleCheck" daemon [_thread_blocked, id=9508, stack(0x000000f395400000,0x000000f395500000)]
  0x0000024549103800 JavaThread "[projeto-final-aula].processing.time.monitor" daemon [_thread_blocked, id=9088, stack(0x000000f395300000,0x000000f395400000)]
  0x0000024549105800 JavaThread "[projeto-final-aula].projeto-final-aulaFlow1.stage1.01" [_thread_blocked, id=4052, stack(0x000000f395200000,0x000000f395300000)]
  0x0000024549102800 JavaThread "[projeto-final-aula].projeto-final-aulaFlow.stage1.01" [_thread_blocked, id=4988, stack(0x000000f395100000,0x000000f395200000)]
  0x0000024549106800 JavaThread "GC Daemon" daemon [_thread_blocked, id=2264, stack(0x000000f395000000,0x000000f395100000)]
  0x00000245490f9000 JavaThread "[projeto-final-aula].http.listener.HttpIdleConnectionCloser.01" [_thread_blocked, id=12804, stack(0x000000f394e00000,0x000000f394f00000)]
  0x00000245490fc800 JavaThread "[projeto-final-aula].http.listener.worker(8)" daemon [_thread_blocked, id=9416, stack(0x000000f394d00000,0x000000f394e00000)]
  0x00000245490fd800 JavaThread "[projeto-final-aula].http.listener.worker(7)" daemon [_thread_blocked, id=9740, stack(0x000000f394c00000,0x000000f394d00000)]
  0x00000245490ff000 JavaThread "[projeto-final-aula].http.listener.worker(6)" daemon [_thread_blocked, id=484, stack(0x000000f394b00000,0x000000f394c00000)]
  0x00000245490ff800 JavaThread "[projeto-final-aula].http.listener.worker(5)" daemon [_thread_blocked, id=1184, stack(0x000000f394a00000,0x000000f394b00000)]
  0x00000245490fc000 JavaThread "[projeto-final-aula].http.listener.worker(4)" daemon [_thread_blocked, id=3608, stack(0x000000f394900000,0x000000f394a00000)]
  0x00000245490fa800 JavaThread "[projeto-final-aula].http.listener.worker(3)" daemon [_thread_blocked, id=7216, stack(0x000000f394800000,0x000000f394900000)]
  0x00000245490fb000 JavaThread "[projeto-final-aula].http.listener.worker(2)" daemon [_thread_blocked, id=11016, stack(0x000000f394700000,0x000000f394800000)]
  0x00000245490fe000 JavaThread "[projeto-final-aula].http.listener.worker(1)" daemon [_thread_blocked, id=7528, stack(0x000000f394600000,0x000000f394700000)]
  0x000002454b011800 JavaThread "[projeto-final-aula].http.listener(5) SelectorRunner" daemon [_thread_in_native, id=2156, stack(0x000000f394500000,0x000000f394600000)]
  0x000002454b012000 JavaThread "[projeto-final-aula].http.listener(4) SelectorRunner" daemon [_thread_in_native, id=9916, stack(0x000000f394400000,0x000000f394500000)]
  0x000002454b016800 JavaThread "[projeto-final-aula].http.listener(3) SelectorRunner" daemon [_thread_in_native, id=10968, stack(0x000000f394300000,0x000000f394400000)]
  0x000002454b010800 JavaThread "[projeto-final-aula].http.listener(2) SelectorRunner" daemon [_thread_in_native, id=10740, stack(0x000000f394200000,0x000000f394300000)]
  0x000002454b016000 JavaThread "[projeto-final-aula].http.listener(1) SelectorRunner" daemon [_thread_in_native, id=10904, stack(0x000000f394100000,0x000000f394200000)]
  0x000002454aaac800 JavaThread "[projeto-final-aula].Mule.01" [_thread_blocked, id=2592, stack(0x000000f394000000,0x000000f394100000)]
  0x000002454c249000 JavaThread "Log4j2-TF-1-AsyncLoggerConfig-3" daemon [_thread_blocked, id=12364, stack(0x000000f393f00000,0x000000f394000000)]
  0x000002454c249800 JavaThread "pool-3-thread-1" [_thread_in_native, id=12836, stack(0x000000f393e00000,0x000000f393f00000)]
  0x000002454b370000 JavaThread "Log4j2-TF-1-AsyncLoggerConfig-2" daemon [_thread_blocked, id=8364, stack(0x000000f393d00000,0x000000f393e00000)]
  0x000002454b341800 JavaThread "Thread-1" [_thread_in_native, id=9904, stack(0x000000f393c00000,0x000000f393d00000)]
  0x000002454ac46800 JavaThread "MapDB writer #2" daemon [_thread_blocked, id=2108, stack(0x000000f393a00000,0x000000f393b00000)]
  0x0000024548a1d000 JavaThread "MapDB writer #1" daemon [_thread_blocked, id=2916, stack(0x000000f393900000,0x000000f393a00000)]
  0x000002454a184000 JavaThread "Log4j2-TF-1-AsyncLoggerConfig-1" daemon [_thread_blocked, id=7124, stack(0x000000f393800000,0x000000f393900000)]
  0x000002454751a000 JavaThread "Service Thread" daemon [_thread_blocked, id=4512, stack(0x000000f393600000,0x000000f393700000)]
  0x00000245474eb800 JavaThread "C1 CompilerThread2" daemon [_thread_blocked, id=6152, stack(0x000000f393500000,0x000000f393600000)]
=>0x00000245474d9800 JavaThread "C2 CompilerThread1" daemon [_thread_in_native, id=212, stack(0x000000f393400000,0x000000f393500000)]
  0x000002454748e800 JavaThread "C2 CompilerThread0" daemon [_thread_in_native, id=10972, stack(0x000000f393300000,0x000000f393400000)]
  0x000002454747b800 JavaThread "JDWP Command Reader" daemon [_thread_in_native, id=12856, stack(0x000000f393200000,0x000000f393300000)]
  0x0000024547473800 JavaThread "JDWP Event Helper Thread" daemon [_thread_blocked, id=6844, stack(0x000000f393100000,0x000000f393200000)]
  0x000002454746f800 JavaThread "JDWP Transport Listener: dt_socket" daemon [_thread_blocked, id=13308, stack(0x000000f393000000,0x000000f393100000)]
  0x0000024547443000 JavaThread "Attach Listener" daemon [_thread_blocked, id=8920, stack(0x000000f392f00000,0x000000f393000000)]
  0x0000024547447800 JavaThread "Signal Dispatcher" daemon [_thread_blocked, id=9492, stack(0x000000f392e00000,0x000000f392f00000)]
  0x000002454741d000 JavaThread "Finalizer" daemon [_thread_blocked, id=6932, stack(0x000000f392d00000,0x000000f392e00000)]
  0x00000245312de800 JavaThread "Reference Handler" daemon [_thread_blocked, id=800, stack(0x000000f392c00000,0x000000f392d00000)]

Other Threads:
  0x00000245473ef000 VMThread [stack: 0x000000f392b00000,0x000000f392c00000] [id=5996]
  0x000002454751d000 WatcherThread [stack: 0x000000f393700000,0x000000f393800000] [id=4812]

VM state:not at safepoint (normal execution)

VM Mutex/Monitor currently owned by a thread: None

heap address: 0x0000000081400000, size: 2028 MB, Compressed Oops mode: 32-bit
Narrow klass base: 0x0000000000000000, Narrow klass shift: 3
Compressed class space size: 1073741824 Address: 0x0000000100000000

Heap:
 PSYoungGen      total 343040K, used 113927K [0x00000000d5c00000, 0x00000000f0100000, 0x0000000100000000)
  eden space 323584K, 35% used [0x00000000d5c00000,0x00000000dcb41f08,0x00000000e9800000)
  from space 19456K, 0% used [0x00000000e9800000,0x00000000e9800000,0x00000000eab00000)
  to   space 20480K, 0% used [0x00000000eed00000,0x00000000eed00000,0x00000000f0100000)
 ParOldGen       total 153088K, used 52785K [0x0000000081400000, 0x000000008a980000, 0x00000000d5c00000)
  object space 153088K, 34% used [0x0000000081400000,0x000000008478c4a8,0x000000008a980000)
 Metaspace       used 61321K, capacity 61887K, committed 62336K, reserved 1103872K
  class space    used 8078K, capacity 8255K, committed 8320K, reserved 1048576K

Card table byte_map: [0x0000024541e40000,0x0000024542240000] byte_map_base: 0x0000024541a36000

Marking Bits: (ParMarkBitMap*) 0x000000005e145f70
 Begin Bits: [0x00000245424f0000, 0x00000245444a0000)
 End Bits:   [0x00000245444a0000, 0x0000024546450000)

Polling page: 0x0000024531160000

CodeCache: size=245760Kb used=14088Kb max_used=14549Kb free=231671Kb
 bounds [0x0000024532a80000, 0x00000245338d0000, 0x0000024541a80000]
 total_blobs=4443 nmethods=3873 adapters=490
 compilation: enabled

Compilation events (10 events):
Event: 61.119 Thread 0x00000245474eb800 4616       3       java.util.concurrent.locks.ReentrantReadWriteLock::isWriteLocked (8 bytes)
Event: 61.119 Thread 0x00000245474eb800 nmethod 4616 0x0000024532bb3fd0 code [0x0000024532bb4140, 0x0000024532bb44d8]
Event: 61.120 Thread 0x00000245474eb800 4617       3       org.apache.commons.io.monitor.FileAlterationObserver::checkAndNotify (242 bytes)
Event: 61.123 Thread 0x00000245474eb800 nmethod 4617 0x0000024532d38c50 code [0x0000024532d38f80, 0x0000024532d3a690]
Event: 61.184 Thread 0x00000245474eb800 4618       1       java.net.InetSocketAddress$InetSocketAddressHolder::getPort (5 bytes)
Event: 61.185 Thread 0x00000245474eb800 nmethod 4618 0x0000024532cb3b10 code [0x0000024532cb3c60, 0x0000024532cb3d78]
Event: 61.186 Thread 0x00000245474eb800 4619       1       org.glassfish.grizzly.ThreadCache$CachedTypeIndex::getIndex (5 bytes)
Event: 61.186 Thread 0x00000245474eb800 nmethod 4619 0x0000024532e32590 code [0x0000024532e326e0, 0x0000024532e327f8]
Event: 61.214 Thread 0x00000245474eb800 4621       1       org.glassfish.grizzly.Context::getConnection (5 bytes)
Event: 61.214 Thread 0x00000245474eb800 nmethod 4621 0x0000024532e78c50 code [0x0000024532e78da0, 0x0000024532e78eb8]

GC Heap History (10 events):
Event: 12.684 GC heap before
{Heap before GC invocations=12 (full 2):
 PSYoungGen      total 272896K, used 7342K [0x00000000d5c00000, 0x00000000e7d80000, 0x0000000100000000)
  eden space 257536K, 0% used [0x00000000d5c00000,0x00000000d5c00000,0x00000000e5780000)
  from space 15360K, 47% used [0x00000000e6e80000,0x00000000e75abbb0,0x00000000e7d80000)
  to   space 19456K, 0% used [0x00000000e5780000,0x00000000e5780000,0x00000000e6a80000)
 ParOldGen       total 93184K, used 35133K [0x0000000081400000, 0x0000000086f00000, 0x00000000d5c00000)
  object space 93184K, 37% used [0x0000000081400000,0x000000008364f4c8,0x0000000086f00000)
 Metaspace       used 35071K, capacity 35349K, committed 35496K, reserved 1081344K
  class space    used 4498K, capacity 4608K, committed 4608K, reserved 1048576K
Event: 12.788 GC heap after
Heap after GC invocations=12 (full 2):
 PSYoungGen      total 272896K, used 0K [0x00000000d5c00000, 0x00000000e7d80000, 0x0000000100000000)
  eden space 257536K, 0% used [0x00000000d5c00000,0x00000000d5c00000,0x00000000e5780000)
  from space 15360K, 0% used [0x00000000e6e80000,0x00000000e6e80000,0x00000000e7d80000)
  to   space 19456K, 0% used [0x00000000e5780000,0x00000000e5780000,0x00000000e6a80000)
 ParOldGen       total 117760K, used 39765K [0x0000000081400000, 0x0000000088700000, 0x00000000d5c00000)
  object space 117760K, 33% used [0x0000000081400000,0x0000000083ad55c8,0x0000000088700000)
 Metaspace       used 35071K, capacity 35349K, committed 35496K, reserved 1081344K
  class space    used 4498K, capacity 4608K, committed 4608K, reserved 1048576K
}
Event: 15.567 GC heap before
{Heap before GC invocations=13 (full 2):
 PSYoungGen      total 272896K, used 257536K [0x00000000d5c00000, 0x00000000e7d80000, 0x0000000100000000)
  eden space 257536K, 100% used [0x00000000d5c00000,0x00000000e5780000,0x00000000e5780000)
  from space 15360K, 0% used [0x00000000e6e80000,0x00000000e6e80000,0x00000000e7d80000)
  to   space 19456K, 0% used [0x00000000e5780000,0x00000000e5780000,0x00000000e6a80000)
 ParOldGen       total 117760K, used 39765K [0x0000000081400000, 0x0000000088700000, 0x00000000d5c00000)
  object space 117760K, 33% used [0x0000000081400000,0x0000000083ad55c8,0x0000000088700000)
 Metaspace       used 43898K, capacity 44269K, committed 44544K, reserved 1087488K
  class space    used 5696K, capacity 5808K, committed 5888K, reserved 1048576K
Event: 15.578 GC heap after
Heap after GC invocations=13 (full 2):
 PSYoungGen      total 276992K, used 10213K [0x00000000d5c00000, 0x00000000ec280000, 0x0000000100000000)
  eden space 257536K, 0% used [0x00000000d5c00000,0x00000000d5c00000,0x00000000e5780000)
  from space 19456K, 52% used [0x00000000e5780000,0x00000000e6179558,0x00000000e6a80000)
  to   space 18432K, 0% used [0x00000000eb080000,0x00000000eb080000,0x00000000ec280000)
 ParOldGen       total 117760K, used 39773K [0x0000000081400000, 0x0000000088700000, 0x00000000d5c00000)
  object space 117760K, 33% used [0x0000000081400000,0x0000000083ad75c8,0x0000000088700000)
 Metaspace       used 43898K, capacity 44269K, committed 44544K, reserved 1087488K
  class space    used 5696K, capacity 5808K, committed 5888K, reserved 1048576K
}
Event: 57.046 GC heap before
{Heap before GC invocations=14 (full 2):
 PSYoungGen      total 276992K, used 267749K [0x00000000d5c00000, 0x00000000ec280000, 0x0000000100000000)
  eden space 257536K, 100% used [0x00000000d5c00000,0x00000000e5780000,0x00000000e5780000)
  from space 19456K, 52% used [0x00000000e5780000,0x00000000e6179558,0x00000000e6a80000)
  to   space 18432K, 0% used [0x00000000eb080000,0x00000000eb080000,0x00000000ec280000)
 ParOldGen       total 117760K, used 39773K [0x0000000081400000, 0x0000000088700000, 0x00000000d5c00000)
  object space 117760K, 33% used [0x0000000081400000,0x0000000083ad75c8,0x0000000088700000)
 Metaspace       used 52504K, capacity 53145K, committed 53504K, reserved 1095680K
  class space    used 6923K, capacity 7134K, committed 7168K, reserved 1048576K
Event: 57.064 GC heap after
Heap after GC invocations=14 (full 2):
 PSYoungGen      total 333312K, used 13809K [0x00000000d5c00000, 0x00000000ebe00000, 0x0000000100000000)
  eden space 319488K, 0% used [0x00000000d5c00000,0x00000000d5c00000,0x00000000e9400000)
  from space 13824K, 99% used [0x00000000eb080000,0x00000000ebdfc730,0x00000000ebe00000)
  to   space 19456K, 0% used [0x00000000e9800000,0x00000000e9800000,0x00000000eab00000)
 ParOldGen       total 117760K, used 39781K [0x0000000081400000, 0x0000000088700000, 0x00000000d5c00000)
  object space 117760K, 33% used [0x0000000081400000,0x0000000083ad95c8,0x0000000088700000)
 Metaspace       used 52504K, capacity 53145K, committed 53504K, reserved 1095680K
  class space    used 6923K, capacity 7134K, committed 7168K, reserved 1048576K
}
Event: 59.276 GC heap before
{Heap before GC invocations=15 (full 2):
 PSYoungGen      total 333312K, used 250795K [0x00000000d5c00000, 0x00000000ebe00000, 0x0000000100000000)
  eden space 319488K, 74% used [0x00000000d5c00000,0x00000000e436e780,0x00000000e9400000)
  from space 13824K, 99% used [0x00000000eb080000,0x00000000ebdfc730,0x00000000ebe00000)
  to   space 19456K, 0% used [0x00000000e9800000,0x00000000e9800000,0x00000000eab00000)
 ParOldGen       total 117760K, used 39781K [0x0000000081400000, 0x0000000088700000, 0x00000000d5c00000)
  object space 117760K, 33% used [0x0000000081400000,0x0000000083ad95c8,0x0000000088700000)
 Metaspace       used 58298K, capacity 58905K, committed 59136K, reserved 1099776K
  class space    used 7713K, capacity 7902K, committed 7936K, reserved 1048576K
Event: 59.293 GC heap after
Heap after GC invocations=15 (full 2):
 PSYoungGen      total 343040K, used 15118K [0x00000000d5c00000, 0x00000000f0100000, 0x0000000100000000)
  eden space 323584K, 0% used [0x00000000d5c00000,0x00000000d5c00000,0x00000000e9800000)
  from space 19456K, 77% used [0x00000000e9800000,0x00000000ea6c3b78,0x00000000eab00000)
  to   space 20480K, 0% used [0x00000000eed00000,0x00000000eed00000,0x00000000f0100000)
 ParOldGen       total 117760K, used 39781K [0x0000000081400000, 0x0000000088700000, 0x00000000d5c00000)
  object space 117760K, 33% used [0x0000000081400000,0x0000000083ad95c8,0x0000000088700000)
 Metaspace       used 58298K, capacity 58905K, committed 59136K, reserved 1099776K
  class space    used 7713K, capacity 7902K, committed 7936K, reserved 1048576K
}
Event: 59.293 GC heap before
{Heap before GC invocations=16 (full 3):
 PSYoungGen      total 343040K, used 15118K [0x00000000d5c00000, 0x00000000f0100000, 0x0000000100000000)
  eden space 323584K, 0% used [0x00000000d5c00000,0x00000000d5c00000,0x00000000e9800000)
  from space 19456K, 77% used [0x00000000e9800000,0x00000000ea6c3b78,0x00000000eab00000)
  to   space 20480K, 0% used [0x00000000eed00000,0x00000000eed00000,0x00000000f0100000)
 ParOldGen       total 117760K, used 39781K [0x0000000081400000, 0x0000000088700000, 0x00000000d5c00000)
  object space 117760K, 33% used [0x0000000081400000,0x0000000083ad95c8,0x0000000088700000)
 Metaspace       used 58298K, capacity 58905K, committed 59136K, reserved 1099776K
  class space    used 7713K, capacity 7902K, committed 7936K, reserved 1048576K
Event: 59.685 GC heap after
Heap after GC invocations=16 (full 3):
 PSYoungGen      total 343040K, used 0K [0x00000000d5c00000, 0x00000000f0100000, 0x0000000100000000)
  eden space 323584K, 0% used [0x00000000d5c00000,0x00000000d5c00000,0x00000000e9800000)
  from space 19456K, 0% used [0x00000000e9800000,0x00000000e9800000,0x00000000eab00000)
  to   space 20480K, 0% used [0x00000000eed00000,0x00000000eed00000,0x00000000f0100000)
 ParOldGen       total 153088K, used 52785K [0x0000000081400000, 0x000000008a980000, 0x00000000d5c00000)
  object space 153088K, 34% used [0x0000000081400000,0x000000008478c4a8,0x000000008a980000)
 Metaspace       used 58298K, capacity 58905K, committed 59136K, reserved 1099776K
  class space    used 7713K, capacity 7902K, committed 7936K, reserved 1048576K
}

Deoptimization events (10 events):
Event: 61.222 Thread 0x000002454c249000 Uncommon trap: reason=unhandled action=none pc=0x0000024532eb0174 method=com.lmax.disruptor.TimeoutBlockingWaitStrategy.waitFor(JLcom/lmax/disruptor/Sequence;Lcom/lmax/disruptor/Sequence;Lcom/lmax/disruptor/SequenceBarrier;)J @ 69
Event: 61.233 Thread 0x000002454c249000 Uncommon trap: reason=unhandled action=none pc=0x0000024532eb0174 method=com.lmax.disruptor.TimeoutBlockingWaitStrategy.waitFor(JLcom/lmax/disruptor/Sequence;Lcom/lmax/disruptor/Sequence;Lcom/lmax/disruptor/SequenceBarrier;)J @ 69
Event: 61.233 Thread 0x000002454a184000 Uncommon trap: reason=unhandled action=none pc=0x0000024532eb0174 method=com.lmax.disruptor.TimeoutBlockingWaitStrategy.waitFor(JLcom/lmax/disruptor/Sequence;Lcom/lmax/disruptor/Sequence;Lcom/lmax/disruptor/SequenceBarrier;)J @ 69
Event: 61.233 Thread 0x000002454b370000 Uncommon trap: reason=unhandled action=none pc=0x0000024532eb0174 method=com.lmax.disruptor.TimeoutBlockingWaitStrategy.waitFor(JLcom/lmax/disruptor/Sequence;Lcom/lmax/disruptor/Sequence;Lcom/lmax/disruptor/SequenceBarrier;)J @ 69
Event: 61.243 Thread 0x000002454a184000 Uncommon trap: reason=unhandled action=none pc=0x0000024532eb0174 method=com.lmax.disruptor.TimeoutBlockingWaitStrategy.waitFor(JLcom/lmax/disruptor/Sequence;Lcom/lmax/disruptor/Sequence;Lcom/lmax/disruptor/SequenceBarrier;)J @ 69
Event: 61.243 Thread 0x000002454c249000 Uncommon trap: reason=unhandled action=none pc=0x0000024532eb0174 method=com.lmax.disruptor.TimeoutBlockingWaitStrategy.waitFor(JLcom/lmax/disruptor/Sequence;Lcom/lmax/disruptor/Sequence;Lcom/lmax/disruptor/SequenceBarrier;)J @ 69
Event: 61.244 Thread 0x000002454b370000 Uncommon trap: reason=unhandled action=none pc=0x0000024532eb0174 method=com.lmax.disruptor.TimeoutBlockingWaitStrategy.waitFor(JLcom/lmax/disruptor/Sequence;Lcom/lmax/disruptor/Sequence;Lcom/lmax/disruptor/SequenceBarrier;)J @ 69
Event: 61.254 Thread 0x000002454a184000 Uncommon trap: reason=unhandled action=none pc=0x0000024532eb0174 method=com.lmax.disruptor.TimeoutBlockingWaitStrategy.waitFor(JLcom/lmax/disruptor/Sequence;Lcom/lmax/disruptor/Sequence;Lcom/lmax/disruptor/SequenceBarrier;)J @ 69
Event: 61.254 Thread 0x000002454c249000 Uncommon trap: reason=unhandled action=none pc=0x0000024532eb0174 method=com.lmax.disruptor.TimeoutBlockingWaitStrategy.waitFor(JLcom/lmax/disruptor/Sequence;Lcom/lmax/disruptor/Sequence;Lcom/lmax/disruptor/SequenceBarrier;)J @ 69
Event: 61.255 Thread 0x000002454b370000 Uncommon trap: reason=unhandled action=none pc=0x0000024532eb0174 method=com.lmax.disruptor.TimeoutBlockingWaitStrategy.waitFor(JLcom/lmax/disruptor/Sequence;Lcom/lmax/disruptor/Sequence;Lcom/lmax/disruptor/SequenceBarrier;)J @ 69

Classes redefined (0 events):
No events

Internal exceptions (10 events):
Event: 60.349 Thread 0x000002454b35e800 Exception <a 'java/lang/ArrayIndexOutOfBoundsException': 167> (0x00000000daa26a08) thrown at [C:\cygwin64\tmp\openjdk-jdk8u-windows-x64-hotspot\workspace\build\src\hotspot\src\share\vm\interpreter\interpreterRuntime.cpp, line 368]
Event: 60.352 Thread 0x000002454b35e800 Exception <a 'java/lang/ArrayIndexOutOfBoundsException': 166> (0x00000000daa547e0) thrown at [C:\cygwin64\tmp\openjdk-jdk8u-windows-x64-hotspot\workspace\build\src\hotspot\src\share\vm\interpreter\interpreterRuntime.cpp, line 368]
Event: 60.353 Thread 0x000002454b35e800 Exception <a 'java/lang/ArrayIndexOutOfBoundsException': 163> (0x00000000daa80210) thrown at [C:\cygwin64\tmp\openjdk-jdk8u-windows-x64-hotspot\workspace\build\src\hotspot\src\share\vm\interpreter\interpreterRuntime.cpp, line 368]
Event: 60.355 Thread 0x000002454b35e800 Exception <a 'java/lang/ArrayIndexOutOfBoundsException': 162> (0x00000000daaacf30) thrown at [C:\cygwin64\tmp\openjdk-jdk8u-windows-x64-hotspot\workspace\build\src\hotspot\src\share\vm\interpreter\interpreterRuntime.cpp, line 368]
Event: 60.356 Thread 0x000002454b35e800 Exception <a 'java/lang/ArrayIndexOutOfBoundsException': 177> (0x00000000daad9728) thrown at [C:\cygwin64\tmp\openjdk-jdk8u-windows-x64-hotspot\workspace\build\src\hotspot\src\share\vm\interpreter\interpreterRuntime.cpp, line 368]
Event: 60.358 Thread 0x000002454b35e800 Exception <a 'java/lang/ArrayIndexOutOfBoundsException': 175> (0x00000000dab05c70) thrown at [C:\cygwin64\tmp\openjdk-jdk8u-windows-x64-hotspot\workspace\build\src\hotspot\src\share\vm\interpreter\interpreterRuntime.cpp, line 368]
Event: 60.662 Thread 0x000002454b35e800 Exception <a 'java/io/FileNotFoundException'> (0x00000000dbfc9bd0) thrown at [C:\cygwin64\tmp\openjdk-jdk8u-windows-x64-hotspot\workspace\build\src\hotspot\src\share\vm\prims\jni.cpp, line 710]
Event: 60.662 Thread 0x000002454b35e800 Exception <a 'java/io/FileNotFoundException'> (0x00000000dbfcb3e8) thrown at [C:\cygwin64\tmp\openjdk-jdk8u-windows-x64-hotspot\workspace\build\src\hotspot\src\share\vm\prims\jni.cpp, line 710]
Event: 60.678 Thread 0x000002454b35e800 Exception <a 'java/io/FileNotFoundException'> (0x00000000dc040d90) thrown at [C:\cygwin64\tmp\openjdk-jdk8u-windows-x64-hotspot\workspace\build\src\hotspot\src\share\vm\prims\jni.cpp, line 710]
Event: 60.679 Thread 0x000002454b35e800 Exception <a 'java/io/FileNotFoundException'> (0x00000000dc0421e8) thrown at [C:\cygwin64\tmp\openjdk-jdk8u-windows-x64-hotspot\workspace\build\src\hotspot\src\share\vm\prims\jni.cpp, line 710]

Events (10 events):
Event: 61.254 Thread 0x000002454c249000 Uncommon trap: trap_request=0xffffffa7 fr.pc=0x0000024532eb0174
Event: 61.254 Thread 0x000002454c249000 DEOPT PACKING pc=0x0000024532eb0174 sp=0x000000f393fff1b0
Event: 61.254 Thread 0x000002454c249000 DEOPT UNPACKING pc=0x0000024532ac5583 sp=0x000000f393fff160 mode 2
Event: 61.254 Thread 0x000002454c249000 DEOPT PACKING pc=0x0000024532eac57c sp=0x000000f393fff240
Event: 61.254 Thread 0x000002454c249000 DEOPT UNPACKING pc=0x0000024532ac75d8 sp=0x000000f393ffef70 mode 1
Event: 61.255 Thread 0x000002454b370000 Uncommon trap: trap_request=0xffffffa7 fr.pc=0x0000024532eb0174
Event: 61.255 Thread 0x000002454b370000 DEOPT PACKING pc=0x0000024532eb0174 sp=0x000000f393dfebe0
Event: 61.255 Thread 0x000002454b370000 DEOPT UNPACKING pc=0x0000024532ac5583 sp=0x000000f393dfeb90 mode 2
Event: 61.255 Thread 0x000002454b370000 DEOPT PACKING pc=0x0000024532eac57c sp=0x000000f393dfec70
Event: 61.255 Thread 0x000002454b370000 DEOPT UNPACKING pc=0x0000024532ac75d8 sp=0x000000f393dfe9a0 mode 1


Dynamic libraries:
0x00007ff6dffd0000 - 0x00007ff6e000a000 	C:\Program Files\AdoptOpenJDK\jdk-8.0.232.09-hotspot\bin\javaw.exe
0x00007ff997d60000 - 0x00007ff997f4d000 	C:\WINDOWS\SYSTEM32\ntdll.dll
0x00007ff9975e0000 - 0x00007ff997693000 	C:\WINDOWS\System32\KERNEL32.DLL
0x00007ff994c90000 - 0x00007ff994f23000 	C:\WINDOWS\System32\KERNELBASE.dll
0x00007ff9971d0000 - 0x00007ff997273000 	C:\WINDOWS\System32\ADVAPI32.dll
0x00007ff997c30000 - 0x00007ff997cce000 	C:\WINDOWS\System32\msvcrt.dll
0x00007ff997740000 - 0x00007ff9977de000 	C:\WINDOWS\System32\sechost.dll
0x00007ff9970a0000 - 0x00007ff9971c2000 	C:\WINDOWS\System32\RPCRT4.dll
0x00007ff997940000 - 0x00007ff997ad7000 	C:\WINDOWS\System32\USER32.dll
0x00007ff994f60000 - 0x00007ff994f80000 	C:\WINDOWS\System32\win32u.dll
0x00007ff997390000 - 0x00007ff9973b9000 	C:\WINDOWS\System32\GDI32.dll
0x00007ff993ec0000 - 0x00007ff994059000 	C:\WINDOWS\System32\gdi32full.dll
0x00007ff993e20000 - 0x00007ff993ec0000 	C:\WINDOWS\System32\msvcp_win.dll
0x00007ff994aa0000 - 0x00007ff994b9a000 	C:\WINDOWS\System32\ucrtbase.dll
0x00007ff986240000 - 0x00007ff9864b9000 	C:\WINDOWS\WinSxS\amd64_microsoft.windows.common-controls_6595b64144ccf1df_6.0.17763.864_none_05b3441807210760\COMCTL32.dll
0x00007ff994f90000 - 0x00007ff9952bc000 	C:\WINDOWS\System32\combase.dll
0x00007ff994ba0000 - 0x00007ff994c1e000 	C:\WINDOWS\System32\bcryptPrimitives.dll
0x00007ff996940000 - 0x00007ff99696e000 	C:\WINDOWS\System32\IMM32.DLL
0x00007ff9702c0000 - 0x00007ff9703af000 	C:\Program Files\AdoptOpenJDK\jdk-8.0.232.09-hotspot\jre\bin\msvcr120.dll
0x00007ff971140000 - 0x00007ff9711e6000 	C:\Program Files\AdoptOpenJDK\jdk-8.0.232.09-hotspot\jre\bin\msvcp120.dll
0x000000005d9c0000 - 0x000000005e1bf000 	C:\Program Files\AdoptOpenJDK\jdk-8.0.232.09-hotspot\jre\bin\server\jvm.dll
0x00007ff997ae0000 - 0x00007ff997ae8000 	C:\WINDOWS\System32\PSAPI.DLL
0x00007ff992860000 - 0x00007ff992869000 	C:\WINDOWS\SYSTEM32\WSOCK32.dll
0x00007ff9973c0000 - 0x00007ff99742d000 	C:\WINDOWS\System32\WS2_32.dll
0x00007ff991c00000 - 0x00007ff991c24000 	C:\WINDOWS\SYSTEM32\WINMM.dll
0x00007ff988ff0000 - 0x00007ff988ffa000 	C:\WINDOWS\SYSTEM32\VERSION.dll
0x00007ff991bd0000 - 0x00007ff991bfd000 	C:\WINDOWS\SYSTEM32\WINMMBASE.dll
0x00007ff994c20000 - 0x00007ff994c6a000 	C:\WINDOWS\System32\cfgmgr32.dll
0x00007ff98ff00000 - 0x00007ff98ff0f000 	C:\Program Files\AdoptOpenJDK\jdk-8.0.232.09-hotspot\jre\bin\verify.dll
0x00007ff98a920000 - 0x00007ff98a948000 	C:\Program Files\AdoptOpenJDK\jdk-8.0.232.09-hotspot\jre\bin\java.dll
0x00007ff96a530000 - 0x00007ff96a565000 	C:\Program Files\AdoptOpenJDK\jdk-8.0.232.09-hotspot\jre\bin\jdwp.dll
0x00007ff98f020000 - 0x00007ff98f028000 	C:\Program Files\AdoptOpenJDK\jdk-8.0.232.09-hotspot\jre\bin\npt.dll
0x00007ff98c4f0000 - 0x00007ff98c506000 	C:\Program Files\AdoptOpenJDK\jdk-8.0.232.09-hotspot\jre\bin\zip.dll
0x00007ff995440000 - 0x00007ff996934000 	C:\WINDOWS\System32\SHELL32.dll
0x00007ff997280000 - 0x00007ff997328000 	C:\WINDOWS\System32\shcore.dll
0x00007ff994240000 - 0x00007ff99498d000 	C:\WINDOWS\System32\windows.storage.dll
0x00007ff993d70000 - 0x00007ff993d94000 	C:\WINDOWS\System32\profapi.dll
0x00007ff993da0000 - 0x00007ff993dfd000 	C:\WINDOWS\System32\powrprof.dll
0x00007ff997af0000 - 0x00007ff997b42000 	C:\WINDOWS\System32\shlwapi.dll
0x00007ff993d50000 - 0x00007ff993d61000 	C:\WINDOWS\System32\kernel.appcore.dll
0x00007ff994c70000 - 0x00007ff994c87000 	C:\WINDOWS\System32\cryptsp.dll
0x00007ff98e8b0000 - 0x00007ff98e8b9000 	C:\Program Files\AdoptOpenJDK\jdk-8.0.232.09-hotspot\jre\bin\dt_socket.dll
0x00007ff96f870000 - 0x00007ff96f886000 	C:\WINDOWS\system32\napinsp.dll
0x00007ff96f890000 - 0x00007ff96f8aa000 	C:\WINDOWS\system32\pnrpnsp.dll
0x00007ff98fce0000 - 0x00007ff98fcfb000 	C:\WINDOWS\system32\NLAapi.dll
0x00007ff993240000 - 0x00007ff99327d000 	C:\WINDOWS\SYSTEM32\IPHLPAPI.DLL
0x00007ff993510000 - 0x00007ff993577000 	C:\WINDOWS\System32\mswsock.dll
0x00007ff993280000 - 0x00007ff993346000 	C:\WINDOWS\SYSTEM32\DNSAPI.dll
0x00007ff994f80000 - 0x00007ff994f88000 	C:\WINDOWS\System32\NSI.dll
0x00007ff96f9f0000 - 0x00007ff96f9fe000 	C:\WINDOWS\System32\winrnr.dll
0x00007ff98bf50000 - 0x00007ff98bf65000 	C:\WINDOWS\system32\wshbth.dll
0x00007ff98f3e0000 - 0x00007ff98f459000 	C:\WINDOWS\System32\fwpuclnt.dll
0x00007ff994f30000 - 0x00007ff994f56000 	C:\WINDOWS\System32\bcrypt.dll
0x00007ff98d7a0000 - 0x00007ff98d7aa000 	C:\Windows\System32\rasadhlp.dll
0x00007ff98f090000 - 0x00007ff98f09d000 	C:\Program Files\AdoptOpenJDK\jdk-8.0.232.09-hotspot\jre\bin\management.dll
0x00007ff9930a0000 - 0x00007ff9930d3000 	C:\WINDOWS\system32\rsaenh.dll
0x00007ff993c80000 - 0x00007ff993ca8000 	C:\WINDOWS\SYSTEM32\USERENV.dll
0x00007ff993690000 - 0x00007ff99369c000 	C:\WINDOWS\SYSTEM32\CRYPTBASE.dll
0x00007ff98a810000 - 0x00007ff98a82a000 	C:\Program Files\AdoptOpenJDK\jdk-8.0.232.09-hotspot\jre\bin\net.dll
0x00007ff98f0e0000 - 0x00007ff98f0f6000 	C:\WINDOWS\SYSTEM32\dhcpcsvc6.DLL
0x00007ff98ee20000 - 0x00007ff98ee3c000 	C:\WINDOWS\SYSTEM32\dhcpcsvc.DLL
0x00007ff98a130000 - 0x00007ff98a142000 	C:\Program Files\AdoptOpenJDK\jdk-8.0.232.09-hotspot\jre\bin\nio.dll
0x00007ff985080000 - 0x00007ff98508a000 	C:\Users\gabrielm\AppData\Local\Temp\jansi-64-5694588136633956173.dll
0x00007ff9847d0000 - 0x00007ff9847f3000 	C:\Program Files\AdoptOpenJDK\jdk-8.0.232.09-hotspot\jre\bin\sunec.dll
0x00007ff98e580000 - 0x00007ff98e58b000 	C:\Program Files\AdoptOpenJDK\jdk-8.0.232.09-hotspot\jre\bin\sunmscapi.dll
0x00007ff994060000 - 0x00007ff99423b000 	C:\WINDOWS\System32\CRYPT32.dll
0x00007ff993e00000 - 0x00007ff993e12000 	C:\WINDOWS\System32\MSASN1.dll

VM Arguments:
jvm_args: -agentlib:jdwp=transport=dt_socket,suspend=y,address=localhost:51061 -XX:PermSize=128M -XX:MaxPermSize=256M -Dmule.home=C:\Users\gabrielm\Documents\AnypointStudio\workspace\.mule -Djava.endorsed.dirs=C:\Users\gabrielm\Downloads\AnypointStudio\plugins\org.mule.tooling.server.3.9.3.ee_6.6.0.201908221657\mule\lib\endorsed -Djava.net.preferIPv4Stack=TRUE -Dmvel2.disable.jit=TRUE -Dosgi.dev=true -Dmule.verbose.exceptions=true -Dmule.plugins.dir=C:\Users\gabrielm\Downloads\AnypointStudio\plugins\org.mule.tooling.server.3.9.3.ee_6.6.0.201908221657\mule\plugins -Dmule.agent.enabled=false -Dmule.forceConsoleLog -Dlog4j.debug=true -Danypoint.platform.gatekeeper=false -Dosgi.instance.area=file:\C:\Users\gabrielm\Documents\AnypointStudio\workspace -Dmule.debug.enable=true -Dmule.timeout.disable=false -Dmule.debug.port=6666 -Dmule.debug.suspend=false -Dfile.encoding=UTF-8 
java_command: org.mule.tooling.server.application.ApplicationDeployer
java_class_path (initial): C:\Users\gabrielm\Downloads\AnypointStudio\plugins\org.mule.tooling.server.3.9.3.ee_6.6.0.201908221657\mule\tooling\tooling-support-3.9.3.jar;C:\Users\gabrielm\Downloads\AnypointStudio\plugins\org.mule.tooling.server.3.9.3.ee_6.6.0.201908221657\mule\lib\boot\commons-cli-1.2.jar;C:\Users\gabrielm\Downloads\AnypointStudio\plugins\org.mule.tooling.server.3.9.3.ee_6.6.0.201908221657\mule\lib\boot\commons-codec-1.9.jar;C:\Users\gabrielm\Downloads\AnypointStudio\plugins\org.mule.tooling.server.3.9.3.ee_6.6.0.201908221657\mule\lib\boot\disruptor-3.3.0.jar;C:\Users\gabrielm\Downloads\AnypointStudio\plugins\org.mule.tooling.server.3.9.3.ee_6.6.0.201908221657\mule\lib\boot\jackson-annotations-2.9.0.jar;C:\Users\gabrielm\Downloads\AnypointStudio\plugins\org.mule.tooling.server.3.9.3.ee_6.6.0.201908221657\mule\lib\boot\jackson-core-2.9.8.jar;C:\Users\gabrielm\Downloads\AnypointStudio\plugins\org.mule.tooling.server.3.9.3.ee_6.6.0.201908221657\mule\lib\boot\jackson-databind-2.9.8.jar;C:\Users\gabrielm\Downloads\AnypointStudio\plugins\org.mule.tooling.server.3.9.3.ee_6.6.0.201908221657\mule\lib\boot\jcl-over-slf4j-1.7.24.jar;C:\Users\gabrielm\Downloads\AnypointStudio\plugins\org.mule.tooling.server.3.9.3.ee_6.6.0.201908221657\mule\lib\boot\license-utils-gw-3.9.3.jar;C:\Users\gabrielm\Downloads\AnypointStudio\plugins\org.mule.tooling.server.3.9.3.ee_6.6.0.201908221657\mule\lib\boot\licm-studio-1.1.4.jar;C:\Users\gabrielm\Downloads\AnypointStudio\plugins\org.mule.tooling.server.3.9.3.ee_6.6.0.201908221657\mule\lib\boot\log4j-1.2-api-2.8.2.jar;C:\Users\gabrielm\Downloads\AnypointStudio\plugins\org.mule.tooling.server.3.9.3.ee_6.6.0.201908221657\mule\lib\boot\log4j-api-2.8.2.jar;C:\Users\gabrielm\Downloads\AnypointStudio\plugins\org.mule.tooling.server.3.9.3.ee_6.6.0.201908221657\mule\lib\boot\log4j-core-2.8.2.jar;C:\Users\gabrielm\Downloads\AnypointStudio\plugins\org.mule.tooling.server.3.9.3.ee_6.6.0.201908221657\mule\lib\boot\log4j-jcl-2.8.2.jar;C:\Use
Launcher Type: SUN_STANDARD

Environment Variables:
JAVA_HOME=C:\Program Files\AdoptOpenJDK\jdk-8.0.232.09-hotspot\
PATH=C:\Program Files\AdoptOpenJDK\jdk-8.0.232.09-hotspot\jre\bin;C:/Program Files/AdoptOpenJDK/jdk-8.0.232.09-hotspot/bin/../jre/bin/server;C:/Program Files/AdoptOpenJDK/jdk-8.0.232.09-hotspot/bin/../jre/bin;C:/Program Files/AdoptOpenJDK/jdk-8.0.232.09-hotspot/bin/../jre/lib/amd64;C:\ProgramData\DockerDesktop\version-bin;C:\Program Files\Docker\Docker\Resources\bin;C:\Program Files\AdoptOpenJDK\jdk-8.0.232.09-hotspot\bin;C:\Program Files (x86)\Common Files\Oracle\Java\javapath;C:\WINDOWS\system32;C:\WINDOWS;C:\WINDOWS\System32\Wbem;C:\WINDOWS\System32\WindowsPowerShell\v1.0\;C:\WINDOWS\System32\OpenSSH\;C:\Program Files\Git\cmd;C:\Program Files\TortoiseHg\;C:\Program Files\dotnet\;C:\Program Files\Microsoft SQL Server\130\Tools\Binn\;C:\Program Files\Microsoft SQL Server\Client SDK\ODBC\170\Tools\Binn\;C:\Program Files\Microsoft VS Code\bin;C:\Program Files (x86)\Microsoft SQL Server\150\DTS\Binn\;C:\Program Files (x86)\Microsoft SQL Server\140\Tools\Binn\;C:\Program Files\Microsoft SQL Server\140\Tools\Binn\;C:\Program Files (x86)\Microsoft SQL Server\140\DTS\Binn\;C:\Program Files\Microsoft SQL Server\140\DTS\Binn\;C:\Program Files\Microsoft SQL Server\Client SDK\ODBC\130\Tools\Binn\;C:\Program Files\Microsoft\Web Platform Installer\;C:\Users\gabrielm\AppData\Local\Microsoft\WindowsApps;C:\Users\gabrielm\.dotnet\tools;C:\WINDOWS\system32;
USERNAME=gabrielm
OS=Windows_NT
PROCESSOR_IDENTIFIER=Intel64 Family 6 Model 61 Stepping 4, GenuineIntel



---------------  S Y S T E M  ---------------

OS: Windows 10.0 , 64 bit Build 17763 (10.0.17763.475)

CPU:total 4 (initial active 4) (2 cores per cpu, 2 threads per core) family 6 model 61 stepping 4, cmov, cx8, fxsr, mmx, sse, sse2, sse3, ssse3, sse4.1, sse4.2, popcnt, avx, avx2, aes, clmul, erms, 3dnowpref, lzcnt, ht, tsc, tscinvbit, bmi1, bmi2, adx

Memory: 4k page, physical 8301904k(518188k free), swap 10399056k(5460k free)

vm_info: OpenJDK 64-Bit Server VM (25.232-b09) for windows-amd64 JRE (1.8.0_232-b09), built on Oct 18 2019 15:06:13 by "jenkins" with MS VC++ 12.0 (VS2013)

time: Thu Dec 05 18:55:40 2019
timezone: E. South America Standard Time
elapsed time: 61 seconds (0d 0h 1m 1s)

