#
# There is insufficient memory for the Java Runtime Environment to continue.
# Native memory allocation (malloc) failed to allocate 937216 bytes for Chunk::new
# Possible reasons:
#   The system is out of physical RAM or swap space
#   The process is running with CompressedOops enabled, and the Java Heap may be blocking the growth of the native heap
# Possible solutions:
#   Reduce memory load on the system
#   Increase physical memory or swap space
#   Check if swap backing store is full
#   Decrease Java heap size (-Xmx/-Xms)
#   Decrease number of Java threads
#   Decrease Java thread stack sizes (-Xss)
#   Set larger code cache with -XX:ReservedCodeCacheSize=
#   JVM is running with Unscaled Compressed Oops mode in which the Java heap is
#     placed in the first 4GB address space. The Java Heap base address is the
#     maximum limit for the native heap growth. Please use -XX:HeapBaseMinAddress
#     to set the Java Heap base and to place the Java Heap above 4GB virtual address.
# This output file may be truncated or incomplete.
#
#  Out of Memory Error (allocation.cpp:389), pid=2436, tid=0x0000000000003018
#
# JRE version: OpenJDK Runtime Environment (8.0_232-b09) (build 1.8.0_232-b09)
# Java VM: OpenJDK 64-Bit Server VM (25.232-b09 mixed mode windows-amd64 compressed oops)
# Failed to write core dump. Minidumps are not enabled by default on client versions of Windows
#

---------------  T H R E A D  ---------------

Current thread (0x00000258e5e8d000):  JavaThread "C2 CompilerThread0" daemon [_thread_in_native, id=12312, stack(0x000000ec67c00000,0x000000ec67d00000)]

Stack: [0x000000ec67c00000,0x000000ec67d00000]
[error occurred during error reporting (printing stack bounds), id 0xc0000005]

Native frames: (J=compiled Java code, j=interpreted, Vv=VM code, C=native code)


Current CompileTask:
C2:  19186 3570   !   4       java.net.URLClassLoader$1::run (63 bytes)


---------------  P R O C E S S  ---------------

Java Threads: ( => current thread )
  0x00000258ec8c9000 JavaThread "[projeto-final-aula].http.listener.HttpIdleConnectionCloser.01" [_thread_blocked, id=12900, stack(0x000000ec69700000,0x000000ec69800000)]
  0x00000258ec8c6000 JavaThread "[projeto-final-aula].http.listener.worker(8)" daemon [_thread_blocked, id=4436, stack(0x000000ec69600000,0x000000ec69700000)]
  0x00000258ec8c4800 JavaThread "[projeto-final-aula].http.listener.worker(7)" daemon [_thread_blocked, id=7204, stack(0x000000ec69500000,0x000000ec69600000)]
  0x00000258ec8c7800 JavaThread "[projeto-final-aula].http.listener.worker(6)" daemon [_thread_blocked, id=7236, stack(0x000000ec69400000,0x000000ec69500000)]
  0x00000258ec8c1800 JavaThread "[projeto-final-aula].http.listener.worker(5)" daemon [_thread_blocked, id=11104, stack(0x000000ec69300000,0x000000ec69400000)]
  0x00000258ec8c8000 JavaThread "[projeto-final-aula].http.listener.worker(4)" daemon [_thread_blocked, id=9520, stack(0x000000ec69200000,0x000000ec69300000)]
  0x00000258e9b8c800 JavaThread "[projeto-final-aula].http.listener.worker(3)" daemon [_thread_blocked, id=7436, stack(0x000000ec69100000,0x000000ec69200000)]
  0x00000258e9b93800 JavaThread "[projeto-final-aula].http.listener.worker(2)" daemon [_thread_blocked, id=8132, stack(0x000000ec69000000,0x000000ec69100000)]
  0x00000258e9b91000 JavaThread "[projeto-final-aula].http.listener.worker(1)" daemon [_thread_blocked, id=10488, stack(0x000000ec68f00000,0x000000ec69000000)]
  0x00000258e9b90800 JavaThread "[projeto-final-aula].http.listener(5) SelectorRunner" daemon [_thread_in_native, id=3088, stack(0x000000ec68e00000,0x000000ec68f00000)]
  0x00000258e9b8f800 JavaThread "[projeto-final-aula].http.listener(4) SelectorRunner" daemon [_thread_in_native, id=5688, stack(0x000000ec68d00000,0x000000ec68e00000)]
  0x00000258e9188000 JavaThread "[projeto-final-aula].http.listener(3) SelectorRunner" daemon [_thread_in_native, id=7232, stack(0x000000ec68c00000,0x000000ec68d00000)]
  0x00000258e8a51000 JavaThread "[projeto-final-aula].http.listener(2) SelectorRunner" daemon [_thread_in_native, id=9992, stack(0x000000ec68b00000,0x000000ec68c00000)]
  0x00000258eaa47800 JavaThread "[projeto-final-aula].http.listener(1) SelectorRunner" daemon [_thread_in_native, id=2660, stack(0x000000ec68a00000,0x000000ec68b00000)]
  0x00000258e8653000 JavaThread "[projeto-final-aula].Mule.01" [_thread_blocked, id=9584, stack(0x000000ec68900000,0x000000ec68a00000)]
  0x00000258eabbb000 JavaThread "Log4j2-TF-1-AsyncLoggerConfig-3" daemon [_thread_blocked, id=8476, stack(0x000000ec68800000,0x000000ec68900000)]
  0x00000258eab7d000 JavaThread "Log4j2-TF-1-AsyncLoggerConfig-2" daemon [_thread_blocked, id=10732, stack(0x000000ec68700000,0x000000ec68800000)]
  0x00000258eabd5800 JavaThread "pool-3-thread-1" [_thread_in_native, id=4200, stack(0x000000ec68600000,0x000000ec68700000)]
  0x00000258ea968800 JavaThread "Thread-1" [_thread_in_native, id=8996, stack(0x000000ec68500000,0x000000ec68600000)]
  0x00000258e9b54000 JavaThread "MapDB writer #2" daemon [_thread_blocked, id=12996, stack(0x000000ec68300000,0x000000ec68400000)]
  0x00000258e97ea000 JavaThread "MapDB writer #1" daemon [_thread_blocked, id=8172, stack(0x000000ec68200000,0x000000ec68300000)]
  0x00000258e8920000 JavaThread "Log4j2-TF-1-AsyncLoggerConfig-1" daemon [_thread_blocked, id=13300, stack(0x000000ec68100000,0x000000ec68200000)]
  0x00000258e7258800 JavaThread "Service Thread" daemon [_thread_blocked, id=9828, stack(0x000000ec67f00000,0x000000ec68000000)]
  0x00000258e5ea3000 JavaThread "C1 CompilerThread2" daemon [_thread_blocked, id=5220, stack(0x000000ec67e00000,0x000000ec67f00000)]
  0x00000258e5e9a000 JavaThread "C2 CompilerThread1" daemon [_thread_in_native, id=7260, stack(0x000000ec67d00000,0x000000ec67e00000)]
=>0x00000258e5e8d000 JavaThread "C2 CompilerThread0" daemon [_thread_in_native, id=12312, stack(0x000000ec67c00000,0x000000ec67d00000)]
  0x00000258e5e7c800 JavaThread "JDWP Command Reader" daemon [_thread_in_native, id=5244, stack(0x000000ec67b00000,0x000000ec67c00000)]
  0x00000258e5e79800 JavaThread "JDWP Event Helper Thread" daemon [_thread_blocked, id=8480, stack(0x000000ec67a00000,0x000000ec67b00000)]
  0x00000258e5e78000 JavaThread "JDWP Transport Listener: dt_socket" daemon [_thread_blocked, id=4528, stack(0x000000ec67900000,0x000000ec67a00000)]
  0x00000258e5e4d800 JavaThread "Attach Listener" daemon [_thread_blocked, id=10152, stack(0x000000ec67800000,0x000000ec67900000)]
  0x00000258cfa9d000 JavaThread "Signal Dispatcher" daemon [_thread_blocked, id=8076, stack(0x000000ec67700000,0x000000ec67800000)]
  0x00000258cfa90000 JavaThread "Finalizer" daemon [_thread_blocked, id=6000, stack(0x000000ec67600000,0x000000ec67700000)]
  0x00000258e5e32000 JavaThread "Reference Handler" daemon [_thread_blocked, id=3592, stack(0x000000ec67500000,0x000000ec67600000)]
  0x00000258cf9d4000 JavaThread "main" [_thread_in_Java, id=1416, stack(0x000000ec66f00000,0x000000ec67000000)]

Other Threads:
  0x00000258cfa80800 VMThread [stack: 0x000000ec67400000,0x000000ec67500000] [id=1092]
  0x00000258e5ed6000 WatcherThread [stack: 0x000000ec68000000,0x000000ec68100000] [id=3704]

VM state:not at safepoint (normal execution)

VM Mutex/Monitor currently owned by a thread: None

heap address: 0x0000000081400000, size: 2028 MB, Compressed Oops mode: 32-bit
Narrow klass base: 0x0000000000000000, Narrow klass shift: 3
Compressed class space size: 1073741824 Address: 0x0000000100000000

Heap:
 PSYoungGen      total 217088K, used 41880K [0x00000000d5c00000, 0x00000000e6d00000, 0x0000000100000000)
  eden space 201216K, 20% used [0x00000000d5c00000,0x00000000d84e6258,0x00000000e2080000)
  from space 15872K, 0% used [0x00000000e3380000,0x00000000e3380000,0x00000000e4300000)
  to   space 19456K, 0% used [0x00000000e2080000,0x00000000e2080000,0x00000000e3380000)
 ParOldGen       total 123904K, used 39562K [0x0000000081400000, 0x0000000088d00000, 0x00000000d5c00000)
  object space 123904K, 31% used [0x0000000081400000,0x0000000083aa2a98,0x0000000088d00000)
 Metaspace       used 36623K, capacity 36963K, committed 37288K, reserved 1081344K
  class space    used 4705K, capacity 4803K, committed 4864K, reserved 1048576K

Card table byte_map: [0x00000258e0840000,0x00000258e0c40000] byte_map_base: 0x00000258e0436000

Marking Bits: (ParMarkBitMap*) 0x000000005e145f70
 Begin Bits: [0x00000258e0ef0000, 0x00000258e2ea0000)
 End Bits:   [0x00000258e2ea0000, 0x00000258e4e50000)

Polling page: 0x00000258cfb90000

CodeCache: size=245760Kb used=13007Kb max_used=13502Kb free=232752Kb
 bounds [0x00000258d1480000, 0x00000258d21c0000, 0x00000258e0480000]
 total_blobs=3841 nmethods=3341 adapters=420
 compilation: enabled

Compilation events (10 events):
Event: 19.151 Thread 0x00000258e5ea3000 3591       1       java.util.ServiceLoader::access$500 (5 bytes)
Event: 19.151 Thread 0x00000258e5ea3000 nmethod 3591 0x00000258d1635950 code [0x00000258d1635aa0, 0x00000258d1635b98]
Event: 19.160 Thread 0x00000258e5ea3000 3592       3       sun.reflect.generics.parser.SignatureParser::parseZeroOrMoreFormalTypeParameters (19 bytes)
Event: 19.161 Thread 0x00000258e5ea3000 nmethod 3592 0x00000258d168de90 code [0x00000258d168e000, 0x00000258d168e2a0]
Event: 19.161 Thread 0x00000258e5ea3000 3593       3       java.lang.ArrayIndexOutOfBoundsException::<init> (6 bytes)
Event: 19.162 Thread 0x00000258e5ea3000 nmethod 3593 0x00000258d15b7290 code [0x00000258d15b7400, 0x00000258d15b76d0]
Event: 19.173 Thread 0x00000258e5ea3000 3594       3       org.mule.module.launcher.log4j2.DispatchingLogger::isEnabled (11 bytes)
Event: 19.174 Thread 0x00000258e5ea3000 nmethod 3594 0x00000258d174d590 code [0x00000258d174d700, 0x00000258d174d980]
Event: 19.175 Thread 0x00000258e5ea3000 3595       3       java.util.Collections$EmptyMap::entrySet (4 bytes)
Event: 19.175 Thread 0x00000258e5ea3000 nmethod 3595 0x00000258d18a1850 code [0x00000258d18a19c0, 0x00000258d18a1b78]

GC Heap History (10 events):
Event: 11.466 GC heap before
{Heap before GC invocations=8 (full 1):
 PSYoungGen      total 149504K, used 130048K [0x00000000d5c00000, 0x00000000e0a00000, 0x0000000100000000)
  eden space 130048K, 100% used [0x00000000d5c00000,0x00000000ddb00000,0x00000000ddb00000)
  from space 19456K, 0% used [0x00000000df100000,0x00000000df100000,0x00000000e0400000)
  to   space 22528K, 0% used [0x00000000ddb00000,0x00000000ddb00000,0x00000000df100000)
 ParOldGen       total 96768K, used 36041K [0x0000000081400000, 0x0000000087280000, 0x00000000d5c00000)
  object space 96768K, 37% used [0x0000000081400000,0x0000000083732640,0x0000000087280000)
 Metaspace       used 26297K, capacity 26600K, committed 26752K, reserved 1073152K
  class space    used 3323K, capacity 3435K, committed 3456K, reserved 1048576K
Event: 11.497 GC heap after
Heap after GC invocations=8 (full 1):
 PSYoungGen      total 152576K, used 7578K [0x00000000d5c00000, 0x00000000e4880000, 0x0000000100000000)
  eden space 130048K, 0% used [0x00000000d5c00000,0x00000000d5c00000,0x00000000ddb00000)
  from space 22528K, 33% used [0x00000000ddb00000,0x00000000de2668f8,0x00000000df100000)
  to   space 21504K, 0% used [0x00000000e3380000,0x00000000e3380000,0x00000000e4880000)
 ParOldGen       total 96768K, used 36041K [0x0000000081400000, 0x0000000087280000, 0x00000000d5c00000)
  object space 96768K, 37% used [0x0000000081400000,0x0000000083732640,0x0000000087280000)
 Metaspace       used 26297K, capacity 26600K, committed 26752K, reserved 1073152K
  class space    used 3323K, capacity 3435K, committed 3456K, reserved 1048576K
}
Event: 13.507 GC heap before
{Heap before GC invocations=9 (full 1):
 PSYoungGen      total 152576K, used 137626K [0x00000000d5c00000, 0x00000000e4880000, 0x0000000100000000)
  eden space 130048K, 100% used [0x00000000d5c00000,0x00000000ddb00000,0x00000000ddb00000)
  from space 22528K, 33% used [0x00000000ddb00000,0x00000000de2668f8,0x00000000df100000)
  to   space 21504K, 0% used [0x00000000e3380000,0x00000000e3380000,0x00000000e4880000)
 ParOldGen       total 96768K, used 36041K [0x0000000081400000, 0x0000000087280000, 0x00000000d5c00000)
  object space 96768K, 37% used [0x0000000081400000,0x0000000083732640,0x0000000087280000)
 Metaspace       used 29401K, capacity 29692K, committed 29824K, reserved 1075200K
  class space    used 3777K, capacity 3890K, committed 3968K, reserved 1048576K
Event: 13.530 GC heap after
Heap after GC invocations=9 (full 1):
 PSYoungGen      total 209408K, used 5427K [0x00000000d5c00000, 0x00000000e4300000, 0x0000000100000000)
  eden space 193536K, 0% used [0x00000000d5c00000,0x00000000d5c00000,0x00000000e1900000)
  from space 15872K, 34% used [0x00000000e3380000,0x00000000e38ccc48,0x00000000e4300000)
  to   space 21504K, 0% used [0x00000000e1900000,0x00000000e1900000,0x00000000e2e00000)
 ParOldGen       total 96768K, used 36049K [0x0000000081400000, 0x0000000087280000, 0x00000000d5c00000)
  object space 96768K, 37% used [0x0000000081400000,0x0000000083734640,0x0000000087280000)
 Metaspace       used 29401K, capacity 29692K, committed 29824K, reserved 1075200K
  class space    used 3777K, capacity 3890K, committed 3968K, reserved 1048576K
}
Event: 17.622 GC heap before
{Heap before GC invocations=10 (full 1):
 PSYoungGen      total 209408K, used 198963K [0x00000000d5c00000, 0x00000000e4300000, 0x0000000100000000)
  eden space 193536K, 100% used [0x00000000d5c00000,0x00000000e1900000,0x00000000e1900000)
  from space 15872K, 34% used [0x00000000e3380000,0x00000000e38ccc48,0x00000000e4300000)
  to   space 21504K, 0% used [0x00000000e1900000,0x00000000e1900000,0x00000000e2e00000)
 ParOldGen       total 96768K, used 36049K [0x0000000081400000, 0x0000000087280000, 0x00000000d5c00000)
  object space 96768K, 37% used [0x0000000081400000,0x0000000083734640,0x0000000087280000)
 Metaspace       used 34079K, capacity 34473K, committed 34688K, reserved 1079296K
  class space    used 4357K, capacity 4446K, committed 4480K, reserved 1048576K
Event: 17.637 GC heap after
Heap after GC invocations=10 (full 1):
 PSYoungGen      total 215040K, used 9533K [0x00000000d5c00000, 0x00000000e4300000, 0x0000000100000000)
  eden space 193536K, 0% used [0x00000000d5c00000,0x00000000d5c00000,0x00000000e1900000)
  from space 21504K, 44% used [0x00000000e1900000,0x00000000e224f7d0,0x00000000e2e00000)
  to   space 15872K, 0% used [0x00000000e3380000,0x00000000e3380000,0x00000000e4300000)
 ParOldGen       total 96768K, used 36057K [0x0000000081400000, 0x0000000087280000, 0x00000000d5c00000)
  object space 96768K, 37% used [0x0000000081400000,0x0000000083736640,0x0000000087280000)
 Metaspace       used 34079K, capacity 34473K, committed 34688K, reserved 1079296K
  class space    used 4357K, capacity 4446K, committed 4480K, reserved 1048576K
}
Event: 18.598 GC heap before
{Heap before GC invocations=11 (full 1):
 PSYoungGen      total 215040K, used 97302K [0x00000000d5c00000, 0x00000000e4300000, 0x0000000100000000)
  eden space 193536K, 45% used [0x00000000d5c00000,0x00000000db1b6118,0x00000000e1900000)
  from space 21504K, 44% used [0x00000000e1900000,0x00000000e224f7d0,0x00000000e2e00000)
  to   space 15872K, 0% used [0x00000000e3380000,0x00000000e3380000,0x00000000e4300000)
 ParOldGen       total 96768K, used 36057K [0x0000000081400000, 0x0000000087280000, 0x00000000d5c00000)
  object space 96768K, 37% used [0x0000000081400000,0x0000000083736640,0x0000000087280000)
 Metaspace       used 35068K, capacity 35349K, committed 35496K, reserved 1081344K
  class space    used 4497K, capacity 4608K, committed 4608K, reserved 1048576K
Event: 18.613 GC heap after
Heap after GC invocations=11 (full 1):
 PSYoungGen      total 217088K, used 8429K [0x00000000d5c00000, 0x00000000e6d00000, 0x0000000100000000)
  eden space 201216K, 0% used [0x00000000d5c00000,0x00000000d5c00000,0x00000000e2080000)
  from space 15872K, 53% used [0x00000000e3380000,0x00000000e3bbb768,0x00000000e4300000)
  to   space 19456K, 0% used [0x00000000e2080000,0x00000000e2080000,0x00000000e3380000)
 ParOldGen       total 96768K, used 36065K [0x0000000081400000, 0x0000000087280000, 0x00000000d5c00000)
  object space 96768K, 37% used [0x0000000081400000,0x0000000083738640,0x0000000087280000)
 Metaspace       used 35068K, capacity 35349K, committed 35496K, reserved 1081344K
  class space    used 4497K, capacity 4608K, committed 4608K, reserved 1048576K
}
Event: 18.613 GC heap before
{Heap before GC invocations=12 (full 2):
 PSYoungGen      total 217088K, used 8429K [0x00000000d5c00000, 0x00000000e6d00000, 0x0000000100000000)
  eden space 201216K, 0% used [0x00000000d5c00000,0x00000000d5c00000,0x00000000e2080000)
  from space 15872K, 53% used [0x00000000e3380000,0x00000000e3bbb768,0x00000000e4300000)
  to   space 19456K, 0% used [0x00000000e2080000,0x00000000e2080000,0x00000000e3380000)
 ParOldGen       total 96768K, used 36065K [0x0000000081400000, 0x0000000087280000, 0x00000000d5c00000)
  object space 96768K, 37% used [0x0000000081400000,0x0000000083738640,0x0000000087280000)
 Metaspace       used 35068K, capacity 35349K, committed 35496K, reserved 1081344K
  class space    used 4497K, capacity 4608K, committed 4608K, reserved 1048576K
Event: 18.808 GC heap after
Heap after GC invocations=12 (full 2):
 PSYoungGen      total 217088K, used 0K [0x00000000d5c00000, 0x00000000e6d00000, 0x0000000100000000)
  eden space 201216K, 0% used [0x00000000d5c00000,0x00000000d5c00000,0x00000000e2080000)
  from space 15872K, 0% used [0x00000000e3380000,0x00000000e3380000,0x00000000e4300000)
  to   space 19456K, 0% used [0x00000000e2080000,0x00000000e2080000,0x00000000e3380000)
 ParOldGen       total 123904K, used 39562K [0x0000000081400000, 0x0000000088d00000, 0x00000000d5c00000)
  object space 123904K, 31% used [0x0000000081400000,0x0000000083aa2a98,0x0000000088d00000)
 Metaspace       used 35068K, capacity 35349K, committed 35496K, reserved 1081344K
  class space    used 4497K, capacity 4608K, committed 4608K, reserved 1048576K
}

Deoptimization events (10 events):
Event: 19.165 Thread 0x00000258cf9d4000 Uncommon trap: reason=unhandled action=none pc=0x00000258d1ca4b94 method=java.net.URLClassLoader.findClass(Ljava/lang/String;)Ljava/lang/Class; @ 44
Event: 19.166 Thread 0x00000258cf9d4000 Uncommon trap: reason=range_check action=none pc=0x00000258d17adc9c method=sun.reflect.generics.parser.SignatureParser.current()C @ 34
Event: 19.166 Thread 0x00000258cf9d4000 Uncommon trap: reason=range_check action=none pc=0x00000258d17adc9c method=sun.reflect.generics.parser.SignatureParser.current()C @ 34
Event: 19.166 Thread 0x00000258cf9d4000 Uncommon trap: reason=range_check action=none pc=0x00000258d17adc9c method=sun.reflect.generics.parser.SignatureParser.current()C @ 34
Event: 19.166 Thread 0x00000258cf9d4000 Uncommon trap: reason=unhandled action=none pc=0x00000258d1a5dc4c method=java.net.URLClassLoader.findClass(Ljava/lang/String;)Ljava/lang/Class; @ 44
Event: 19.170 Thread 0x00000258cf9d4000 Uncommon trap: reason=unhandled action=none pc=0x00000258d1ca4b94 method=java.net.URLClassLoader.findClass(Ljava/lang/String;)Ljava/lang/Class; @ 44
Event: 19.171 Thread 0x00000258cf9d4000 Uncommon trap: reason=unhandled action=none pc=0x00000258d1a5dc4c method=java.net.URLClassLoader.findClass(Ljava/lang/String;)Ljava/lang/Class; @ 44
Event: 19.172 Thread 0x00000258cf9d4000 Uncommon trap: reason=unhandled action=none pc=0x00000258d1ca4b94 method=java.net.URLClassLoader.findClass(Ljava/lang/String;)Ljava/lang/Class; @ 44
Event: 19.172 Thread 0x00000258cf9d4000 Uncommon trap: reason=unhandled action=none pc=0x00000258d1ca4b94 method=java.net.URLClassLoader.findClass(Ljava/lang/String;)Ljava/lang/Class; @ 44
Event: 19.172 Thread 0x00000258cf9d4000 Uncommon trap: reason=unhandled action=none pc=0x00000258d1ca4b94 method=java.net.URLClassLoader.findClass(Ljava/lang/String;)Ljava/lang/Class; @ 44

Classes redefined (0 events):
No events

Internal exceptions (10 events):
Event: 19.162 Thread 0x00000258cf9d4000 Exception <a 'java/lang/ArrayIndexOutOfBoundsException': 40> (0x00000000d7f3a620) thrown at [C:\cygwin64\tmp\openjdk-jdk8u-windows-x64-hotspot\workspace\build\src\hotspot\src\share\vm\interpreter\interpreterRuntime.cpp, line 368]
Event: 19.163 Thread 0x00000258cf9d4000 Exception <a 'java/lang/ArrayIndexOutOfBoundsException': 169> (0x00000000d7f3d288) thrown at [C:\cygwin64\tmp\openjdk-jdk8u-windows-x64-hotspot\workspace\build\src\hotspot\src\share\vm\interpreter\interpreterRuntime.cpp, line 368]
Event: 19.163 Thread 0x00000258cf9d4000 Exception <a 'java/lang/ArrayIndexOutOfBoundsException': 137> (0x00000000d7f40ae0) thrown at [C:\cygwin64\tmp\openjdk-jdk8u-windows-x64-hotspot\workspace\build\src\hotspot\src\share\vm\interpreter\interpreterRuntime.cpp, line 368]
Event: 19.163 Thread 0x00000258cf9d4000 Exception <a 'java/lang/ArrayIndexOutOfBoundsException': 120> (0x00000000d7f43ac0) thrown at [C:\cygwin64\tmp\openjdk-jdk8u-windows-x64-hotspot\workspace\build\src\hotspot\src\share\vm\interpreter\interpreterRuntime.cpp, line 368]
Event: 19.163 Thread 0x00000258cf9d4000 Exception <a 'java/lang/ArrayIndexOutOfBoundsException': 88> (0x00000000d7f46710) thrown at [C:\cygwin64\tmp\openjdk-jdk8u-windows-x64-hotspot\workspace\build\src\hotspot\src\share\vm\interpreter\interpreterRuntime.cpp, line 368]
Event: 19.165 Thread 0x00000258cf9d4000 Exception <a 'java/lang/ClassNotFoundException': java/util/concurrent/ThreadPoolExecutorCustomizer> (0x00000000d7f789b8) thrown at [C:\cygwin64\tmp\openjdk-jdk8u-windows-x64-hotspot\workspace\build\src\hotspot\src\share\vm\classfile\systemDictionary.cpp, 
Event: 19.166 Thread 0x00000258cf9d4000 Exception <a 'java/lang/ArrayIndexOutOfBoundsException': 60> (0x00000000d7f7d830) thrown at [C:\cygwin64\tmp\openjdk-jdk8u-windows-x64-hotspot\workspace\build\src\hotspot\src\share\vm\interpreter\interpreterRuntime.cpp, line 368]
Event: 19.166 Thread 0x00000258cf9d4000 Exception <a 'java/lang/ArrayIndexOutOfBoundsException': 62> (0x00000000d7f7ede0) thrown at [C:\cygwin64\tmp\openjdk-jdk8u-windows-x64-hotspot\workspace\build\src\hotspot\src\share\vm\interpreter\interpreterRuntime.cpp, line 368]
Event: 19.166 Thread 0x00000258cf9d4000 Exception <a 'java/lang/ArrayIndexOutOfBoundsException': 40> (0x00000000d7f879f8) thrown at [C:\cygwin64\tmp\openjdk-jdk8u-windows-x64-hotspot\workspace\build\src\hotspot\src\share\vm\interpreter\interpreterRuntime.cpp, line 368]
Event: 19.173 Thread 0x00000258cf9d4000 Exception <a 'java/lang/ClassNotFoundException': com/mulesoft/mule/config/pool/MonitoredThreadPoolExecutorCustomizer> (0x00000000d8008b10) thrown at [C:\cygwin64\tmp\openjdk-jdk8u-windows-x64-hotspot\workspace\build\src\hotspot\src\share\vm\classfile\syst

Events (10 events):
Event: 19.179 Thread 0x00000258e8920000 DEOPT UNPACKING pc=0x00000258d14c75d8 sp=0x000000ec681fedf8 mode 1
Event: 19.179 Thread 0x00000258eab7d000 DEOPT UNPACKING pc=0x00000258d14c75d8 sp=0x000000ec687ff078 mode 1
Event: 19.179 Thread 0x00000258eab7d000 DEOPT PACKING pc=0x00000258d19c12c4 sp=0x000000ec687ff3e0
Event: 19.179 Thread 0x00000258e8920000 DEOPT PACKING pc=0x00000258d19c12c4 sp=0x000000ec681ff160
Event: 19.179 Thread 0x00000258eab7d000 DEOPT UNPACKING pc=0x00000258d14c75d8 sp=0x000000ec687ff140 mode 1
Event: 19.179 Thread 0x00000258e8920000 DEOPT UNPACKING pc=0x00000258d14c75d8 sp=0x000000ec681feec0 mode 1
Event: 19.182 Thread 0x00000258eabbb000 DEOPT PACKING pc=0x00000258d19c0087 sp=0x000000ec688fefe0
Event: 19.182 Thread 0x00000258eabbb000 DEOPT UNPACKING pc=0x00000258d14c75d8 sp=0x000000ec688fed48 mode 1
Event: 19.182 Thread 0x00000258eabbb000 DEOPT PACKING pc=0x00000258d19c12c4 sp=0x000000ec688ff0b0
Event: 19.182 Thread 0x00000258eabbb000 DEOPT UNPACKING pc=0x00000258d14c75d8 sp=0x000000ec688fee10 mode 1


Dynamic libraries:
0x00007ff6dffd0000 - 0x00007ff6e000a000 	C:\Program Files\AdoptOpenJDK\jdk-8.0.232.09-hotspot\bin\javaw.exe
0x00007ff997d60000 - 0x00007ff997f4d000 	C:\WINDOWS\SYSTEM32\ntdll.dll
0x00007ff9975e0000 - 0x00007ff997693000 	C:\WINDOWS\System32\KERNEL32.DLL
0x00007ff994c90000 - 0x00007ff994f23000 	C:\WINDOWS\System32\KERNELBASE.dll
0x00007ff9971d0000 - 0x00007ff997273000 	C:\WINDOWS\System32\ADVAPI32.dll
0x00007ff997c30000 - 0x00007ff997cce000 	C:\WINDOWS\System32\msvcrt.dll
0x00007ff997740000 - 0x00007ff9977de000 	C:\WINDOWS\System32\sechost.dll
0x00007ff9970a0000 - 0x00007ff9971c2000 	C:\WINDOWS\System32\RPCRT4.dll
0x00007ff997940000 - 0x00007ff997ad7000 	C:\WINDOWS\System32\USER32.dll
0x00007ff994f60000 - 0x00007ff994f80000 	C:\WINDOWS\System32\win32u.dll
0x00007ff997390000 - 0x00007ff9973b9000 	C:\WINDOWS\System32\GDI32.dll
0x00007ff993ec0000 - 0x00007ff994059000 	C:\WINDOWS\System32\gdi32full.dll
0x00007ff993e20000 - 0x00007ff993ec0000 	C:\WINDOWS\System32\msvcp_win.dll
0x00007ff994aa0000 - 0x00007ff994b9a000 	C:\WINDOWS\System32\ucrtbase.dll
0x00007ff986240000 - 0x00007ff9864b9000 	C:\WINDOWS\WinSxS\amd64_microsoft.windows.common-controls_6595b64144ccf1df_6.0.17763.864_none_05b3441807210760\COMCTL32.dll
0x00007ff994f90000 - 0x00007ff9952bc000 	C:\WINDOWS\System32\combase.dll
0x00007ff994ba0000 - 0x00007ff994c1e000 	C:\WINDOWS\System32\bcryptPrimitives.dll
0x00007ff996940000 - 0x00007ff99696e000 	C:\WINDOWS\System32\IMM32.DLL
0x00007ff9702c0000 - 0x00007ff9703af000 	C:\Program Files\AdoptOpenJDK\jdk-8.0.232.09-hotspot\jre\bin\msvcr120.dll
0x00007ff971140000 - 0x00007ff9711e6000 	C:\Program Files\AdoptOpenJDK\jdk-8.0.232.09-hotspot\jre\bin\msvcp120.dll
0x000000005d9c0000 - 0x000000005e1bf000 	C:\Program Files\AdoptOpenJDK\jdk-8.0.232.09-hotspot\jre\bin\server\jvm.dll
0x00007ff997ae0000 - 0x00007ff997ae8000 	C:\WINDOWS\System32\PSAPI.DLL
0x00007ff991c00000 - 0x00007ff991c24000 	C:\WINDOWS\SYSTEM32\WINMM.dll
0x00007ff992860000 - 0x00007ff992869000 	C:\WINDOWS\SYSTEM32\WSOCK32.dll
0x00007ff9973c0000 - 0x00007ff99742d000 	C:\WINDOWS\System32\WS2_32.dll
0x00007ff988ff0000 - 0x00007ff988ffa000 	C:\WINDOWS\SYSTEM32\VERSION.dll
0x00007ff991bd0000 - 0x00007ff991bfd000 	C:\WINDOWS\SYSTEM32\winmmbase.dll
0x00007ff994c20000 - 0x00007ff994c6a000 	C:\WINDOWS\System32\cfgmgr32.dll
0x00007ff98ff00000 - 0x00007ff98ff0f000 	C:\Program Files\AdoptOpenJDK\jdk-8.0.232.09-hotspot\jre\bin\verify.dll
0x00007ff98a920000 - 0x00007ff98a948000 	C:\Program Files\AdoptOpenJDK\jdk-8.0.232.09-hotspot\jre\bin\java.dll
0x00007ff964170000 - 0x00007ff9641a5000 	C:\Program Files\AdoptOpenJDK\jdk-8.0.232.09-hotspot\jre\bin\jdwp.dll
0x00007ff98f020000 - 0x00007ff98f028000 	C:\Program Files\AdoptOpenJDK\jdk-8.0.232.09-hotspot\jre\bin\npt.dll
0x00007ff98c4f0000 - 0x00007ff98c506000 	C:\Program Files\AdoptOpenJDK\jdk-8.0.232.09-hotspot\jre\bin\zip.dll
0x00007ff995440000 - 0x00007ff996934000 	C:\WINDOWS\System32\SHELL32.dll
0x00007ff997280000 - 0x00007ff997328000 	C:\WINDOWS\System32\shcore.dll
0x00007ff994240000 - 0x00007ff99498d000 	C:\WINDOWS\System32\windows.storage.dll
0x00007ff993d70000 - 0x00007ff993d94000 	C:\WINDOWS\System32\profapi.dll
0x00007ff993da0000 - 0x00007ff993dfd000 	C:\WINDOWS\System32\powrprof.dll
0x00007ff997af0000 - 0x00007ff997b42000 	C:\WINDOWS\System32\shlwapi.dll
0x00007ff993d50000 - 0x00007ff993d61000 	C:\WINDOWS\System32\kernel.appcore.dll
0x00007ff994c70000 - 0x00007ff994c87000 	C:\WINDOWS\System32\cryptsp.dll
0x00007ff98e8b0000 - 0x00007ff98e8b9000 	C:\Program Files\AdoptOpenJDK\jdk-8.0.232.09-hotspot\jre\bin\dt_socket.dll
0x00007ff96f870000 - 0x00007ff96f886000 	C:\WINDOWS\system32\napinsp.dll
0x00007ff96f890000 - 0x00007ff96f8aa000 	C:\WINDOWS\system32\pnrpnsp.dll
0x00007ff98fce0000 - 0x00007ff98fcfb000 	C:\WINDOWS\system32\NLAapi.dll
0x00007ff993240000 - 0x00007ff99327d000 	C:\WINDOWS\SYSTEM32\IPHLPAPI.DLL
0x00007ff993510000 - 0x00007ff993577000 	C:\WINDOWS\System32\mswsock.dll
0x00007ff993280000 - 0x00007ff993346000 	C:\WINDOWS\SYSTEM32\DNSAPI.dll
0x00007ff994f80000 - 0x00007ff994f88000 	C:\WINDOWS\System32\NSI.dll
0x00007ff96f9f0000 - 0x00007ff96f9fe000 	C:\WINDOWS\System32\winrnr.dll
0x00007ff98bf50000 - 0x00007ff98bf65000 	C:\WINDOWS\system32\wshbth.dll
0x00007ff98f3e0000 - 0x00007ff98f459000 	C:\WINDOWS\System32\fwpuclnt.dll
0x00007ff994f30000 - 0x00007ff994f56000 	C:\WINDOWS\System32\bcrypt.dll
0x00007ff98d7a0000 - 0x00007ff98d7aa000 	C:\Windows\System32\rasadhlp.dll
0x00007ff98f090000 - 0x00007ff98f09d000 	C:\Program Files\AdoptOpenJDK\jdk-8.0.232.09-hotspot\jre\bin\management.dll
0x00007ff9930a0000 - 0x00007ff9930d3000 	C:\WINDOWS\system32\rsaenh.dll
0x00007ff993c80000 - 0x00007ff993ca8000 	C:\WINDOWS\SYSTEM32\USERENV.dll
0x00007ff993690000 - 0x00007ff99369c000 	C:\WINDOWS\SYSTEM32\CRYPTBASE.dll
0x00007ff98a810000 - 0x00007ff98a82a000 	C:\Program Files\AdoptOpenJDK\jdk-8.0.232.09-hotspot\jre\bin\net.dll
0x00007ff98f0e0000 - 0x00007ff98f0f6000 	C:\WINDOWS\SYSTEM32\dhcpcsvc6.DLL
0x00007ff98ee20000 - 0x00007ff98ee3c000 	C:\WINDOWS\SYSTEM32\dhcpcsvc.DLL
0x00007ff98a130000 - 0x00007ff98a142000 	C:\Program Files\AdoptOpenJDK\jdk-8.0.232.09-hotspot\jre\bin\nio.dll
0x00007ff985080000 - 0x00007ff98508a000 	C:\Users\gabrielm\AppData\Local\Temp\jansi-64-8954993242935149650.dll

VM Arguments:
jvm_args: -agentlib:jdwp=transport=dt_socket,suspend=y,address=localhost:51110 -XX:PermSize=128M -XX:MaxPermSize=256M -Dmule.home=C:\Users\gabrielm\Documents\AnypointStudio\workspace\.mule -Djava.endorsed.dirs=C:\Users\gabrielm\Downloads\AnypointStudio\plugins\org.mule.tooling.server.3.9.3.ee_6.6.0.201908221657\mule\lib\endorsed -Djava.net.preferIPv4Stack=TRUE -Dmvel2.disable.jit=TRUE -Dosgi.dev=true -Dmule.verbose.exceptions=true -Dmule.plugins.dir=C:\Users\gabrielm\Downloads\AnypointStudio\plugins\org.mule.tooling.server.3.9.3.ee_6.6.0.201908221657\mule\plugins -Dmule.agent.enabled=false -Dmule.forceConsoleLog -Dlog4j.debug=true -Danypoint.platform.gatekeeper=false -Dosgi.instance.area=file:\C:\Users\gabrielm\Documents\AnypointStudio\workspace -Dmule.debug.enable=true -Dmule.timeout.disable=false -Dmule.debug.port=6666 -Dmule.debug.suspend=false -Dfile.encoding=UTF-8 
java_command: org.mule.tooling.server.application.ApplicationDeployer
java_class_path (initial): C:\Users\gabrielm\Downloads\AnypointStudio\plugins\org.mule.tooling.server.3.9.3.ee_6.6.0.201908221657\mule\tooling\tooling-support-3.9.3.jar;C:\Users\gabrielm\Downloads\AnypointStudio\plugins\org.mule.tooling.server.3.9.3.ee_6.6.0.201908221657\mule\lib\boot\commons-cli-1.2.jar;C:\Users\gabrielm\Downloads\AnypointStudio\plugins\org.mule.tooling.server.3.9.3.ee_6.6.0.201908221657\mule\lib\boot\commons-codec-1.9.jar;C:\Users\gabrielm\Downloads\AnypointStudio\plugins\org.mule.tooling.server.3.9.3.ee_6.6.0.201908221657\mule\lib\boot\disruptor-3.3.0.jar;C:\Users\gabrielm\Downloads\AnypointStudio\plugins\org.mule.tooling.server.3.9.3.ee_6.6.0.201908221657\mule\lib\boot\jackson-annotations-2.9.0.jar;C:\Users\gabrielm\Downloads\AnypointStudio\plugins\org.mule.tooling.server.3.9.3.ee_6.6.0.201908221657\mule\lib\boot\jackson-core-2.9.8.jar;C:\Users\gabrielm\Downloads\AnypointStudio\plugins\org.mule.tooling.server.3.9.3.ee_6.6.0.201908221657\mule\lib\boot\jackson-databind-2.9.8.jar;C:\Users\gabrielm\Downloads\AnypointStudio\plugins\org.mule.tooling.server.3.9.3.ee_6.6.0.201908221657\mule\lib\boot\jcl-over-slf4j-1.7.24.jar;C:\Users\gabrielm\Downloads\AnypointStudio\plugins\org.mule.tooling.server.3.9.3.ee_6.6.0.201908221657\mule\lib\boot\license-utils-gw-3.9.3.jar;C:\Users\gabrielm\Downloads\AnypointStudio\plugins\org.mule.tooling.server.3.9.3.ee_6.6.0.201908221657\mule\lib\boot\licm-studio-1.1.4.jar;C:\Users\gabrielm\Downloads\AnypointStudio\plugins\org.mule.tooling.server.3.9.3.ee_6.6.0.201908221657\mule\lib\boot\log4j-1.2-api-2.8.2.jar;C:\Users\gabrielm\Downloads\AnypointStudio\plugins\org.mule.tooling.server.3.9.3.ee_6.6.0.201908221657\mule\lib\boot\log4j-api-2.8.2.jar;C:\Users\gabrielm\Downloads\AnypointStudio\plugins\org.mule.tooling.server.3.9.3.ee_6.6.0.201908221657\mule\lib\boot\log4j-core-2.8.2.jar;C:\Users\gabrielm\Downloads\AnypointStudio\plugins\org.mule.tooling.server.3.9.3.ee_6.6.0.201908221657\mule\lib\boot\log4j-jcl-2.8.2.jar;C:\Use
Launcher Type: SUN_STANDARD

Environment Variables:
JAVA_HOME=C:\Program Files\AdoptOpenJDK\jdk-8.0.232.09-hotspot\
PATH=C:\Program Files\AdoptOpenJDK\jdk-8.0.232.09-hotspot\jre\bin;C:/Program Files/AdoptOpenJDK/jdk-8.0.232.09-hotspot/bin/../jre/bin/server;C:/Program Files/AdoptOpenJDK/jdk-8.0.232.09-hotspot/bin/../jre/bin;C:/Program Files/AdoptOpenJDK/jdk-8.0.232.09-hotspot/bin/../jre/lib/amd64;C:\ProgramData\DockerDesktop\version-bin;C:\Program Files\Docker\Docker\Resources\bin;C:\Program Files\AdoptOpenJDK\jdk-8.0.232.09-hotspot\bin;C:\Program Files (x86)\Common Files\Oracle\Java\javapath;C:\WINDOWS\system32;C:\WINDOWS;C:\WINDOWS\System32\Wbem;C:\WINDOWS\System32\WindowsPowerShell\v1.0\;C:\WINDOWS\System32\OpenSSH\;C:\Program Files\Git\cmd;C:\Program Files\TortoiseHg\;C:\Program Files\dotnet\;C:\Program Files\Microsoft SQL Server\130\Tools\Binn\;C:\Program Files\Microsoft SQL Server\Client SDK\ODBC\170\Tools\Binn\;C:\Program Files\Microsoft VS Code\bin;C:\Program Files (x86)\Microsoft SQL Server\150\DTS\Binn\;C:\Program Files (x86)\Microsoft SQL Server\140\Tools\Binn\;C:\Program Files\Microsoft SQL Server\140\Tools\Binn\;C:\Program Files (x86)\Microsoft SQL Server\140\DTS\Binn\;C:\Program Files\Microsoft SQL Server\140\DTS\Binn\;C:\Program Files\Microsoft SQL Server\Client SDK\ODBC\130\Tools\Binn\;C:\Program Files\Microsoft\Web Platform Installer\;C:\Users\gabrielm\AppData\Local\Microsoft\WindowsApps;C:\Users\gabrielm\.dotnet\tools;C:\WINDOWS\system32;
USERNAME=gabrielm
OS=Windows_NT
PROCESSOR_IDENTIFIER=Intel64 Family 6 Model 61 Stepping 4, GenuineIntel



---------------  S Y S T E M  ---------------

OS: Windows 10.0 , 64 bit Build 17763 (10.0.17763.475)

CPU:total 4 (initial active 4) (2 cores per cpu, 2 threads per core) family 6 model 61 stepping 4, cmov, cx8, fxsr, mmx, sse, sse2, sse3, ssse3, sse4.1, sse4.2, popcnt, avx, avx2, aes, clmul, erms, 3dnowpref, lzcnt, ht, tsc, tscinvbit, bmi1, bmi2, adx

Memory: 4k page, physical 8301904k(739900k free), swap 10399056k(5892k free)

vm_info: OpenJDK 64-Bit Server VM (25.232-b09) for windows-amd64 JRE (1.8.0_232-b09), built on Oct 18 2019 15:06:13 by "jenkins" with MS VC++ 12.0 (VS2013)

time: Thu Dec 05 18:57:22 2019
timezone: E. South America Standard Time
elapsed time: 19 seconds (0d 0h 0m 19s)

